0.2 7536.0
1.0 8240.0
1.0 8000.0
1.0 7200.0
1.0333 7904.0
1.0 7600.0
1.0 7920.0
1.0 7968.0
1.0333 7664.0
0.9667 8240.0
1.0 7840.0
1.0333 7656.0
1.0 8080.0
1.0 7920.0
1.0 7752.0
1.0 7832.0
1.0 7944.0
1.0 7768.0
1.0 7960.0
1.0 7824.0
1.0 7864.0
1.0 7968.0
1.0 8000.0
1.0 8320.0
1.0 6928.0
1.0 8080.0
1.0 7784.0
1.0333 8000.0
1.0 8240.0
1.0 7200.0
0.9667 7920.0
1.0 7848.0
1.0333 7592.0
1.0 8240.0
1.0 7840.0
1.0 7680.0
1.9667 7976.0
1.0 7680.0
1.0333 7920.0
1.0 8000.0
1.0 7704.0
1.0 7936.0
0.9667 7920.0
1.0333 7352.0
1.0 7920.0
1.0 8000.0
1.0 7680.0
1.0333 8000.0
1.0 7976.0
1.0 7552.0
1.9667 7920.0
1.0 7416.0
1.0 6496.0
1.0333 6272.0
1.0 6480.0
0.9667 5840.0
1.0 6512.0
1.0333 6568.0
1.0 6096.0
0.9667 6944.0
1.0 6864.0
1.0333 6440.0
2.0 7304.0
1.0 6728.0
1.0 7408.0
0.9667 7984.0
1.0 6744.0
1.0333 7560.0
1.0 7920.0
1.0 7136.0
1.0 7920.0
1.0 7944.0
1.0 7528.0
1.0 7920.0
1.0 8400.0
1.0 7072.0
1.0333 7920.0
0.9667 8160.0
1.0333 7072.0
0.9667 8000.0
1.0 8400.0
1.0 7272.0
1.0 8800.0
1.0333 8560.0
1.0 5952.0
0.9667 7920.0
1.0333 8080.0
1.0 7792.0
1.0 7856.0
1.0 8160.0
1.0 7512.0
1.0 7992.0
0.9667 7360.0
1.0 6696.0
1.0333 6000.0
1.0 6360.0
1.0 5888.0
1.0 6376.0
1.0 6856.0
1.0 6072.0
1.0 6976.0
1.0 6888.0
1.0 6112.0
1.0 7272.0
1.0333 7416.0
0.9667 6480.0
1.0 7320.0
1.0 6256.0
1.0 5032.0
1.0333 5840.0
1.0 5824.0
1.0 5480.0
0.9667 6152.0
1.0 5472.0
1.0333 6456.0
0.9667 6280.0
1.0 6568.0
1.0333 6488.0
1.0 5976.0
0.9667 6712.0
1.0 6760.0
1.0333 7400.0
1.0 6432.0
1.0 7008.0
1.0 7000.0
1.0333 6712.0
0.9667 6744.0
1.0 7496.0
0.9667 7624.0
1.0333 7240.0
1.0 7824.0
1.0 7984.0
1.0 7560.0
1.0 7872.0
1.0333 8160.0
0.9667 7520.0
1.0 7920.0
1.0 7856.0
1.0333 7480.0
1.0 7840.0
0.9667 8160.0
1.0 7400.0
1.0 7920.0
1.0 8000.0
1.0333 7328.0
1.0 7840.0
0.9667 8400.0
1.0 7272.0
1.0 8000.0
1.0333 8320.0
1.0 7192.0
1.0 7920.0
1.0 8160.0
1.0 7304.0
0.9667 8560.0
1.0 8720.0
1.0333 6176.0
1.0 8000.0
1.0 6440.0
1.0 5640.0
1.0333 6208.0
0.9667 6440.0
1.0 6072.0
1.0 6712.0
1.0 6480.0
1.0 6264.0
1.0 7272.0
1.0333 6936.0
0.9667 6280.0
1.0 6896.0
1.0 7336.0
1.0 6760.0
1.0333 7584.0
1.0 7520.0
1.0 6904.0
1.0 7632.0
1.0 7672.0
0.9667 7456.0
1.0333 7816.0
1.0 8240.0
0.9667 7568.0
1.0 7336.0
1.0 7208.0
1.0 7824.0
1.0 7520.0
1.0333 7944.0
1.0 6960.0
1.0 8000.0
1.0 6464.0
1.0 5056.0
1.0 6312.0
1.0 5800.0
1.0 6424.0
1.0 6432.0
1.0 6016.0
1.0 6912.0
1.0333 7040.0
1.0 6256.0
1.0 7368.0
1.0 5840.0
1.0 4632.0
1.0 5728.0
1.0 6192.0
1.0 5048.0
1.0 5768.0
1.0 6296.0
1.0 5256.0
1.0 5752.0
1.0 6344.0
1.0 5320.0
1.0 6440.0
1.0 6688.0
1.0 5680.0
1.0 6720.0
1.0 5656.0
1.0 7216.0
1.0 6968.0
1.0 7016.0
1.0 6760.0
1.0333 6880.0
1.0 7120.0
1.0 6864.0
1.0 7256.0
1.0 7448.0
1.0 6464.0
1.0 7896.0
1.0 7104.0
1.0 6352.0
1.0 6048.0
1.0 4608.0
1.0 4296.0
0.9667 4552.0
1.0 4592.0
1.0 4816.0
1.0333 4976.0
1.0 4704.0
2.0 5296.0
1.0 4904.0
1.0 5376.0
1.0 5624.0
1.0333 5464.0
1.0 5560.0
0.9667 5832.0
1.0 5560.0
1.0 6072.0
1.0 6216.0
1.0 5672.0
1.0 6712.0
1.0 6488.0
1.0 6264.0
1.0 5992.0
1.0 6608.0
1.0 5920.0
1.0 7200.0
1.0 7472.0
1.0 6352.0
1.0333 5944.0
1.0 6616.0
1.0 6864.0
1.0 6016.0
1.0 4976.0
1.0 5392.0
1.0 6280.0
1.0333 6056.0
1.0 5320.0
1.0 5208.0
1.0 6200.0
1.0 5696.0
1.0 6160.0
1.0 6672.0
1.0 6128.0
0.9667 6872.0
1.0333 7016.0
0.9667 5928.0
1.0333 6520.0
1.0 6920.0
1.0 6496.0
1.0 7200.0
1.0 7712.0
1.0333 6544.0
0.9667 7000.0
1.0 7576.0
1.0 7168.0
1.0 7480.0
1.0 7552.0
1.0 7488.0
1.0 8160.0
1.0333 8000.0
0.9667 7192.0
1.0333 6912.0
1.0 6304.0
0.9667 4536.0
1.0 4616.0
1.0 4952.0
1.0 4688.0
1.0333 4800.0
0.2667 5032.0
