0.433 4616.0
1.05 4952.0
1.2833 4880.0
1.1 4960.0
0.5683 4856.0
0.9833 5920.0
1.0333 5256.0
1.0667 4904.0
1.0 5728.0
1.0 5440.0
0.95 5424.0
1.0 6680.0
0.9183 5576.0
1.0833 6040.0
1.0 6832.0
1.0 5680.0
1.0 6016.0
1.0 7176.0
1.0 5872.0
1.0 6312.0
1.0683 5264.0
0.9 5048.0
0.9667 5272.0
1.0 5392.0
1.1167 5048.0
1.0 5304.0
0.9833 6000.0
0.9333 4808.0
1.2517 5528.0
1.25 6192.0
0.6667 5616.0
1.25 6400.0
0.5833 6552.0
1.0 5528.0
1.0 5184.0
1.0 7152.0
1.0017 5704.0
1.05 6176.0
0.95 6712.0
1.0 6432.0
0.9833 6208.0
1.0333 7440.0
1.0 6288.0
1.1 6496.0
0.985 7008.0
0.9667 6680.0
1.0 6976.0
1.1 7832.0
0.9667 7008.0
0.9667 7064.0
0.9 8000.0
1.0 6864.0
1.0517 7216.0
1.0 8080.0
1.0 7384.0
1.0 7976.0
1.0 8400.0
1.0667 6816.0
1.05 7712.0
0.9833 8320.0
0.8667 7720.0
1.0517 7888.0
1.0167 7040.0
1.0 7608.0
1.0333 7208.0
0.9667 8320.0
1.0333 7384.0
1.0 7928.0
0.9017 8080.0
1.0833 7408.0
1.0167 7496.0
0.95 8640.0
1.2667 8080.0
1.1667 7512.0
0.5167 8720.0
1.1167 7840.0
1.985 8160.0
1.0333 6904.0
0.9667 7656.0
0.95 8080.0
1.0333 7592.0
1.0 7696.0
1.0667 7920.0
0.8667 7480.0
1.0017 7648.0
1.0 8240.0
1.0 7872.0
1.0333 7720.0
1.0 8240.0
1.1 7712.0
0.8667 7976.0
1.135 8560.0
0.9833 7424.0
0.95 7912.0
1.1333 7832.0
1.3167 5728.0
0.5667 7920.0
1.0 7960.0
1.35 8080.0
0.6333 7520.0
1.035 7472.0
0.95 8000.0
1.0 7784.0
1.0 7520.0
1.0 8080.0
1.0833 7840.0
0.9667 7592.0
0.9833 8480.0
1.0017 7784.0
1.0 8480.0
1.0 7840.0
1.0 6104.0
0.9833 5456.0
1.15 6520.0
0.8167 5832.0
1.1833 5768.0
0.835 7104.0
1.3 6536.0
0.7667 6520.0
1.0 6800.0
0.95 6496.0
0.9833 6320.0
1.0 7360.0
0.9833 6696.0
1.0017 6768.0
1.0 7912.0
1.0 7064.0
1.0 6992.0
1.0833 8400.0
0.9167 7552.0
1.0833 6880.0
0.9333 7576.0
1.0017 7112.0
1.0667 7624.0
0.9333 8560.0
1.0 7248.0
1.0 7912.0
1.0 8400.0
1.0 7624.0
1.0 7536.0
1.0017 8560.0
1.05 7704.0
0.9833 7920.0
1.0 8800.0
1.0 6280.0
1.0 5152.0
1.0 6840.0
1.0 6248.0
1.0017 6272.0
1.0 6752.0
1.0 5808.0
1.0 6080.0
1.2333 7392.0
0.8 6600.0
0.9833 6456.0
0.9667 7696.0
1.0683 5792.0
1.0 5296.0
1.4167 5584.0
0.5833 4912.0
1.0 5168.0
1.0 6272.0
1.3333 5864.0
0.6667 5768.0
1.0017 5952.0
1.0 5696.0
1.0 5808.0
1.0 6800.0
1.0 5904.0
1.0 5832.0
1.0 6896.0
0.95 5968.0
1.0017 6496.0
1.1167 7088.0
1.0 6032.0
0.9667 7128.0
1.05 7120.0
0.95 6424.0
0.95 6920.0
0.9833 7504.0
1.1183 7408.0
0.8833 6952.0
1.1 7928.0
0.9333 7144.0
1.0 7240.0
1.0 8320.0
1.0 7272.0
1.0 7752.0
1.0017 8160.0
1.0167 7728.0
0.95 7568.0
1.05 8080.0
1.0 7752.0
1.0333 7728.0
1.0667 7840.0
1.0 8160.0
0.8683 7768.0
1.0667 8240.0
1.0 7096.0
0.9333 7920.0
1.0 8160.0
1.1333 7368.0
0.8833 7896.0
1.15 8000.0
0.8517 7920.0
1.0 7392.0
1.1167 8480.0
0.8833 7192.0
1.0 7640.0
1.0167 8240.0
1.0 7464.0
1.0 7800.0
1.0017 8480.0
1.0 7432.0
1.0 7736.0
0.9833 5040.0
1.0167 7992.0
1.0 7784.0
1.0 8320.0
2.0017 7840.0
1.4167 8400.0
0.9833 6904.0
0.8 7864.0
0.8333 8400.0
0.9833 7688.0
0.9667 7840.0
1.1667 8080.0
0.985 7528.0
1.0167 7632.0
0.8667 7920.0
1.0333 7840.0
1.0 7784.0
0.9667 8240.0
1.0 7664.0
1.0667 7960.0
0.985 8480.0
1.0167 7328.0
0.9667 7440.0
1.0167 8080.0
1.0 7688.0
1.0 7792.0
1.0 8240.0
1.0 7312.0
1.0017 7920.0
1.0 8240.0
1.0 7624.0
1.0 7816.0
1.0 8240.0
1.0 7728.0
1.0 7640.0
0.9833 8320.0
1.0183 7536.0
0.9667 7552.0
1.1167 8240.0
0.9667 7648.0
1.0333 7840.0
0.9667 8240.0
1.0167 7552.0
1.0 7800.0
0.935 8320.0
1.0 7576.0
1.1 7872.0
0.9667 8160.0
1.0 7552.0
1.0 7688.0
1.0 8240.0
1.0167 7632.0
1.0683 8480.0
1.15 7888.0
0.7667 7160.0
0.9833 5744.0
0.9833 6840.0
0.9667 5880.0
1.1167 6344.0
1.0 6832.0
0.9 6200.0
0.985 6176.0
0.9833 7320.0
1.1167 6384.0
0.95 6736.0
1.0333 7384.0
0.9833 7488.0
0.9833 6344.0
0.9833 8400.0
1.0017 7040.0
1.1167 7328.0
0.9667 7672.0
1.0167 7288.0
0.8667 6960.0
1.0 8800.0
1.0333 8000.0
1.0167 7024.0
1.035 8080.0
1.0667 7664.0
0.8833 6120.0
0.9833 7168.0
1.0833 5952.0
1.0333 5976.0
0.9833 6248.0
0.4667 5912.0
