0.3 6288.0
1.0333 7648.0
1.0 9600.0
1.0 7536.0
1.0 7616.0
1.0 8160.0
0.9667 7104.0
1.0333 7216.0
0.9667 8320.0
1.0 6536.0
0.9667 7416.0
1.0333 8000.0
1.0 6632.0
1.0333 7256.0
1.0 8000.0
1.0 6800.0
1.0 7112.0
1.0 7920.0
1.0 7792.0
1.0 7856.0
1.0 8000.0
1.0 6552.0
1.0 7128.0
1.0 8160.0
1.0 6512.0
1.0333 6912.0
1.0 7920.0
1.0 7896.0
1.0 8080.0
0.9667 8480.0
0.9667 6640.0
1.0333 7200.0
1.0 8560.0
1.0 6424.0
1.0 7152.0
1.0333 8560.0
1.0 6240.0
1.0 7304.0
1.0 8400.0
1.0 6232.0
1.0 7160.0
0.9667 8400.0
1.0333 6608.0
1.0 7480.0
0.9667 8240.0
0.9667 6232.0
1.0333 7696.0
1.0333 8640.0
0.9667 7680.0
1.0333 7472.0
1.0 8160.0
1.0 6488.0
1.0 7104.0
0.9667 8560.0
1.0333 6216.0
1.0 7112.0
1.0 8400.0
1.0 6544.0
1.0 7088.0
1.0 7920.0
1.0333 6608.0
1.0 8000.0
1.0 8720.0
0.9667 6424.0
1.0 7680.0
0.9667 8800.0
1.0333 6672.0
1.0333 7576.0
1.0 8880.0
1.0 6824.0
1.0 7656.0
0.9667 8640.0
1.0333 6568.0
1.0 7536.0
1.0 8080.0
1.0 6496.0
1.0 7192.0
1.0 8000.0
1.0 6544.0
1.0 7176.0
1.0 8160.0
0.9333 6464.0
1.0667 7264.0
1.0 8080.0
1.0 6608.0
1.0 7216.0
1.0 8160.0
1.0 6296.0
1.0 7208.0
2.0333 8080.0
1.0 7920.0
1.0 8720.0
1.0 6864.0
1.0 7736.0
1.0 8240.0
1.0 7376.0
1.0 7720.0
1.0 8480.0
0.9667 7560.0
1.0333 7280.0
1.0 8640.0
1.0 7904.0
1.0 7408.0
1.0 8240.0
1.0 7208.0
1.0 7752.0
1.0 8800.0
1.0 7008.0
1.0 7080.0
1.0 9120.0
1.0 6952.0
1.0 7224.0
0.9667 9440.0
1.0 7416.0
1.0 7328.0
1.0333 8400.0
1.0333 5960.0
0.9667 6944.0
1.0333 6392.0
1.0 5824.0
0.9667 5816.0
1.0333 7184.0
1.0 6224.0
0.9667 6736.0
1.0 6808.0
1.0333 6024.0
1.0 6720.0
1.0 7920.0
1.0 6472.0
1.0 7080.0
1.0 7952.0
1.0 6088.0
1.0 7368.0
1.0 8320.0
1.0 6392.0
1.0333 7920.0
0.9667 8560.0
1.0333 7632.0
1.0 7576.0
0.9667 8240.0
0.9667 7440.0
1.0333 7712.0
1.0 8640.0
1.0 7296.0
1.0 7952.0
1.0 8240.0
1.0 7144.0
1.0 7080.0
1.0333 8560.0
1.0 6944.0
1.0 8320.0
1.0 8560.0
1.0 7344.0
0.9667 7512.0
1.0 8560.0
1.0 6496.0
1.0333 7152.0
1.0 7920.0
1.0 6512.0
1.0 7208.0
1.0 8080.0
1.0 6792.0
1.0 8560.0
0.9667 8720.0
1.0333 7656.0
1.0 7320.0
1.0 8320.0
1.0 6336.0
1.0 7704.0
1.0 8880.0
1.0 6360.0
1.0 7976.0
1.0 8800.0
1.0 6344.0
1.0333 7984.0
1.0 9760.0
1.0 7640.0
0.9667 6960.0
1.0333 8720.0
1.0 7680.0
0.9667 7952.0
1.0 8000.0
1.0 6720.0
1.0 7304.0
1.0 8400.0
1.0333 6216.0
1.0 7840.0
1.0 9360.0
1.0333 7520.0
0.9667 7816.0
1.0 8240.0
1.0 8000.0
1.0 7752.0
1.0 7992.0
1.0 7280.0
1.0 7792.0
1.0 8240.0
1.0 7624.0
1.0 7416.0
1.0 8160.0
1.0 7304.0
2.0 8160.0
1.0 6776.0
1.0333 7768.0
1.0 9360.0
0.9667 7424.0
1.0 7312.0
1.0 8640.0
1.0 6104.0
1.0333 8000.0
0.9667 9040.0
1.0333 7864.0
1.0 7656.0
1.0 8320.0
1.0 7088.0
1.0 7736.0
1.0 8400.0
1.0 7344.0
1.0 7800.0
1.0 8320.0
1.0 7456.0
1.0 7904.0
1.0333 8400.0
0.9667 7840.0
1.0 7592.0
1.0 8400.0
1.0 7344.0
1.0 7368.0
1.0 8560.0
1.0 7656.0
1.0 7432.0
1.0 8560.0
1.0 7184.0
1.0 7984.0
1.0333 8320.0
1.0 7304.0
0.9667 7952.0
1.0 8640.0
1.0 7160.0
1.0 7120.0
1.0 8880.0
1.0333 6368.0
1.0 7568.0
0.9667 9520.0
1.0 7088.0
1.0 7632.0
1.0 8560.0
1.0 5936.0
1.0 7680.0
1.0 9120.0
1.0333 6080.0
1.0 8960.0
1.0 8160.0
1.0333 7384.0
0.9667 7752.0
1.0 8160.0
1.0 7280.0
1.0 7952.0
1.0 8560.0
1.0 6744.0
0.9667 8400.0
1.0333 8560.0
1.0 6184.0
1.0 7696.0
1.0 8720.0
1.0 6208.0
1.0333 8880.0
0.9667 8480.0
1.0 6688.0
0.9667 7304.0
1.0333 8960.0
1.0 6200.0
1.0333 7416.0
1.0 9040.0
0.9667 7488.0
1.0333 7648.0
1.0 8480.0
1.0 7552.0
1.0 7632.0
0.9667 8320.0
1.0333 7392.0
1.0 7936.0
1.0 8800.0
1.0 7272.0
1.0 7664.0
1.0 8480.0
1.0 7224.0
1.0 7768.0
1.0 8400.0
1.0 7464.0
1.0 7632.0
1.0 8240.0
1.0333 7176.0
0.9667 7376.0
1.0 8960.0
0.9667 6048.0
0.9667 7880.0
1.0 8640.0
0.6333 6248.0
