0.8 7528.0
1.0333 8000.0
1.0 7840.0
1.0 7704.0
1.0 7840.0
1.0 7920.0
1.0 7648.0
1.0 7840.0
1.0 8080.0
1.0333 8800.0
1.0 7328.0
1.0 7656.0
1.0 7648.0
1.0 8320.0
1.0 7888.0
1.0 7696.0
1.0 8000.0
2.0 7960.0
1.0333 7552.0
1.0 8000.0
1.0 7960.0
1.0 7696.0
1.0 8400.0
1.0 8160.0
1.0 6904.0
1.0 8240.0
1.0 7200.0
1.0 7760.0
1.0 7920.0
1.0 7528.0
1.0333 7752.0
1.0 7904.0
1.0 7504.0
1.0 8160.0
1.0 8640.0
1.0 7016.0
1.0 7920.0
0.9667 7840.0
1.0 7536.0
1.0 8080.0
1.0333 7560.0
1.0 7504.0
1.0 7840.0
0.9667 8240.0
1.0 7984.0
1.0333 7920.0
1.0 7952.0
1.0 7792.0
1.0 7744.0
1.0 7992.0
1.0 7928.0
1.0 7920.0
1.0 8080.0
1.0 7736.0
1.0 7896.0
1.0 7920.0
1.0 7784.0
1.0333 7680.0
1.0 7920.0
1.0 7856.0
1.0 7840.0
0.9667 8080.0
1.0 7840.0
1.0333 7424.0
0.9667 8000.0
1.0 6744.0
1.0 7952.0
1.0 8000.0
1.0 7864.0
1.0 7920.0
1.0333 7808.0
1.0 7848.0
1.0 7920.0
1.0 8240.0
1.0 7328.0
1.0 8000.0
1.0 8240.0
1.0 7376.0
1.0 7936.0
1.0 7840.0
1.0 7696.0
1.0 7872.0
1.0 8080.0
1.0 7568.0
1.0 8240.0
1.0 7920.0
1.0 7488.0
1.0 7880.0
1.0333 7920.0
1.0 7856.0
0.9667 7976.0
1.0 8080.0
1.0 7848.0
1.0 7896.0
1.0 7928.0
1.0 7720.0
1.0 7920.0
1.0333 7944.0
1.0 7880.0
1.0 7840.0
1.0 7920.0
1.0 7632.0
1.0 7920.0
1.0333 7768.0
0.9667 7888.0
1.0 7920.0
0.9667 7624.0
1.0333 7784.0
1.0 7840.0
1.0 7920.0
1.0 7856.0
1.0 7648.0
1.0 8080.0
1.0 7632.0
1.0 7696.0
1.0 8480.0
1.0 7144.0
1.0 7960.0
1.0333 8080.0
1.0 7656.0
1.0 7840.0
1.0 8000.0
1.0 7528.0
1.0 8080.0
1.0 7984.0
0.9667 7912.0
1.0333 6368.0
1.0 6176.0
1.0 4800.0
1.0 4392.0
1.0 3760.0
1.0 3368.0
1.0 3624.0
1.0 3696.0
1.0 3624.0
1.0 4088.0
1.0 4144.0
1.0 3768.0
1.0333 4568.0
0.9667 4272.0
1.0 4296.0
1.0 4584.0
1.0 4768.0
1.0 4608.0
1.0333 4848.0
1.0 4896.0
1.0 4272.0
2.0 5392.0
1.0 4824.0
0.9667 5400.0
1.0333 5512.0
0.9667 5352.0
1.0333 5696.0
1.0 5968.0
1.0 5352.0
1.0 6160.0
1.0 6200.0
1.0 5880.0
1.0 6824.0
1.0 6344.0
1.0 6000.0
1.0 6520.0
1.0 7144.0
1.0 6456.0
1.0 7248.0
1.0 6952.0
1.0 6968.0
1.0 7072.0
1.0333 6888.0
1.0 7120.0
1.0 7544.0
0.9667 7936.0
1.0333 7392.0
0.9667 7840.0
1.0 8000.0
1.0 7360.0
1.0 8320.0
1.0 7872.0
1.0 7480.0
1.0333 8160.0
1.0 8000.0
1.0 7592.0
1.0 7712.0
1.0 8320.0
1.0 7760.0
1.0 7384.0
0.9667 8480.0
1.0 7152.0
1.0333 7920.0
1.0 8160.0
1.0 7672.0
1.0 8080.0
1.0333 8000.0
1.0 7624.0
1.0 7808.0
1.0 7920.0
0.9667 7784.0
1.0 7904.0
1.0 8000.0
1.0 7552.0
1.0333 8000.0
1.0 7840.0
0.9667 7520.0
1.0 7944.0
1.0333 8000.0
1.0 7816.0
1.0 7872.0
1.0 7920.0
1.0 7648.0
1.0 8000.0
1.0 7816.0
1.0 7640.0
1.0 8320.0
0.9667 8160.0
1.0333 7544.0
1.0 8160.0
1.0 7920.0
1.0 7360.0
1.0 7920.0
1.0 7840.0
1.0 7616.0
1.0 7952.0
1.0333 7920.0
1.0 7768.0
1.0 7784.0
1.0 8080.0
1.0 7824.0
1.0 8000.0
0.9667 7856.0
1.0 7472.0
1.0 8160.0
1.0 8080.0
1.0333 7264.0
1.0 7920.0
1.0 8080.0
1.0 7072.0
1.0 8080.0
1.0 8160.0
1.0 7792.0
2.0 7840.0
0.9667 7544.0
2.0333 7920.0
1.0 7600.0
1.0 8160.0
1.0 8000.0
1.0 7312.0
2.0 8000.0
1.0 7640.0
1.0 7704.0
1.0 8320.0
1.0 7248.0
1.0 8080.0
1.0333 7840.0
1.0 7472.0
1.0 7424.0
1.0 8160.0
1.0 7728.0
0.9667 7840.0
2.0 7984.0
1.0 7968.0
1.0333 7920.0
1.0 7544.0
1.0 8160.0
1.0 8080.0
1.0 7640.0
1.0 7872.0
1.0 7992.0
1.0 7800.0
1.0 7776.0
0.9667 8080.0
1.0333 7472.0
1.0 8240.0
1.0 7920.0
1.0 8560.0
1.0 7304.0
1.0 7840.0
1.0 7920.0
1.0 7552.0
1.0333 7920.0
1.0 8000.0
1.0 7496.0
1.0 8080.0
1.0 8480.0
1.0 7112.0
0.9667 7960.0
1.0 7920.0
1.0 7360.0
1.0333 8080.0
0.9667 8480.0
1.0 7160.0
1.0333 7840.0
1.0 7920.0
1.0 7408.0
1.0 7480.0
1.0 6096.0
1.0 5896.0
0.9667 6624.0
1.0333 7136.0
1.0 5328.0
1.0 6520.0
1.0 7008.0
1.0 6208.0
1.0 7088.0
1.0 7488.0
1.0 6608.0
1.0 7200.0
1.0333 7392.0
1.0 6824.0
1.0 7728.0
0.9667 7792.0
1.0 6832.0
1.0 8000.0
1.0 7808.0
1.0333 7464.0
1.0 8560.0
1.0 7736.0
1.0 7600.0
1.0 8000.0
1.0 8400.0
1.0 6920.0
0.9667 8160.0
1.0 8400.0
1.0 7128.0
1.0 8000.0
1.0 8080.0
1.0333 7376.0
1.0 8080.0
1.0 8000.0
1.0 7616.0
1.0 7872.0
1.0 7920.0
1.0 7296.0
2.0 8000.0
1.0 7616.0
1.0333 7920.0
1.0 8240.0
0.9667 7200.0
1.0 8000.0
1.0 7920.0
1.0 7504.0
1.0 7920.0
1.0 8080.0
1.0333 7432.0
1.0 8000.0
1.0 8480.0
1.0 7824.0
1.0 7752.0
0.9667 7736.0
1.0 7480.0
1.0 7920.0
1.0333 8000.0
1.0 6248.0
1.0 8080.0
1.0 7472.0
1.0 7840.0
1.0 7936.0
1.0 7656.0
1.0 7848.0
1.0 8400.0
1.0 7368.0
1.0333 8000.0
1.0 7888.0
1.0 7656.0
1.0 7920.0
1.0 7840.0
0.9667 7512.0
1.0 8080.0
1.0 7840.0
0.5667 7592.0
