0.7667 4944.0
1.0 5624.0
1.0 5904.0
1.0 5520.0
1.0 5912.0
1.0333 6144.0
1.0 5640.0
1.0 6096.0
1.0 5896.0
1.0 5632.0
1.0 6728.0
1.0 6064.0
1.0 6944.0
1.0333 6728.0
1.0 6824.0
1.0 6592.0
1.0 7216.0
1.0 7224.0
1.0 6904.0
1.0 7096.0
1.0 7736.0
1.0 6808.0
1.0333 8160.0
1.0 6944.0
1.0 7288.0
1.0 8080.0
1.0 8000.0
1.0 7888.0
0.9667 7616.0
1.0 7656.0
1.0333 8160.0
1.0 7544.0
1.0 8240.0
1.0 7672.0
1.0333 7208.0
0.9333 8160.0
1.0 7840.0
1.0 8480.0
1.0333 8240.0
1.0 7112.0
1.0 8240.0
1.0 8000.0
1.0 6896.0
1.0 7544.0
1.0 7920.0
1.0 7576.0
1.0333 7920.0
1.0 8000.0
1.0 7576.0
1.0 8000.0
1.0 7976.0
0.9667 7552.0
1.0 8080.0
1.0333 8000.0
0.9667 7920.0
1.0 7552.0
1.0 8480.0
1.0333 7936.0
1.0 7816.0
1.0 8080.0
1.0 7552.0
1.0 7920.0
1.0 7752.0
1.0 7792.0
1.0 8400.0
1.0 7408.0
1.0 7360.0
2.0333 7920.0
1.0 7672.0
1.0 7840.0
1.0 7920.0
1.0 7904.0
1.0 7840.0
1.0 7920.0
1.0 7704.0
1.0 7920.0
0.9667 8080.0
1.0 7392.0
1.0 8160.0
1.0 8320.0
1.0333 7816.0
1.0 7888.0
1.0 7240.0
1.0 7376.0
1.0 7624.0
1.0 6080.0
1.0 5864.0
1.0 6352.0
1.0 7208.0
1.0 5576.0
1.0 6280.0
1.0333 6352.0
1.0 4680.0
1.0 5160.0
0.9667 5464.0
1.0 5104.0
1.0 5784.0
1.0 5256.0
1.0 5200.0
1.0 5768.0
1.0 5928.0
1.0333 5808.0
1.0 5864.0
1.0 5832.0
0.9667 4104.0
1.0 4816.0
1.0333 5144.0
1.0 4896.0
0.9667 4496.0
1.0333 5096.0
1.0 5160.0
1.0 5408.0
1.0 5336.0
1.0 4896.0
1.0 5904.0
0.9667 5568.0
1.0 5560.0
1.0333 6392.0
1.0 5656.0
1.0 5592.0
1.0 6184.0
1.0 6536.0
1.0 6016.0
1.0 6424.0
1.0 6624.0
1.0333 6512.0
1.0 6712.0
1.0 6904.0
1.0 6584.0
1.0 7304.0
0.9667 7232.0
1.0 6904.0
1.0 7384.0
1.0 7656.0
1.0 7248.0
1.0333 7672.0
1.0 7960.0
1.0 7624.0
0.9667 7600.0
1.0333 5960.0
1.0 5632.0
1.0 6288.0
1.0 6688.0
1.0 6248.0
1.0 5712.0
1.0 6296.0
1.0 6120.0
1.0333 6616.0
0.9667 7016.0
1.0 6288.0
1.0 6696.0
1.0 7296.0
1.0333 6648.0
1.0 7584.0
1.0 7256.0
1.0 6872.0
1.0 7744.0
1.0 7920.0
1.0 7160.0
0.9667 7528.0
1.0 7864.0
1.0 7680.0
1.0 7792.0
1.0 8000.0
1.0333 7584.0
1.0 8240.0
1.0 7648.0
1.0 7248.0
1.0 8320.0
1.0 8080.0
1.0 7592.0
2.0 7920.0
1.0 7568.0
1.0 7920.0
2.0 8000.0
1.0333 8080.0
1.0 7792.0
1.0 7688.0
0.9667 7840.0
1.0 8160.0
1.0 7840.0
1.0 7968.0
1.0 7848.0
1.0333 6744.0
1.0 7840.0
1.0 7944.0
1.0 5904.0
1.0 6456.0
1.0 6120.0
1.0 5808.0
0.9667 6168.0
1.0333 6672.0
1.0 6368.0
1.0 7104.0
1.0 6880.0
1.0 6328.0
1.0 7264.0
1.0 7344.0
1.0 6608.0
1.0 7168.0
1.0333 5832.0
0.9667 5112.0
1.0 5880.0
1.0 5736.0
1.0333 4240.0
1.0 4344.0
0.9667 4664.0
1.0 4248.0
1.0 5024.0
1.0 4912.0
1.0333 4672.0
1.0 5088.0
1.0 5392.0
1.0 5104.0
1.0 5328.0
1.0 5472.0
1.0 5384.0
1.0333 5696.0
0.9667 5896.0
1.0 5632.0
1.0 6200.0
1.0 6048.0
1.0 6008.0
1.0 6256.0
1.0 6520.0
1.0 6208.0
1.0 6400.0
1.0 6928.0
1.0 6336.0
1.0333 6848.0
1.0 7080.0
1.0 6920.0
0.9667 6608.0
1.0 7648.0
1.0 6816.0
1.0 7600.0
1.0333 7720.0
1.0 4984.0
1.0 5872.0
1.0 6304.0
1.0 5672.0
1.0 6040.0
1.0 6096.0
1.0 5792.0
1.0 6440.0
1.0 6720.0
0.9667 6136.0
1.0333 6400.0
1.0 7024.0
1.0 6264.0
1.0 6792.0
1.0 6864.0
1.0 4792.0
0.0333 5496.0
1.0 5096.0
1.0 5624.0
1.0 5840.0
0.9667 5720.0
1.0 5224.0
1.0 5016.0
1.0 5576.0
1.0333 6232.0
1.0 6320.0
0.9667 6288.0
1.0 5640.0
1.0 5800.0
1.0333 6448.0
1.0 6672.0
1.0 6160.0
1.0 6920.0
1.0 6680.0
1.9667 6752.0
1.0333 7472.0
1.0 6776.0
1.0 7128.0
1.0 7304.0
1.0 7136.0
1.0 7664.0
1.0 7464.0
1.0333 7664.0
1.0 7840.0
1.0 7488.0
0.9667 6960.0
1.0 7960.0
1.0 8000.0
1.0333 7416.0
1.0 7808.0
0.9667 7840.0
1.0333 5872.0
1.0 5992.0
1.0 6808.0
1.0 6312.0
1.0 6816.0
0.9667 6688.0
1.0333 6240.0
1.0 6144.0
1.0 6728.0
1.0 6360.0
1.0 7248.0
1.0 7048.0
1.0 6856.0
1.0 7296.0
1.0 7648.0
1.0333 7136.0
1.0 7504.0
1.0 7712.0
0.9667 5272.0
1.0 5832.0
1.0333 6104.0
0.9667 5824.0
1.0333 6120.0
0.9667 6272.0
1.0 6296.0
1.0 6376.0
1.0333 6664.0
1.0 6184.0
1.0 7184.0
1.0 6624.0
1.0 6536.0
1.0 7040.0
1.0 7424.0
1.0 6712.0
1.0 7128.0
1.0 7760.0
1.0 7248.0
1.0 7784.0
1.0 7376.0
1.0 7352.0
1.0 7992.0
1.0333 7840.0
1.0 7512.0
1.0 7992.0
0.9667 6120.0
1.0 5792.0
1.0 6208.0
1.0333 6528.0
0.9667 6504.0
1.0333 6744.0
1.0 6432.0
1.0 4400.0
1.0 4960.0
1.0 5456.0
1.0 5064.0
1.0 5424.0
1.0 6040.0
1.0 5096.0
1.0 5560.0
1.0 5584.0
1.0 5832.0
1.0 6160.0
1.0333 6032.0
1.0 5616.0
1.0 6136.0
1.0 6712.0
1.0 6248.0
1.0 6888.0
1.0 6600.0
1.0 6352.0
1.0 6752.0
1.0 6592.0
1.0 6112.0
1.0 6864.0
1.0333 7688.0
0.9667 6696.0
1.0 7008.0
1.0 7416.0
0.8333 7152.0
