0.1833 7816.0
1.0 7920.0
1.0 7576.0
1.0667 6752.0
1.0 6576.0
0.985 5584.0
1.0 6320.0
1.0167 6616.0
0.9833 6064.0
0.95 6736.0
1.0 7368.0
1.1333 6480.0
0.9 6648.0
1.0017 6728.0
1.0 7568.0
1.0 6544.0
1.0 7504.0
1.0833 5768.0
0.95 5496.0
1.0 5568.0
1.0167 5688.0
0.9683 5696.0
1.0 6304.0
1.0 5896.0
1.0 5304.0
1.0 4512.0
1.0 4488.0
0.9833 4880.0
1.15 5464.0
0.9517 4312.0
1.0 5064.0
0.95 5664.0
0.9667 5168.0
1.0 5704.0
0.9833 5736.0
1.1167 5464.0
1.0167 4512.0
0.9517 4488.0
0.9667 4296.0
1.0 4328.0
1.0167 5056.0
1.0167 4368.0
0.9667 4536.0
0.9667 5736.0
1.0 4928.0
1.035 4576.0
0.9667 5496.0
1.0 4144.0
1.0167 3944.0
1.15 4600.0
0.8333 3392.0
1.0333 3792.0
1.6517 4128.0
0.6667 3296.0
0.65 3776.0
1.1833 3800.0
1.2333 3776.0
0.6667 3048.0
1.15 3848.0
1.3333 3416.0
0.75 3720.0
0.7517 4856.0
1.3333 3320.0
0.8167 3920.0
1.1667 5216.0
0.8333 3536.0
0.8667 4400.0
1.0 4792.0
0.9833 4312.0
1.0017 4448.0
1.0 5208.0
1.0 4464.0
1.0 5336.0
0.9833 5216.0
1.0 5096.0
1.0 4864.0
0.9833 5632.0
1.0017 4976.0
1.0 6368.0
1.0 5776.0
1.0 5480.0
1.0 5680.0
1.0333 5920.0
0.9833 6872.0
0.9833 5872.0
1.135 6464.0
1.0 5440.0
0.9833 6488.0
0.9667 7280.0
0.9667 5856.0
0.95 6824.0
1.0 7320.0
1.0 6936.0
1.085 6624.0
1.0 7544.0
0.9833 6896.0
1.05 7216.0
0.9 8000.0
1.0 6488.0
1.1 6456.0
1.0333 6088.0
1.0017 5376.0
1.0167 5936.0
0.9167 6296.0
1.0 5928.0
1.0333 6584.0
1.0167 7008.0
0.8833 6112.0
1.1167 6304.0
1.0017 6696.0
1.0 6200.0
0.9833 5672.0
0.9833 5072.0
1.0167 4984.0
0.9833 5288.0
1.0 6000.0
0.9667 5720.0
1.0017 4840.0
1.0333 6000.0
1.0 5656.0
1.0 5704.0
0.9667 5984.0
1.1 5288.0
1.0 4592.0
1.0 4832.0
1.0183 4048.0
0.95 3728.0
1.0167 4424.0
1.0167 2896.0
1.0167 3864.0
0.9667 4312.0
0.95 4112.0
1.0333 4304.0
1.0017 4280.0
0.9667 4064.0
0.9667 4448.0
1.0667 4768.0
1.0333 4144.0
1.0167 4864.0
1.0 5048.0
0.95 4648.0
0.9683 5232.0
1.0333 5424.0
0.9833 4680.0
1.0167 5352.0
1.0333 5416.0
1.0333 5368.0
1.0 4688.0
1.0 4416.0
1.0017 3888.0
1.0 5072.0
0.9667 3696.0
0.9333 4192.0
0.9667 3456.0
1.0167 3952.0
1.0 4184.0
1.0333 3768.0
1.0517 4112.0
0.95 4144.0
0.9833 3544.0
0.9833 4352.0
1.0167 4256.0
0.9833 4456.0
1.0 4840.0
1.05 4544.0
0.9517 4944.0
1.0667 5328.0
0.9333 3800.0
1.0333 3424.0
0.9833 3808.0
1.2833 3656.0
1.3167 3248.0
0.6333 3896.0
1.2183 3736.0
0.6667 4000.0
1.1667 4328.0
0.75 3816.0
1.1667 4264.0
0.8333 4624.0
0.9667 4272.0
1.1167 4928.0
1.0017 5008.0
0.9667 4272.0
0.9333 4872.0
1.0 5376.0
1.05 4312.0
0.95 4960.0
1.0 5896.0
1.0333 5696.0
1.0017 4736.0
1.0667 5888.0
1.0167 5656.0
0.8667 6288.0
1.0 5816.0
1.0833 5112.0
1.0167 5992.0
0.95 6400.0
1.035 6072.0
0.9833 6752.0
1.3167 7104.0
0.6833 6152.0
1.25 6896.0
1.2167 6848.0
0.4833 5528.0
1.1167 6632.0
0.95 7640.0
1.0017 7440.0
1.4167 6304.0
0.6667 5912.0
0.9167 6072.0
1.0 6976.0
1.0 7032.0
1.0 8480.0
1.335 7632.0
0.8333 7600.0
0.8333 7840.0
1.0 7600.0
1.0 8080.0
0.9833 7488.0
1.0 7960.0
1.0 6960.0
1.0 8800.0
1.0017 8000.0
1.0 7920.0
1.0 7800.0
1.0 7368.0
1.0 7472.0
1.0 8880.0
0.9833 7920.0
0.9833 7632.0
1.1517 7920.0
0.9833 7584.0
1.1667 7360.0
0.8333 7816.0
1.0 6432.0
0.9 7632.0
1.0167 7912.0
1.0667 7952.0
0.985 7552.0
1.0167 7528.0
0.95 8480.0
0.9833 7872.0
2.05 8000.0
0.9833 7568.0
0.9667 8000.0
0.985 7832.0
1.0 7024.0
1.1167 8240.0
0.9333 8560.0
0.9833 7936.0
1.0 7672.0
1.0 8400.0
1.0 7600.0
1.0017 7288.0
0.9833 7944.0
1.0 7920.0
1.0 7848.0
1.0833 7872.0
0.9667 8240.0
1.0167 7920.0
1.0 7424.0
1.0017 7840.0
1.0 7920.0
1.4167 8160.0
0.5833 6848.0
1.5 5968.0
0.5833 6048.0
0.9333 6264.0
1.2667 6312.0
0.6683 6576.0
1.1167 6672.0
0.8833 6120.0
1.45 7064.0
0.6667 6160.0
0.9167 5152.0
1.0 4912.0
1.0 3840.0
1.0017 3912.0
1.0833 4416.0
1.0 4008.0
1.0 4280.0
0.9167 4872.0
1.05 4368.0
1.0 4472.0
1.0167 4864.0
0.9183 4376.0
1.0 4648.0
1.0 5232.0
1.1 4880.0
1.0333 4928.0
0.9333 5480.0
1.95 5600.0
1.0017 5352.0
1.0 5232.0
1.0 5632.0
1.0167 6056.0
1.1 5992.0
0.3 6040.0
