0.5 7840.0
1.0 7864.0
1.0333 8240.0
1.0 7896.0
1.0 7328.0
1.0 8000.0
1.0 7840.0
1.0 7656.0
1.0 8080.0
1.0333 7920.0
1.0 7824.0
1.0 8160.0
1.0 7840.0
1.0333 7296.0
0.9667 8000.0
1.0 7984.0
1.0 7448.0
1.0 7944.0
1.0 8000.0
1.0 7512.0
1.0 7896.0
1.0 8080.0
1.0 7712.0
1.0 8000.0
1.0333 8160.0
1.0 7664.0
1.0 7800.0
1.0 8080.0
0.9667 7768.0
1.0 7760.0
1.0 7920.0
1.0 7400.0
1.0333 8000.0
1.0 8480.0
1.0 7072.0
0.9667 7840.0
1.0333 8080.0
1.0 7480.0
1.0 7536.0
1.0 7840.0
1.0333 7584.0
0.9667 8000.0
0.9667 7840.0
1.0333 7752.0
1.0 7840.0
1.0 7864.0
1.0333 7672.0
0.9667 7840.0
1.0 8240.0
1.0 7336.0
1.0 7760.0
1.0 7920.0
1.0333 7832.0
1.0 8000.0
1.0 7920.0
1.0 7176.0
0.9667 7696.0
1.0 8000.0
1.0 7424.0
1.0333 7800.0
1.0 8000.0
1.0 7456.0
1.0 7840.0
1.0 8080.0
1.0 7168.0
1.0 7920.0
1.0 8320.0
1.0 7480.0
1.0 7896.0
1.0 7240.0
0.9667 8080.0
1.0333 8000.0
1.0 6664.0
1.0 8000.0
1.0 7992.0
1.0 7624.0
1.0 7808.0
1.0 7920.0
1.0 7672.0
1.0333 8240.0
1.0 7840.0
0.9667 7552.0
1.0 7920.0
1.0 8160.0
1.0 7448.0
1.0 8000.0
1.0333 7840.0
1.0 7712.0
0.9667 7920.0
1.0 7944.0
1.0333 7744.0
1.0 7952.0
1.0 7776.0
1.0 7600.0
1.0 8160.0
1.0 8000.0
1.0 7560.0
0.9667 7880.0
1.0333 7920.0
1.0 7488.0
1.0 8000.0
1.0 8080.0
1.0 7464.0
1.0333 7856.0
0.9667 8000.0
1.0 7872.0
1.0 7920.0
1.0 7688.0
1.0 7320.0
1.0 8240.0
1.0333 8400.0
1.0 7552.0
1.9667 7976.0
1.0 7608.0
1.0333 7968.0
1.0 7920.0
1.0 7536.0
0.9667 8000.0
1.0 7848.0
1.0 7656.0
1.0333 7840.0
0.9667 8080.0
1.0333 7608.0
1.0 7952.0
1.0 7920.0
0.9667 7424.0
2.0333 8000.0
1.0 7032.0
1.0 7984.0
1.0 8320.0
1.0333 7768.0
0.9667 7976.0
1.0 8080.0
1.0 7648.0
1.0 6992.0
1.0 8160.0
1.0 7952.0
1.0 7640.0
1.0 8000.0
1.0 7448.0
1.0333 7920.0
1.0 8320.0
1.0 7928.0
0.9667 7840.0
1.0 7712.0
1.0 7568.0
1.0 7864.0
1.0333 7920.0
1.0 7616.0
1.0 8000.0
1.0 7840.0
0.9667 7624.0
1.0 8000.0
1.0333 7992.0
1.0 7664.0
1.0 8240.0
0.9667 7736.0
1.0333 7376.0
1.0 8480.0
1.0 7976.0
1.0 7272.0
2.0 7920.0
1.0 7576.0
1.0 8000.0
1.0 7768.0
1.0 7792.0
1.0333 8160.0
1.0 7840.0
0.9667 7960.0
1.0 7888.0
1.0 7840.0
1.0333 7160.0
1.0 7976.0
1.0 7840.0
1.0 7608.0
1.0 8000.0
0.9667 7952.0
1.0333 7440.0
1.0 8160.0
1.0 7920.0
1.0 7560.0
0.9667 8320.0
1.0333 7888.0
1.0 7536.0
1.0 8080.0
1.0 7920.0
1.0 7400.0
1.0333 8320.0
0.9667 7768.0
1.0 7624.0
1.0 7936.0
1.0 8000.0
1.0333 7696.0
0.9667 8000.0
1.0 7840.0
1.0 7832.0
1.0 7464.0
1.0 7944.0
1.0333 7544.0
1.0 7920.0
0.9667 7840.0
1.0 7624.0
1.0 7840.0
1.0333 8160.0
1.0 7504.0
2.0 8000.0
1.0 7576.0
0.9667 7920.0
1.0 7840.0
1.0333 7584.0
1.0 7920.0
1.0 7840.0
1.0 7520.0
1.0 8080.0
1.0 7840.0
1.0 7280.0
1.0 7920.0
1.0333 8080.0
1.0 7416.0
0.9667 8800.0
1.0 7648.0
1.0 7288.0
1.0 7920.0
1.0 7520.0
1.0333 8000.0
0.9667 7920.0
1.0 8000.0
1.0 7456.0
1.0 8000.0
1.0333 8080.0
1.0 7648.0
0.9667 7920.0
1.0 7968.0
1.0333 7472.0
2.0 8000.0
1.0 7536.0
1.9667 7920.0
1.0333 7512.0
1.0 7840.0
1.0 8000.0
1.0 7384.0
1.0 8080.0
1.0 7944.0
1.0 7392.0
1.0 8320.0
1.0 7920.0
1.0333 7504.0
0.9667 8080.0
1.0 7960.0
1.0 7552.0
1.0 8000.0
1.0 8080.0
1.0333 7200.0
0.9667 8080.0
1.0 7920.0
1.0 7728.0
1.0333 7840.0
1.0 7920.0
0.9333 6912.0
0.0667 6920.0
1.0 8000.0
0.9667 8080.0
1.0 7320.0
2.0 8000.0
1.0333 7400.0
2.0 8000.0
1.0 7784.0
1.0 7872.0
1.0 7920.0
1.0 7784.0
1.0 7984.0
1.0 7992.0
1.0333 7608.0
0.9667 8640.0
1.0 8160.0
1.0 7368.0
1.0 7384.0
1.0 7872.0
1.0333 7352.0
0.9667 8080.0
1.0 8160.0
1.0 7560.0
2.0333 8000.0
1.0 7384.0
0.9667 8000.0
1.0 8080.0
1.0 7440.0
1.0 8080.0
1.0 8800.0
1.0333 6728.0
1.0 7712.0
0.9667 8000.0
0.6333 7808.0
