0.7 7840.0
1.0 6856.0
1.0 7408.0
1.0 7840.0
1.0333 7976.0
1.0 7552.0
1.0 7840.0
1.0 8320.0
1.0 7512.0
1.0 7840.0
1.0 7920.0
1.0 7360.0
1.0 8000.0
1.0 8080.0
1.0333 7752.0
1.0 7840.0
1.0 8080.0
1.0 7568.0
1.0 8000.0
1.0 7920.0
1.0 7672.0
1.0 7920.0
1.0333 8080.0
1.0 7664.0
0.9667 7944.0
1.0 8000.0
1.0 7528.0
1.0 8000.0
1.0 8240.0
1.0333 7464.0
1.0 7976.0
1.0 7888.0
1.0 7760.0
1.0 7952.0
1.0 8160.0
1.0 7696.0
0.9667 8240.0
1.0 7784.0
1.0333 7280.0
1.0 8320.0
1.0 8000.0
1.0 7200.0
2.0 7920.0
1.0 7720.0
2.0 7920.0
1.0333 7480.0
1.0 8160.0
1.0 8000.0
0.9667 7440.0
2.0 8000.0
1.0 7744.0
1.0 7816.0
1.0 7600.0
1.0 6416.0
1.0333 8160.0
1.0 7920.0
1.0 7480.0
1.0 7920.0
1.0 8080.0
1.0 7648.0
1.0 7688.0
1.0 8000.0
0.9667 7496.0
1.0333 8000.0
1.0 7840.0
1.0 7448.0
2.0 7920.0
1.0 7448.0
1.0333 7800.0
0.9667 8160.0
1.0 7848.0
1.0 8240.0
1.0 7720.0
1.0 7456.0
2.0 7920.0
1.0 7872.0
2.0 8000.0
1.0333 7048.0
0.9667 8000.0
1.0 7840.0
1.0 7576.0
1.0333 8480.0
1.0 8080.0
1.0 7600.0
1.0 7840.0
1.0 7920.0
1.0 7496.0
1.0333 7840.0
0.9667 8000.0
1.0 6704.0
1.0 7904.0
1.0 7776.0
1.0 7424.0
1.0 7840.0
1.0 7920.0
1.0 7376.0
1.0 7784.0
1.0 7968.0
1.0333 7904.0
1.0 7736.0
1.0 8080.0
0.9667 7288.0
1.0 8400.0
1.0 8640.0
1.0 6656.0
1.0333 7936.0
1.0 7920.0
1.0 7664.0
1.0 7952.0
1.0 8080.0
1.0 7456.0
1.0 7840.0
1.0 7264.0
1.0333 7672.0
1.0 7840.0
0.9667 7752.0
1.0 7904.0
1.0 8080.0
1.0 7552.0
1.0 7840.0
1.0 8160.0
1.0 7656.0
1.0333 7920.0
1.0 8000.0
1.0 7872.0
0.9667 7840.0
1.0 7984.0
1.0 7848.0
1.0 7992.0
1.0333 7968.0
1.0 7608.0
1.0 8320.0
1.0 7864.0
1.0 7656.0
1.0 8000.0
1.0 7840.0
1.0 7536.0
1.0 8080.0
1.0 7824.0
1.0 7448.0
1.0333 8320.0
1.0 7840.0
1.0 7352.0
1.9667 8000.0
1.0 7816.0
1.0 7736.0
1.0333 7840.0
0.9667 7592.0
1.0333 7840.0
1.0 7920.0
1.0 7736.0
0.9667 7912.0
1.0 8000.0
1.0 7712.0
1.0 7840.0
1.0333 7912.0
1.0 7624.0
1.0 8000.0
1.0 7992.0
1.0 7920.0
1.0 7696.0
1.0 8160.0
1.0333 7928.0
1.0 8080.0
1.0 7760.0
0.9667 7448.0
1.0 8240.0
1.0 8160.0
1.0 8480.0
1.0 7048.0
1.0 8400.0
1.0 7120.0
1.0333 7472.0
1.0 7920.0
0.9667 8080.0
1.0333 7264.0
0.9667 7880.0
1.0333 7728.0
1.0 7776.0
1.0 8400.0
1.0 7304.0
1.0 7952.0
1.0 8400.0
1.0 7840.0
1.0 6992.0
1.0 7840.0
1.0 7560.0
1.0 7920.0
1.0 7768.0
1.0 7744.0
1.0 7920.0
1.0 8160.0
1.0 7976.0
1.0333 7584.0
1.0 7920.0
1.0 7256.0
1.0 8240.0
1.0 8160.0
0.9667 7192.0
1.0 8080.0
1.0 7920.0
1.0 7720.0
1.0 8560.0
1.0 7608.0
1.0 7312.0
1.0 8000.0
1.0 7920.0
1.0333 7528.0
1.0 8160.0
1.0 7840.0
1.0 7584.0
1.0 7840.0
1.0 6736.0
1.0333 7808.0
0.9667 8160.0
1.0 8000.0
1.0 7248.0
1.0 8080.0
1.0333 8320.0
1.0 6912.0
0.9667 7976.0
1.0333 7968.0
1.0 7568.0
0.9667 8240.0
1.0 7840.0
1.0 7464.0
1.0 8320.0
1.0 8240.0
1.0 7680.0
1.0 7848.0
1.0333 7888.0
1.0 7656.0
1.0 8160.0
1.0 7624.0
1.0 7312.0
1.0 7744.0
1.0 8000.0
1.0 7768.0
1.0333 7832.0
1.0 8160.0
0.9667 7560.0
2.0 8000.0
1.0 7632.0
1.0 7840.0
1.0 7928.0
1.0 7840.0
1.0 7856.0
1.0 8000.0
1.0 7432.0
1.0 8160.0
1.0 8240.0
1.0 6304.0
1.0 7784.0
1.0333 8640.0
1.0 6800.0
1.0 7536.0
1.0 7872.0
1.0 7416.0
1.0 7944.0
1.0 8800.0
1.0 7640.0
1.0 6864.0
1.0 8160.0
1.0 7632.0
1.0333 6432.0
0.9667 5432.0
1.0 6280.0
1.0 6256.0
1.0 7000.0
1.0 6136.0
1.0 6880.0
1.0 6992.0
1.0 6416.0
1.0 6704.0
1.0 7448.0
1.0 6968.0
1.0 7120.0
1.0 7792.0
1.0333 7024.0
1.0 7360.0
0.9667 7432.0
1.0 6952.0
1.0 7808.0
1.0 7464.0
1.0333 6856.0
1.0 7632.0
1.0 7136.0
1.0 7720.0
1.0 8480.0
1.0 7840.0
1.0 7760.0
1.0 7624.0
0.1333 7528.0
