0.7 8160.0
1.0 8000.0
1.0 7256.0
1.0 7760.0
1.0333 8880.0
0.9667 7400.0
1.0 7840.0
1.0333 7536.0
0.9667 7920.0
1.0 7728.0
1.0 7856.0
1.0 7616.0
1.0 7400.0
1.0 8480.0
1.0 7224.0
1.0 7864.0
1.0333 8160.0
1.0 7920.0
1.0 8080.0
0.9667 7960.0
1.0 7744.0
1.0333 6792.0
0.9667 9360.0
1.0 7992.0
1.0 7400.0
1.0333 8320.0
1.0 7216.0
1.0 7920.0
1.0 8240.0
0.9667 6992.0
1.0333 7904.0
1.0 8160.0
1.0 7920.0
1.0 7952.0
1.0 7360.0
1.0 7328.0
1.0 8000.0
1.0 7840.0
1.0333 7352.0
0.9667 8720.0
1.0 8240.0
1.0 6824.0
1.0 7376.0
1.0 7992.0
1.0333 8400.0
0.9667 7920.0
1.0 8880.0
1.0333 7448.0
1.0 7920.0
1.0 7800.0
1.0 7744.0
0.9667 7360.0
1.0333 8240.0
1.0 7960.0
0.9667 7944.0
1.0 7800.0
1.0 7584.0
1.0 7336.0
1.0333 7608.0
1.0 7328.0
0.9667 7288.0
1.0333 7808.0
0.9667 7272.0
1.0 6832.0
1.0 7816.0
1.0333 7424.0
1.0 7144.0
1.0 8880.0
1.0 7240.0
1.0 7344.0
1.0 7840.0
1.0 7720.0
1.0 8480.0
1.0 8400.0
1.0333 7648.0
0.9667 7440.0
1.0333 8400.0
0.9667 7264.0
1.0333 7936.0
0.9667 8640.0
1.0333 7448.0
0.9667 8320.0
1.0333 7688.0
0.9667 7704.0
0.9667 7536.0
1.0333 8080.0
1.0 6944.0
1.0 7904.0
1.0333 8480.0
1.0 7216.0
1.0 7808.0
1.0 8560.0
1.0 7112.0
1.0 7840.0
1.0 8400.0
1.0 7168.0
0.9667 7792.0
1.0333 8480.0
0.9667 7152.0
1.0 7904.0
1.0333 8480.0
1.0 7424.0
1.0 7656.0
1.0 8400.0
1.0 7160.0
0.9667 7808.0
1.0333 8240.0
1.0 7680.0
1.0 7632.0
1.0 8480.0
1.0 7624.0
1.0 7544.0
1.0333 8320.0
0.9667 7256.0
0.9667 7920.0
1.0 5152.0
1.0667 7016.0
1.0 8240.0
0.9667 8320.0
1.0333 7608.0
1.0 7512.0
1.0 8640.0
1.0 7784.0
0.9667 7232.0
1.0333 8480.0
1.0 6712.0
1.0333 7552.0
1.0 9600.0
0.9667 7768.0
1.0 7824.0
1.0 7944.0
0.9667 7576.0
1.0333 7288.0
1.0 8480.0
1.0 7432.0
1.0333 7872.0
0.9667 8800.0
1.0 7176.0
1.0 7160.0
1.0 8320.0
1.0333 6736.0
0.9667 8160.0
1.0 9040.0
1.0 7056.0
1.0 7184.0
1.0 8320.0
1.0 7096.0
1.0 7624.0
1.0 8080.0
1.0 6912.0
1.0 7608.0
1.0333 8160.0
1.0 7328.0
1.0 7376.0
0.9667 8080.0
1.0 7096.0
1.0 7376.0
1.0 8240.0
1.0 7032.0
1.0333 7552.0
1.0 9840.0
1.0 6736.0
1.0 7008.0
1.0333 8080.0
0.9667 5864.0
1.0 6328.0
1.0 6904.0
1.0 5424.0
1.0 5512.0
1.0 6800.0
1.0333 7248.0
0.9667 6320.0
1.0 7448.0
1.0 5936.0
0.9667 6344.0
1.0333 7768.0
0.9667 6000.0
1.0333 7376.0
1.0 7920.0
1.0 6432.0
1.0 6952.0
1.0333 8240.0
1.0 6648.0
1.0 8880.0
1.0 7840.0
1.0333 7552.0
0.9667 7920.0
1.0 7840.0
1.0 7920.0
1.0 7232.0
1.0 8320.0
1.0 7264.0
1.0 7840.0
1.0 8000.0
1.0 8240.0
1.0 7384.0
1.0 8640.0
1.0 7184.0
1.0 7864.0
1.0 8000.0
1.0333 7608.0
1.0 7824.0
1.0 8000.0
0.9667 7472.0
1.0 8000.0
1.0333 7920.0
1.0 7536.0
1.0 7840.0
1.0 8400.0
1.0 7224.0
0.9667 7744.0
1.0333 8560.0
0.9667 6752.0
1.0333 7272.0
0.9667 9600.0
1.0 7384.0
1.0333 7432.0
1.0 8480.0
1.0 7232.0
1.0 7632.0
1.0 7960.0
1.0 6840.0
1.0 6888.0
1.0 8000.0
1.0 6768.0
1.0 7584.0
1.0 8800.0
1.0 7360.0
1.0 7296.0
1.0 7920.0
1.0 6704.0
1.0 7192.0
1.0 7912.0
1.0 6968.0
0.9667 7232.0
1.0333 7704.0
1.0333 6248.0
1.0 6344.0
0.9667 6456.0
1.0 5792.0
1.0333 6400.0
0.9667 7216.0
1.0 5920.0
1.0 5680.0
1.0 6608.0
1.0 6360.0
1.0 6688.0
1.0 8000.0
1.0333 6400.0
1.0 6640.0
1.0 6952.0
1.0 6584.0
1.0 7824.0
1.0 8320.0
1.0 7552.0
1.0 8000.0
1.0 8240.0
1.0 7408.0
1.0 7400.0
1.0333 8160.0
0.9667 7768.0
1.0333 7680.0
1.0 8000.0
0.9667 7720.0
1.0 7032.0
1.0 8080.0
1.0 7096.0
1.0 7320.0
1.0 8240.0
1.0 7360.0
1.0 7280.0
1.0333 7720.0
0.9333 8720.0
1.0 7352.0
1.0333 8080.0
1.0 6856.0
0.9667 7488.0
1.0667 8560.0
1.0 7144.0
1.0 8400.0
1.0 8480.0
1.0 7464.0
1.0 7840.0
1.0 8720.0
1.0333 7416.0
0.9667 8000.0
1.0 7920.0
0.9667 7776.0
1.0333 6640.0
1.0 8640.0
1.0 7208.0
1.0333 7488.0
0.9667 9040.0
1.0 7536.0
1.0 7608.0
1.0333 9120.0
0.9667 7192.0
1.0333 7688.0
1.0 8000.0
0.9667 7408.0
0.3 7840.0
