0.4833 8240.0
1.0017 7584.0
1.0 9120.0
1.0333 7840.0
1.0167 6408.0
1.0167 8320.0
1.0167 7544.0
1.1 7920.0
0.8667 8240.0
1.0017 7928.0
1.0 7568.0
0.9333 7672.0
1.2 7616.0
0.8167 7808.0
1.0167 7640.0
1.05 7920.0
0.9833 7840.0
0.985 8320.0
0.9667 7792.0
1.05 7680.0
0.9833 8320.0
1.0333 7704.0
1.0167 8960.0
0.95 7824.0
1.0167 7448.0
1.0017 7960.0
1.0167 7344.0
1.0333 8240.0
1.0 7600.0
0.9333 7552.0
1.1 7488.0
0.9667 7456.0
0.9667 8320.0
0.9683 7840.0
1.0 7744.0
1.0833 7920.0
0.9833 7976.0
0.9167 7840.0
1.0 8400.0
1.0 7800.0
1.0 7672.0
1.085 8160.0
1.0 7104.0
1.0 7920.0
0.9167 8080.0
1.0 7632.0
1.0833 7840.0
1.0 7848.0
0.9833 7096.0
0.9683 7904.0
0.9833 9040.0
1.0167 7632.0
1.0 7848.0
1.0 8320.0
1.0 7344.0
1.0 7936.0
1.0667 8240.0
0.9183 7408.0
1.1333 7712.0
0.9833 8000.0
1.0 7696.0
1.0 7744.0
0.9667 8080.0
1.0 7936.0
1.0 7840.0
0.9517 8320.0
1.0 8000.0
1.1 8080.0
0.9667 7640.0
0.95 7232.0
0.9833 7848.0
1.1333 8640.0
0.95 7184.0
1.0017 7968.0
0.9833 8080.0
0.9333 7832.0
0.9833 7792.0
1.15 7840.0
0.9667 7648.0
0.9833 8320.0
0.95 7264.0
1.0017 7728.0
1.0 8160.0
1.0 7640.0
1.0 7576.0
1.0 7920.0
1.0 9040.0
1.0 7016.0
1.0 7480.0
1.0017 8160.0
1.0833 7920.0
0.9167 8320.0
1.0 8000.0
1.0 7688.0
1.0 7496.0
1.0333 8000.0
0.9833 7512.0
1.0017 7752.0
1.0 8800.0
1.0 6904.0
1.0 7840.0
1.0 7952.0
1.0 7440.0
2.05 7920.0
0.9683 7984.0
0.95 8240.0
1.0 8080.0
1.0 7352.0
1.0833 7992.0
0.9333 8480.0
1.0 8160.0
1.0 7888.0
1.1183 7016.0
1.0 6960.0
0.95 7688.0
0.9333 8080.0
1.0 7920.0
1.0 8320.0
1.0 8240.0
1.0 7376.0
1.0 7840.0
1.0017 8160.0
1.0 7632.0
1.0833 7872.0
1.0 8080.0
1.0 7528.0
0.9667 7976.0
1.0 8240.0
0.9667 7512.0
1.0683 7752.0
1.0333 8400.0
1.0 7368.0
0.9667 7816.0
1.0 8080.0
1.05 7496.0
0.9167 7960.0
0.9667 8240.0
1.1183 7592.0
0.9667 7752.0
0.9667 8320.0
0.95 7584.0
1.15 7664.0
0.85 8240.0
1.0167 7704.0
1.0333 7664.0
1.0683 8560.0
0.9333 7776.0
1.0667 7744.0
1.0 7840.0
0.9 7408.0
1.0833 7944.0
0.9333 8160.0
1.0833 7624.0
0.9017 7872.0
1.1 8400.0
0.95 7720.0
0.9833 7752.0
0.9833 8400.0
1.15 7632.0
0.8667 7496.0
1.2017 8320.0
0.8833 7352.0
1.0167 7944.0
0.9667 8320.0
0.9167 7672.0
1.0667 7768.0
1.1167 8320.0
0.95 7312.0
0.95 7920.0
1.9517 8000.0
1.0667 7376.0
0.9 8160.0
1.1 7536.0
0.9667 7808.0
1.0 7936.0
1.0 7464.0
1.0017 7648.0
1.0 8400.0
1.0667 7928.0
1.0 7616.0
1.0 8080.0
1.0 7928.0
0.9667 7536.0
0.9667 8320.0
0.9683 7672.0
0.9833 7856.0
1.0 8400.0
1.1 7264.0
0.95 7952.0
7.3017 8080.0
0.75 7536.0
0.9667 8000.0
0.9833 8080.0
1.0833 7608.0
0.9683 7928.0
1.05 7856.0
0.8667 7752.0
1.1667 7736.0
0.85 8400.0
1.1167 7304.0
0.9667 8400.0
1.0 8640.0
0.9517 7632.0
1.0167 7376.0
0.95 8400.0
1.0 7304.0
1.0 7560.0
1.15 8240.0
0.9667 7568.0
1.0 7800.0
0.9517 8480.0
1.0 7856.0
1.0667 7456.0
0.95 7920.0
0.9833 7704.0
0.95 7728.0
1.0 8320.0
1.1167 7736.0
2.0183 7920.0
1.0 7856.0
0.9667 8000.0
0.9667 8400.0
1.0 7248.0
1.0 7888.0
0.9333 7920.0
1.0017 7648.0
1.0 7872.0
1.1333 8320.0
1.0 7968.0
1.0 8000.0
0.9667 8160.0
1.0 7768.0
1.0167 6864.0
0.9683 7848.0
0.95 7544.0
1.05 8000.0
0.95 8080.0
0.9833 7688.0
1.1167 7712.0
0.9833 8320.0
1.0 7808.0
0.9683 7944.0
1.0 7824.0
0.9667 8080.0
0.9833 7584.0
1.0167 8480.0
0.9667 7840.0
2.0667 7656.0
0.9683 7368.0
0.9833 7840.0
1.1167 8000.0
1.0167 7360.0
0.9667 7928.0
0.95 8400.0
0.9833 7880.0
0.9667 7840.0
1.1017 7976.0
0.9333 7896.0
0.9667 7640.0
1.1167 8160.0
0.9833 7856.0
0.9667 7840.0
1.1333 7920.0
1.0333 7816.0
0.9183 7440.0
0.9833 8320.0
0.9833 7840.0
0.9667 7088.0
1.0167 9040.0
0.9833 7840.0
1.1333 6272.0
0.95 8480.0
1.0017 9200.0
0.9667 5952.0
0.9333 7520.0
2.0333 7840.0
0.9667 9600.0
1.0833 6768.0
0.9167 7856.0
1.1017 8080.0
0.9333 7704.0
1.0833 7840.0
0.9833 8240.0
0.95 7376.0
1.0833 7848.0
1.0333 7896.0
3.0183 7840.0
0.95 7280.0
0.8833 7688.0
1.0333 8320.0
0.9833 7704.0
1.0 7696.0
1.0 8080.0
1.0017 7528.0
1.0 7600.0
0.9833 8640.0
1.0 7736.0
1.1333 7704.0
1.0167 8240.0
1.0 7720.0
0.95 7896.0
0.985 8320.0
0.95 7616.0
0.9833 7984.0
0.9833 8320.0
1.1 7496.0
0.9833 7384.0
0.9333 8160.0
0.9833 7832.0
1.1167 7840.0
0.9017 8320.0
1.0 7344.0
1.0 7704.0
1.0 8080.0
0.9833 7768.0
1.0833 8000.0
1.05 7920.0
0.9833 7104.0
0.9683 7792.0
1.0 8080.0
0.95 7912.0
1.0 7944.0
1.0 8080.0
0.9667 7896.0
1.1167 7936.0
0.9 8320.0
1.0017 7336.0
1.0 7936.0
1.0 8320.0
1.0167 7296.0
0.9833 7728.0
1.0 7840.0
1.0167 7976.0
1.0 7928.0
1.0017 8160.0
1.0 7880.0
0.9833 7488.0
1.05 7840.0
0.9833 7936.0
0.9833 7920.0
1.9833 7840.0
1.0017 7816.0
1.05 7952.0
1.0833 7752.0
0.8667 7912.0
1.15 8480.0
0.9833 7920.0
1.0 7600.0
1.0 7616.0
1.0017 7744.0
1.0 7680.0
0.9333 8320.0
1.0 7808.0
1.0 8320.0
1.0667 8640.0
1.0167 6640.0
1.0 7152.0
0.885 8160.0
0.9833 7736.0
1.0167 8000.0
1.0 8240.0
1.0 7712.0
1.0 7656.0
1.0 8320.0
1.0333 7712.0
0.9683 7840.0
1.0333 7760.0
2.0333 8000.0
0.9333 8320.0
0.9833 7344.0
1.0 7752.0
1.0167 7400.0
1.1517 7944.0
0.9833 8080.0
1.0 7944.0
1.0 7824.0
0.95 7752.0
0.9333 8320.0
0.9833 7744.0
1.0167 7712.0
1.0017 8320.0
0.9833 7816.0
1.0167 7240.0
1.0833 8640.0
0.9667 8320.0
1.0 7184.0
0.9667 7440.0
1.0 7856.0
1.0017 7656.0
1.0 7920.0
1.0 9360.0
1.0 7424.0
1.0 6896.0
1.0 8560.0
1.0333 7832.0
1.0 6672.0
1.0017 7600.0
1.0 7784.0
1.0 8640.0
1.0 7712.0
0.95 7840.0
1.0667 8080.0
1.0 7400.0
1.0 7928.0
1.0017 8000.0
1.0 7992.0
1.0167 7824.0
1.0 8320.0
1.0 7744.0
1.0 7840.0
0.95 8000.0
0.9833 7608.0
1.0517 7848.0
1.1 8160.0
0.9833 7416.0
0.9333 7696.0
1.0167 8800.0
0.9667 7960.0
1.0 7120.0
1.0 7840.0
0.985 7944.0
0.9667 7800.0
1.15 8480.0
0.9667 7264.0
1.0 7664.0
1.0 8320.0
0.9667 7752.0
1.0 7920.0
0.9683 8080.0
1.15 7392.0
0.9333 7712.0
0.9667 7840.0
0.9667 8240.0
0.95 7456.0
1.1167 8080.0
0.9333 8160.0
0.9683 7104.0
1.0 7920.0
1.0 7696.0
2.1333 8000.0
1.0 7784.0
1.0 7840.0
0.9667 8320.0
1.0017 7616.0
0.9667 7072.0
1.0333 8560.0
0.9833 7624.0
0.9833 7888.0
1.0 8240.0
1.0 7416.0
0.9667 7888.0
0.985 8320.0
1.1167 7456.0
0.9667 7744.0
0.9333 8800.0
1.1 7840.0
0.8833 6888.0
0.9583 8720.0
