0.7 5032.0
1.0 4792.0
1.0 5312.0
1.0 5336.0
1.0333 4872.0
1.0 5648.0
1.0 5768.0
1.0 5280.0
1.0 5800.0
1.0 6136.0
1.0 5776.0
1.0 5096.0
1.0 4576.0
1.0 4528.0
1.0 4856.0
1.0 5016.0
1.0333 4528.0
1.0 5000.0
1.0 5520.0
1.0 4992.0
0.9667 5224.0
1.0333 5648.0
1.0 5296.0
1.0 5760.0
1.0 5784.0
1.0 5720.0
1.0333 6008.0
1.0 6024.0
1.0 5808.0
1.0 6304.0
1.0 6560.0
1.0 5920.0
0.9667 6688.0
1.0 6760.0
1.0 6376.0
1.0 6904.0
1.0 6888.0
1.0333 6792.0
1.0 7056.0
1.0 7208.0
1.0 6960.0
1.0 7320.0
1.0 7968.0
1.0 7040.0
1.0 7760.0
1.0 7944.0
1.0 7792.0
1.0333 7920.0
0.9667 7936.0
1.0 7672.0
1.0 7968.0
1.0 7792.0
1.0 7840.0
1.0333 7624.0
1.0 7840.0
1.0 8480.0
1.0 7520.0
1.0 8640.0
1.0 7176.0
1.0 7816.0
0.9667 7840.0
1.0 7456.0
1.0 7872.0
1.0 7960.0
1.0333 7536.0
1.0 7840.0
1.0 8000.0
1.0 7672.0
1.0 7800.0
0.9667 8160.0
1.0333 6680.0
1.0 6160.0
1.0 6208.0
1.0 5752.0
1.0 6712.0
1.0 6592.0
1.0 6048.0
1.0 6448.0
1.0 6984.0
1.0 5248.0
1.0 5216.0
1.0333 5272.0
1.0 4936.0
1.0 5520.0
1.0 5680.0
0.9667 5392.0
1.0 5744.0
1.0 5944.0
1.0 5376.0
1.0 5136.0
1.0333 4752.0
1.0 4144.0
0.9667 5024.0
1.0333 4960.0
1.0 4168.0
1.0 3416.0
1.0 3888.0
1.0 3680.0
1.0 4232.0
1.0 4224.0
1.0 3848.0
1.0 4368.0
1.0 4448.0
1.0 4256.0
1.0333 4440.0
1.0 4584.0
0.9667 4704.0
1.0 5064.0
1.0 5584.0
1.0 4024.0
1.0 5288.0
1.0333 5368.0
0.9667 5080.0
1.0 5360.0
1.0333 5032.0
1.0 5072.0
1.0 2440.0
1.0 544.0
1.0 5296.0
1.0 6824.0
1.0 4440.0
1.0 4152.0
1.0 4616.0
1.0 4552.0
1.0 4952.0
1.0 5008.0
1.0 4736.0
1.0 5584.0
1.0 5536.0
1.0 4728.0
1.0 5304.0
1.0 5816.0
1.0 5136.0
1.0 6056.0
1.0 5760.0
1.0 5968.0
1.0 6096.0
1.0333 5720.0
1.0 5848.0
1.0 6064.0
0.9667 6424.0
1.0 5992.0
1.0 6488.0
1.0 7304.0
1.0333 6520.0
0.9667 6816.0
1.0333 6824.0
1.0 7096.0
1.0 7056.0
0.9667 7352.0
1.0 6800.0
1.0 7752.0
1.0333 7528.0
1.0 6936.0
1.0 7664.0
1.0 8400.0
1.0 7664.0
1.0 6912.0
1.0333 7920.0
1.0 6576.0
0.9667 5968.0
1.0 6280.0
1.0 6096.0
1.0333 6328.0
1.0 6792.0
1.0 6168.0
1.0 7224.0
1.0 6760.0
1.0 6240.0
1.0 6640.0
0.9667 7288.0
1.0 6632.0
1.0 7144.0
1.0333 7488.0
1.0 7648.0
1.0 7104.0
1.0 7536.0
1.0 7248.0
1.0 6808.0
1.0 5464.0
1.0 5448.0
1.0 6928.0
1.0333 6184.0
1.0 5344.0
1.0 5728.0
1.0 6304.0
0.9667 6272.0
1.0 6696.0
1.0 6488.0
1.0 6016.0
1.0 6792.0
1.0 7456.0
1.0 5960.0
1.0 5448.0
1.0 5320.0
1.0 4848.0
1.0333 5512.0
1.0 5976.0
1.0 5160.0
1.0 5936.0
1.0 5840.0
1.0 5936.0
1.0333 5816.0
0.9667 6552.0
1.0 6264.0
1.0 6472.0
1.0 6536.0
1.0 5904.0
1.0 6936.0
1.0 7624.0
1.0 6232.0
1.0 6344.0
1.0 7208.0
1.0333 6664.0
1.0 7264.0
1.0 7400.0
0.9667 7152.0
1.0 7552.0
1.0 7800.0
1.0 7240.0
1.0 7840.0
1.0333 8000.0
1.0 7608.0
1.0 7968.0
1.0 8080.0
1.0 7680.0
1.0 7160.0
1.0 6088.0
1.0 6040.0
1.0 6488.0
1.0 6064.0
1.0 6136.0
1.0 6392.0
1.0 6744.0
1.0 6704.0
1.0 7272.0
1.0 7072.0
1.0333 6832.0
1.0 7992.0
0.9667 7040.0
1.0 6872.0
1.0 7248.0
1.0 7736.0
1.0 6576.0
1.0 6920.0
1.0 7848.0
1.0 8080.0
1.0333 7512.0
1.0 7920.0
1.0 7608.0
1.0 7944.0
1.0 7768.0
0.9667 7456.0
2.0333 8160.0
1.0 7600.0
1.0 7176.0
1.0 6184.0
1.0 5760.0
1.0 6224.0
1.0 6648.0
1.0 5984.0
1.0333 6392.0
0.9667 6808.0
1.0 6560.0
1.0 7184.0
1.0 7256.0
1.0 6480.0
1.0 7328.0
1.0 7344.0
1.0 7160.0
1.0333 6896.0
1.0 5232.0
1.0 5832.0
1.0 5848.0
1.0 5368.0
1.0 5576.0
1.0 6128.0
1.0 5936.0
1.0 4208.0
1.0 4624.0
1.0 3712.0
1.0 3248.0
1.0 3808.0
1.0 3856.0
1.0 3744.0
1.0 4232.0
1.0 4200.0
1.0 4104.0
1.0 4448.0
1.0 4344.0
1.0 4024.0
1.0 4672.0
1.0333 4880.0
1.0 4776.0
1.0 4768.0
1.0 5232.0
1.0 4976.0
1.0 5200.0
1.0 5792.0
0.2 4944.0
