1.5827 8000.0
1.0333 7920.0
0.9333 7672.0
1.0183 8080.0
1.0667 7584.0
0.9333 7200.0
1.0 8400.0
1.1167 7976.0
0.9667 8160.0
0.9833 7840.0
1.0333 7328.0
0.985 6856.0
0.95 8640.0
0.9667 8000.0
1.0 7776.0
0.9833 8320.0
1.1667 7472.0
0.85 7720.0
1.0 8000.0
1.1183 7840.0
0.9667 7448.0
0.9667 8320.0
0.9667 7200.0
1.0 7920.0
0.9833 8560.0
1.0 7752.0
1.0 7920.0
1.135 7632.0
0.9 7608.0
1.0333 7936.0
1.0 8240.0
1.0 7432.0
1.0 7352.0
1.0167 7960.0
1.0 7920.0
1.0017 7840.0
1.0 7768.0
1.0 7960.0
1.0 7744.0
0.9667 8240.0
1.0 7416.0
1.0 7608.0
0.9667 8080.0
1.0333 7888.0
1.0017 7680.0
1.0 8320.0
1.2167 7768.0
1.7667 3048.0
0.8 2008.0
1.3017 8080.0
0.6333 5872.0
0.9833 6600.0
1.15 6088.0
0.9667 6120.0
0.9667 6976.0
1.0 6160.0
0.9667 6304.0
1.0017 7368.0
1.0 6704.0
1.0167 6800.0
0.9833 7728.0
0.9833 6360.0
0.9833 7040.0
1.0167 7264.0
0.9833 6976.0
1.1183 7448.0
0.9833 8640.0
1.0167 6976.0
1.0 7432.0
0.9667 8640.0
0.95 7280.0
1.1167 7784.0
0.9667 8960.0
0.9183 7320.0
1.0 7432.0
0.9833 8720.0
1.0333 7032.0
1.0333 7528.0
1.0833 9040.0
0.9833 7168.0
1.0 7480.0
0.9683 8800.0
1.0 6896.0
1.0 7792.0
1.0 8800.0
1.0333 7224.0
0.8833 7640.0
1.0333 8640.0
0.9667 6896.0
1.085 8320.0
0.95 8240.0
1.1167 7256.0
0.9833 7648.0
0.9333 8880.0
0.9667 7056.0
1.0 7768.0
1.0 8800.0
1.0017 6928.0
1.0 7592.0
1.15 8640.0
0.95 7264.0
0.8833 7672.0
1.0333 8800.0
1.0333 7104.0
1.0333 7688.0
1.0017 8800.0
1.0 7024.0
1.0333 7976.0
0.8667 8480.0
1.15 7112.0
0.85 7792.0
1.0 8480.0
1.0 6840.0
1.0017 7632.0
1.0 9760.0
1.0 7008.0
1.05 7840.0
1.0167 8400.0
1.0 6808.0
1.0167 7600.0
0.9667 9360.0
0.985 6760.0
1.0 7216.0
1.05 9440.0
1.0 6912.0
0.9333 8080.0
1.0667 7200.0
1.0 6896.0
1.0 7944.0
1.0017 7632.0
0.95 8480.0
1.0 9760.0
0.9833 8080.0
1.0833 6952.0
1.0 6968.0
1.0 8800.0
1.0667 6928.0
0.9683 7792.0
0.9333 8400.0
0.9833 7400.0
0.9833 8560.0
1.1167 7840.0
1.0167 6760.0
0.95 7320.0
0.95 8640.0
0.9683 8080.0
1.0667 7792.0
1.0 8720.0
1.0 6936.0
1.0 7872.0
1.0 9040.0
1.0 6728.0
1.0333 7880.0
0.985 8800.0
1.0 7536.0
1.0 7672.0
1.0 8640.0
1.0 7048.0
1.0 7616.0
0.9667 8800.0
0.9667 7144.0
1.035 8640.0
1.0 7840.0
1.0 6920.0
1.0 7800.0
0.9833 8000.0
0.9833 7432.0
1.1 7512.0
0.9333 8480.0
1.035 7936.0
1.0 8640.0
0.95 7920.0
0.7167 6664.0
0.1333 6704.0
0.15 6664.0
1.075 6920.0
0.925 8640.0
1.0 8240.0
1.0 7288.0
1.0017 8160.0
1.0 8080.0
1.0667 7888.0
0.9667 8320.0
1.0 6952.0
0.9833 7528.0
0.9833 8160.0
1.0667 7264.0
0.9517 7920.0
1.0 7264.0
1.05 8640.0
0.95 7768.0
1.0667 8560.0
1.0 7592.0
1.0 7736.0
1.0 8560.0
1.0017 7640.0
1.0 7840.0
1.0 8400.0
0.9333 7368.0
1.1167 7336.0
0.95 8400.0
0.9833 7384.0
1.1 7336.0
0.9017 8640.0
1.0167 7536.0
0.9667 7944.0
1.0 8240.0
1.0 7640.0
1.0833 7248.0
0.9667 8000.0
0.9333 7784.0
1.0683 7864.0
1.0333 8640.0
0.9167 7120.0
1.0667 7672.0
1.0167 8640.0
1.0 7840.0
0.9 7896.0
1.1333 7584.0
1.0183 7832.0
0.9833 7560.0
0.9833 9440.0
0.95 7112.0
1.0167 7416.0
0.9833 8880.0
1.0167 7760.0
1.0 7576.0
1.0183 8640.0
0.9833 7160.0
0.9833 7592.0
0.9833 8560.0
1.0167 7712.0
1.0667 7320.0
1.0 8640.0
0.8833 7088.0
1.0517 7552.0
1.0 8880.0
1.0 7496.0
0.9667 7840.0
1.0 8160.0
1.0 7344.0
1.0 7720.0
1.0 8240.0
1.0 7952.0
1.0017 7920.0
1.1 8080.0
0.95 7080.0
0.9667 7440.0
0.9833 8640.0
1.1167 7160.0
0.95 7744.0
1.0 8400.0
0.9683 7480.0
1.0 7864.0
0.9833 8160.0
1.0833 7168.0
1.0 7696.0
0.9667 8400.0
1.0 7592.0
1.0 7864.0
1.0017 8720.0
1.0 8000.0
1.0333 6976.0
0.9667 8480.0
0.9667 7336.0
1.1 7840.0
0.9333 8240.0
1.0683 7440.0
1.0 7408.0
1.0 8480.0
1.0 7488.0
0.9667 7208.0
1.0167 8720.0
0.9833 8160.0
1.0 7224.0
0.9833 8320.0
1.0017 7440.0
0.9667 7824.0
1.0333 8640.0
1.0 7416.0
1.0833 7920.0
0.9333 8640.0
0.9667 7384.0
1.05 6864.0
1.0683 8080.0
0.95 7704.0
1.05 7944.0
0.8667 8320.0
1.1 7664.0
0.9667 7632.0
1.0167 8240.0
0.9667 7664.0
1.0017 7704.0
1.0833 8320.0
0.8667 7472.0
1.0333 8080.0
0.9667 7840.0
1.1 7312.0
0.9667 8160.0
0.4833 7920.0
