0.5833 7920.0
0.5833 7864.0
1.4667 7888.0
0.75 7560.0
1.2333 7992.0
0.6667 9440.0
1.3167 7224.0
0.585 7424.0
1.0 7840.0
0.9833 7944.0
1.3333 7920.0
0.65 7432.0
1.0167 7808.0
1.1333 5944.0
0.85 5992.0
1.235 5848.0
1.1667 6720.0
0.8333 6080.0
0.8167 7496.0
0.9333 5768.0
1.0 6528.0
1.1 6872.0
0.95 6640.0
0.9683 6768.0
1.0167 6296.0
1.0333 6864.0
1.0 8800.0
0.9167 7528.0
1.25 6632.0
0.75 4664.0
1.4167 5744.0
0.585 5032.0
1.3333 5608.0
0.6667 6232.0
1.25 5848.0
0.8333 6384.0
1.0 7264.0
1.0 5704.0
1.1167 6480.0
1.0183 7208.0
1.0 6120.0
0.9667 6096.0
0.9667 7088.0
0.95 6608.0
1.0833 6592.0
1.1167 7624.0
1.3333 4736.0
0.535 6808.0
0.9333 7176.0
1.0 8240.0
1.05 7488.0
1.0 7136.0
1.0333 8000.0
0.9667 7480.0
0.9833 7408.0
1.035 8320.0
1.0 7712.0
1.0 7992.0
0.9833 8000.0
0.9667 7960.0
1.1167 7632.0
1.3 5728.0
0.5833 5488.0
1.3683 6416.0
0.6333 6520.0
1.1167 6176.0
0.9333 5776.0
1.0333 6920.0
0.9833 6224.0
1.0 7440.0
1.6667 7320.0
0.335 4480.0
1.0 4424.0
1.0 1984.0
1.0 2520.0
0.9667 2536.0
1.0 3040.0
1.0333 2576.0
1.25 1592.0
0.7517 2672.0
1.1667 2248.0
0.8333 2240.0
1.25 3104.0
0.7833 2832.0
1.1667 3296.0
0.8333 3200.0
1.0 2584.0
1.0 2600.0
1.0183 3056.0
0.9667 1648.0
1.3333 1432.0
0.6333 2112.0
0.9833 1504.0
1.0667 1952.0
0.9333 2360.0
1.1 6592.0
0.9183 4656.0
1.0333 5680.0
1.0 4664.0
0.95 5488.0
1.0167 6248.0
1.0 5280.0
1.0 5864.0
1.0 6384.0
1.0017 5816.0
1.0 6008.0
1.0 6376.0
1.1 5816.0
0.9333 6048.0
1.0 6976.0
1.0167 6424.0
0.95 6536.0
1.0517 6656.0
0.9667 7096.0
1.0667 6976.0
0.95 7400.0
1.0 6848.0
1.0 7360.0
1.0 7608.0
0.9833 7264.0
1.0683 7472.0
1.0 7920.0
0.95 7248.0
1.05 7856.0
1.0 8480.0
1.0 7176.0
1.0 7840.0
1.0 8000.0
1.0017 7576.0
1.0 7928.0
1.0 8400.0
1.0 7512.0
1.0 8000.0
1.1167 8160.0
0.85 7816.0
1.0 7584.0
0.985 7888.0
1.0667 7720.0
1.05 7616.0
1.0 8240.0
0.8833 7616.0
1.0167 7728.0
1.0 8400.0
1.0 7256.0
1.0017 7576.0
1.0 8480.0
1.0 7880.0
1.0 7744.0
1.0 8320.0
1.0 7280.0
1.0 7888.0
1.0 8240.0
1.0017 7584.0
1.0 7736.0
1.0667 8400.0
1.0 7312.0
1.0167 7952.0
1.05 8080.0
0.8667 7528.0
1.1833 7640.0
0.9183 8880.0
1.0167 7768.0
1.0167 7664.0
0.95 8000.0
1.0 7256.0
1.0 7736.0
1.0 8160.0
1.0 7672.0
2.0683 8000.0
0.8667 7424.0
1.0 7960.0
1.0833 8400.0
1.0 8000.0
1.0 7600.0
0.9333 8320.0
1.0017 7632.0
1.05 7400.0
1.0 8240.0
0.95 7848.0
1.1 7216.0
0.9833 9440.0
1.0667 7008.0
0.9667 7744.0
0.9517 8560.0
0.95 7040.0
1.0667 7672.0
0.9333 7920.0
1.0667 7336.0
0.95 7960.0
1.0 8960.0
1.05 7096.0
0.9683 7712.0
0.9667 8640.0
1.1 7864.0
0.9833 7512.0
0.9667 8080.0
1.05 7960.0
0.9 7784.0
1.0 8000.0
1.0017 7928.0
1.0 6280.0
1.0 9760.0
1.0 5256.0
1.0167 5432.0
1.0167 7552.0
0.9667 5600.0
1.0 6336.0
1.335 6456.0
0.6667 5704.0
1.0667 6272.0
1.0 7000.0
1.0 6864.0
0.9833 6008.0
1.0667 7464.0
0.9167 6304.0
1.0017 7288.0
1.0 7208.0
1.0 6824.0
1.0 7448.0
1.1 7864.0
0.95 7600.0
1.0 7832.0
1.0333 7984.0
1.0017 7424.0
0.95 5168.0
1.0 6056.0
1.0 6024.0
1.0 5632.0
1.0 6208.0
0.95 6312.0
1.45 6928.0
0.635 6048.0
0.9667 6376.0
1.0333 6592.0
1.0167 6424.0
1.0333 6816.0
1.0 7016.0
0.9333 7496.0
1.0167 6848.0
1.0183 6800.0
0.9167 7792.0
1.0833 6976.0
1.0333 7384.0
0.9 8080.0
1.0 7896.0
1.0 7000.0
1.0 8080.0
1.0017 7832.0
1.0167 7296.0
0.9833 8400.0
1.0333 7520.0
1.0 7800.0
1.0833 8560.0
1.0 7776.0
0.9833 7512.0
0.9183 8400.0
1.0167 7504.0
1.0667 8000.0
1.0167 8400.0
0.95 6816.0
1.0 7864.0
1.0 8560.0
1.0 7376.0
0.9683 7560.0
0.9833 7920.0
1.0 7760.0
3.1167 7840.0
1.0167 8080.0
1.0 8480.0
0.9517 6872.0
1.0 7880.0
1.0667 7920.0
1.0 8720.0
0.9 6720.0
0.9667 8000.0
1.0333 7880.0
1.1167 7640.0
0.9183 8000.0
1.0 7840.0
1.0 7920.0
0.9667 8160.0
1.0833 7624.0
0.8833 7568.0
1.0 8560.0
1.0333 7768.0
1.0167 7744.0
1.0017 7920.0
0.9833 7296.0
1.0 7824.0
1.0333 8160.0
0.9833 7696.0
1.0 8000.0
1.0667 7816.0
0.9167 7792.0
1.1183 7704.0
1.0 8000.0
1.0167 7888.0
0.65 7816.0
