0.3667 7808.0
1.0 7904.0
1.0 8240.0
1.0 7768.0
1.0 7952.0
1.0333 7912.0
1.0 7528.0
2.0 8000.0
1.0 7392.0
1.0 8480.0
1.0 8160.0
1.0333 7280.0
1.0 7928.0
0.9667 7920.0
1.0 7704.0
1.0333 8160.0
1.0 7728.0
1.0 7456.0
1.0 8320.0
1.0 7920.0
1.0 7096.0
0.9667 8000.0
1.0333 8080.0
1.0 7552.0
1.0 8160.0
0.9667 8000.0
1.0333 7440.0
1.0 8000.0
1.0 7976.0
1.0 7592.0
1.0333 7888.0
1.0 8160.0
0.9667 7704.0
1.0 7936.0
1.0 7920.0
1.0 7456.0
1.0 8240.0
1.0 7920.0
1.0 7464.0
1.0333 7840.0
1.0 7920.0
0.9667 7640.0
1.0 7920.0
1.0 8240.0
1.0333 7304.0
1.0 8000.0
0.9667 8080.0
1.0 7536.0
1.0 7856.0
1.0333 7840.0
1.0 7680.0
1.0 8000.0
1.0 7920.0
1.0 7512.0
1.0 8160.0
1.0 7960.0
1.0 7496.0
1.0 7984.0
1.0 7840.0
0.9667 7680.0
1.0333 7992.0
1.0 8080.0
1.0 6688.0
1.0 7920.0
1.0 8000.0
1.0333 7792.0
1.0 8000.0
0.9667 8240.0
1.0 7352.0
2.0333 7840.0
1.0 7704.0
1.0 8160.0
0.9667 7832.0
1.0 7896.0
1.0 8000.0
1.0 7496.0
1.0333 7512.0
2.0 8000.0
1.0 7568.0
0.9667 7912.0
1.0333 8080.0
1.0 7752.0
1.0 7992.0
1.0 7920.0
1.0 7616.0
1.0 8000.0
1.0 8080.0
1.0 7576.0
1.0 7592.0
1.0 7920.0
1.0 7616.0
1.0 8000.0
1.0333 7920.0
0.9667 7560.0
1.0 8080.0
1.0333 7416.0
0.9667 7696.0
1.0 8160.0
1.0333 7904.0
0.9667 7760.0
1.0 7904.0
1.0 7840.0
1.0333 7736.0
1.0 7600.0
1.0 8400.0
1.0 7840.0
1.0 7984.0
1.0 7840.0
1.0 7384.0
1.0 7920.0
1.0 7840.0
1.0 7424.0
1.0 8000.0
1.0 8080.0
1.0 7760.0
1.0 7968.0
1.0 8080.0
1.0 7600.0
1.0 8000.0
1.0 7872.0
1.0333 6952.0
1.0 8480.0
1.0 7840.0
1.0 7304.0
1.0 7824.0
0.9667 8000.0
1.0 7376.0
1.0 8320.0
1.0 7920.0
1.0 7440.0
1.0 7840.0
1.0 8000.0
1.0 7928.0
1.0 8000.0
1.0 7840.0
1.0 7992.0
1.0 7536.0
1.0333 8080.0
1.0 7640.0
1.0 8000.0
1.0 7800.0
1.0 7920.0
1.0 7840.0
1.0 8000.0
1.0333 7560.0
1.0 7840.0
1.0 7920.0
0.9667 7672.0
1.0 7864.0
1.0 8080.0
1.0 7568.0
1.0 8000.0
1.0 7840.0
1.0 7648.0
1.0 8560.0
1.0 7872.0
1.0 7576.0
1.0 7840.0
1.0 8000.0
1.0333 7544.0
1.0 8080.0
1.0 7920.0
1.0 7704.0
1.0 8080.0
1.0333 7776.0
1.0 7672.0
1.0 8000.0
1.0 7432.0
0.9667 8080.0
1.0 7848.0
1.0 8000.0
1.0 7840.0
2.0 7920.0
1.0 7560.0
1.0333 7888.0
1.0 8160.0
1.0 7480.0
1.0 7752.0
1.0 7840.0
0.9667 7728.0
1.0 8000.0
1.0 8080.0
1.0333 7304.0
1.0 8000.0
1.0 7920.0
1.0 7608.0
1.0 7824.0
1.0 8080.0
1.0 7504.0
2.0 7920.0
1.0 7632.0
1.0 8320.0
1.0333 7920.0
1.0 7880.0
0.9667 7840.0
1.0 7768.0
1.0 7480.0
1.0 8480.0
1.0 7776.0
1.0333 7920.0
1.0 7960.0
0.9667 7696.0
1.0333 7464.0
1.0 7920.0
1.0 8000.0
0.9667 7248.0
1.0 7536.0
1.0 8080.0
1.0333 7456.0
1.0 8400.0
1.0 7800.0
1.0 7520.0
1.0 7920.0
1.0 8560.0
1.0333 7504.0
1.0 7960.0
0.9667 7912.0
1.0 7800.0
1.0 7912.0
1.0 8000.0
1.0 7624.0
1.0 7840.0
1.0 7920.0
1.0333 7760.0
1.0 7984.0
0.9667 7960.0
1.0 7624.0
1.0 7840.0
1.0 8080.0
1.0333 7184.0
1.0 7920.0
1.0 7912.0
1.0 7296.0
1.0 7944.0
1.0 7840.0
1.0 7400.0
1.0333 7720.0
0.9333 7848.0
1.0 7424.0
1.0333 7920.0
1.0 8320.0
1.0 7216.0
1.0 7840.0
1.0 6432.0
1.0 7928.0
1.0 7960.0
1.0 7544.0
2.0333 8080.0
0.9667 7360.0
1.0 8160.0
1.0 8080.0
1.0 7360.0
1.0333 8000.0
1.0 8160.0
1.0 7304.0
0.9667 6664.0
1.0333 7952.0
1.0 7568.0
1.0 8160.0
1.0 8080.0
1.0 7184.0
0.9667 5664.0
1.0 6296.0
1.0 5912.0
1.0 6608.0
1.0333 6984.0
1.0 6016.0
1.0 6464.0
1.0 7080.0
1.0 6040.0
1.0 5224.0
1.0 5312.0
1.0 5144.0
1.0 5728.0
1.0333 5568.0
1.0 5032.0
1.0 5712.0
1.0 6232.0
1.9667 6048.0
1.0333 6224.0
1.0 5776.0
1.0 6480.0
1.0 6664.0
1.0 6064.0
1.0 6968.0
1.0 6872.0
1.0 6480.0
1.0 7376.0
1.0 7168.0
1.0 6896.0
1.0 7456.0
1.0333 7392.0
0.9667 7584.0
0.2667 7840.0
