0.65 7920.0
0.9833 7680.0
1.1183 7376.0
0.9667 7792.0
0.95 8480.0
0.9833 7792.0
0.9833 8000.0
1.1 7840.0
0.9 7104.0
1.15 7912.0
0.9517 8720.0
0.9667 7208.0
0.95 7784.0
1.0 7920.0
1.0 7704.0
1.0 8000.0
1.0 7656.0
1.0 7760.0
1.0 8160.0
1.0017 7888.0
1.0 7696.0
1.0 7824.0
1.0833 8640.0
0.9167 7344.0
1.0833 7576.0
1.0 8720.0
1.0017 7400.0
1.0 7760.0
1.0 8480.0
1.0 7424.0
1.0 7512.0
1.0 8640.0
1.0 7144.0
1.0 7664.0
1.0 8800.0
1.0017 7448.0
1.0 7664.0
1.0 8560.0
1.0 7440.0
0.9833 7784.0
0.9833 8240.0
1.1167 7304.0
0.9 7976.0
1.0017 8560.0
1.0 7384.0
1.0 7840.0
1.0 8320.0
0.9667 7576.0
1.1167 7648.0
0.95 8000.0
0.9833 7320.0
1.0017 8000.0
1.0 8320.0
1.0 7288.0
1.0 7928.0
1.0167 8480.0
0.9833 7632.0
0.9667 7712.0
1.1 7840.0
1.0017 7704.0
0.9833 7968.0
1.0 8480.0
0.9833 7152.0
1.0 7840.0
0.9333 7936.0
1.0 8000.0
2.0017 7920.0
1.0833 7312.0
1.0 7840.0
1.0 8240.0
0.9167 7840.0
1.0833 7248.0
0.9167 7920.0
1.0667 7840.0
2.0017 7920.0
1.0 7696.0
1.0 8240.0
1.0333 8160.0
1.05 7792.0
0.9333 7720.0
1.0 7920.0
1.135 7488.0
0.8 7440.0
1.0667 8960.0
0.9833 6888.0
0.9833 7704.0
1.1 7920.0
0.9667 7928.0
0.9167 7792.0
1.0183 8240.0
1.0 7832.0
1.0167 8240.0
1.1 7816.0
0.8667 7480.0
1.0 8160.0
1.0 8080.0
1.0 7600.0
1.0017 7856.0
1.0833 7992.0
0.9167 8080.0
1.0833 7424.0
0.9833 7696.0
1.0167 8560.0
1.0333 7744.0
0.95 7784.0
0.9683 7584.0
1.0 7840.0
1.05 8000.0
1.0 7840.0
0.9667 8000.0
0.9667 7920.0
1.0 7392.0
1.0 7648.0
1.0017 8080.0
1.1167 7456.0
1.0 7624.0
0.95 8400.0
0.95 7728.0
1.1 7824.0
0.9667 8000.0
0.9167 7736.0
1.085 7384.0
1.0 9600.0
1.0 6888.0
1.0 8800.0
1.0 7568.0
1.0 7168.0
1.0 7592.0
1.0 7920.0
1.0017 7728.0
0.95 8080.0
1.1333 8400.0
0.9 7416.0
1.05 7560.0
0.9167 7976.0
1.0 7880.0
1.0 7920.0
1.0017 8320.0
1.0 7840.0
1.0 7592.0
1.0 8240.0
1.0 7424.0
1.0 7368.0
1.0 7536.0
1.0 7832.0
1.0017 8000.0
1.15 8480.0
0.9833 7608.0
1.0 7896.0
1.9 8320.0
1.0 7992.0
0.9833 7800.0
1.1183 6968.0
2.2 2208.0
1.0 5880.0
0.9833 6416.0
1.0 6176.0
0.985 6216.0
1.0833 6152.0
0.9333 6672.0
0.9833 7024.0
1.0 6120.0
1.1333 6264.0
0.9833 7032.0
0.9 7224.0
1.135 6240.0
1.0 7712.0
0.9667 6896.0
0.9 6816.0
1.1 7824.0
0.9 7048.0
1.0 7592.0
1.0 7560.0
1.0017 7288.0
1.1167 7792.0
0.9833 8160.0
0.9667 7576.0
1.0 7760.0
1.0 8720.0
1.0 7736.0
1.0 7576.0
1.0017 8800.0
1.0 7328.0
1.0333 8000.0
0.9167 7920.0
1.1 7528.0
0.9667 7584.0
1.0333 8240.0
1.0 7384.0
0.9183 7704.0
1.0833 8480.0
0.9333 7856.0
1.0833 7888.0
0.9167 7920.0
1.1 7840.0
0.9167 7832.0
1.0 7840.0
0.9667 6816.0
1.0017 8080.0
1.0 8480.0
1.0 7888.0
1.0 7920.0
1.0 7744.0
1.0 7512.0
1.1 7920.0
0.9517 7840.0
0.9833 7800.0
0.9667 7840.0
1.0 7976.0
1.1167 7800.0
0.9167 7920.0
1.0 7992.0
2.0 7712.0
1.0017 8640.0
1.0 7352.0
1.0667 7840.0
0.9667 8720.0
0.9667 7848.0
0.9833 7632.0
1.05 7680.0
1.0017 7088.0
1.0 7704.0
1.0333 8480.0
0.9333 7392.0
1.0 7656.0
1.0 8240.0
1.0 7680.0
1.15 7880.0
0.9 7984.0
1.0183 7704.0
1.0833 7832.0
0.9333 8240.0
1.0 7632.0
1.1 7848.0
0.8167 7920.0
1.0 7840.0
1.1333 7720.0
0.9017 8000.0
1.1 7904.0
0.9667 7880.0
0.9833 7848.0
0.9667 7920.0
0.9667 7912.0
1.1167 8560.0
0.9667 7856.0
0.935 7576.0
0.9833 7880.0
1.0333 7544.0
1.0167 7680.0
0.9667 7944.0
1.05 7872.0
1.0 8080.0
1.0 7920.0
1.035 7568.0
0.9667 7840.0
0.9667 8400.0
0.9667 8000.0
1.0 7920.0
1.0 7944.0
1.0833 7992.0
1.0167 7800.0
1.0017 7992.0
0.95 7928.0
1.0 7840.0
1.0833 7920.0
0.9333 7608.0
1.05 7560.0
1.0 8000.0
1.0 7624.0
1.0183 7920.0
0.9833 7768.0
0.95 8240.0
0.9833 7656.0
0.9667 8400.0
1.05 7800.0
1.0 7840.0
0.9667 7552.0
1.1017 7504.0
0.9333 7864.0
1.9667 7920.0
1.1 8320.0
0.9833 7144.0
0.9833 7992.0
0.9833 8080.0
0.985 7576.0
1.0 7296.0
0.9833 7512.0
1.05 9840.0
1.0167 6432.0
0.9667 7920.0
0.9833 7608.0
0.4667 8240.0
