0.5 7920.0
1.0017 7376.0
1.0 8000.0
0.95 8240.0
1.0 7352.0
1.0167 7696.0
1.0 8080.0
1.0 7536.0
1.0 7728.0
1.0017 8320.0
1.4667 7408.0
0.8167 7840.0
1.2833 8560.0
0.6333 7920.0
1.1833 7336.0
0.65 8160.0
0.95 7696.0
1.3017 7552.0
0.8333 8080.0
1.0167 7464.0
0.9167 7896.0
1.2833 8320.0
0.7333 7352.0
1.2167 7840.0
0.7833 8800.0
0.9683 7760.0
1.0 8160.0
1.0 7144.0
1.0833 7760.0
0.8833 7384.0
1.1 8240.0
1.1167 7424.0
0.9 7544.0
1.0017 8800.0
1.0333 7112.0
0.9833 7584.0
0.95 9600.0
1.1167 6616.0
0.9667 7768.0
0.9667 9360.0
0.9667 6424.0
1.0017 7840.0
1.0 9040.0
1.0 6768.0
1.0 7928.0
1.0667 8480.0
0.9667 7176.0
1.0167 7792.0
0.95 8960.0
1.0017 6808.0
1.1 7664.0
1.0167 9040.0
1.0667 6944.0
1.0 7616.0
0.9667 8960.0
0.9667 6952.0
1.0 7568.0
0.9683 8880.0
0.9667 6952.0
0.9667 7808.0
1.1167 8800.0
1.0167 7088.0
0.95 7656.0
0.9833 8560.0
0.9667 7456.0
1.0683 7792.0
1.0 8640.0
0.8833 7032.0
1.1167 7792.0
1.0167 8080.0
0.9 7568.0
0.9833 7392.0
1.0 9600.0
1.0017 5784.0
1.0 7440.0
1.0 9120.0
1.0 7784.0
1.0 6464.0
1.0 8720.0
1.0 6576.0
1.0 8720.0
1.0683 8640.0
0.9167 7160.0
1.1167 7960.0
0.8667 8560.0
1.0333 7560.0
1.0333 7208.0
1.0167 8800.0
0.9833 7160.0
0.985 7424.0
1.0167 8480.0
0.9167 7344.0
1.0 7936.0
1.0 8320.0
1.0 7344.0
1.0 7528.0
1.0833 8480.0
1.0017 7696.0
1.0 7480.0
1.0 8880.0
1.0 7192.0
1.0 7464.0
1.0 8880.0
1.0 7352.0
1.0 7736.0
1.0017 8320.0
1.0 7584.0
0.95 7648.0
0.9833 8400.0
1.1167 7592.0
0.9167 7704.0
1.0 8240.0
1.05 7984.0
0.9333 7336.0
1.0017 8720.0
1.0 7808.0
1.0833 7920.0
0.9167 8400.0
1.0 6984.0
1.0 7920.0
1.0 8800.0
1.0017 7856.0
1.0 7896.0
1.0 7840.0
1.0 8000.0
1.0 7000.0
1.0 8160.0
1.0833 6864.0
1.0 7960.0
0.9683 7800.0
1.0333 7544.0
0.9833 7744.0
1.0167 8560.0
1.0 7632.0
1.0 7616.0
1.0 8640.0
1.0 7504.0
1.0 7640.0
1.0017 8720.0
1.0 7776.0
1.0 7992.0
1.0833 8080.0
0.85 7752.0
1.05 7712.0
1.0667 8560.0
0.9 7408.0
1.0017 7696.0
1.0 8000.0
1.0167 7600.0
1.0667 7688.0
0.9333 8320.0
1.0 7792.0
0.9833 7848.0
1.1 8080.0
1.0017 7600.0
0.9667 7944.0
0.9333 7840.0
1.0 7416.0
1.0 6592.0
1.0 8640.0
1.0 7800.0
1.0833 9040.0
1.0017 7800.0
1.0 6288.0
1.0 8720.0
2.0 8080.0
1.0167 7920.0
0.95 7840.0
1.0333 6480.0
1.0017 7360.0
2.0 8800.0
1.0 7960.0
0.9333 8560.0
1.0 7328.0
1.0833 7208.0
1.0 8560.0
1.0017 7712.0
1.0 7584.0
0.9833 8160.0
1.0667 7512.0
0.8833 7640.0
1.0833 8000.0
1.0 7840.0
0.9333 7784.0
1.0017 8240.0
1.0 7760.0
1.0 8320.0
1.0 7752.0
1.0 7072.0
1.0 7240.0
1.0 9200.0
1.0 7520.0
1.0017 8160.0
1.1167 7656.0
1.0 7464.0
0.95 7472.0
1.0 8320.0
1.0 7520.0
0.9833 7920.0
0.95 8880.0
1.0517 6928.0
1.0 7648.0
1.0833 8640.0
0.9167 7280.0
1.0 7344.0
1.0833 8720.0
1.0167 7408.0
0.9667 7968.0
0.9683 8560.0
1.0667 7184.0
0.9167 7712.0
1.0 8720.0
1.1333 7360.0
0.8667 7752.0
1.0833 9040.0
1.0 6768.0
0.9183 7688.0
1.0 8720.0
1.1 7464.0
1.0167 7384.0
0.9167 8640.0
1.0 7248.0
1.0 7640.0
1.05 8400.0
1.0017 7576.0
1.0667 7864.0
0.9333 8560.0
1.0 7288.0
1.0 7608.0
1.0 8560.0
1.0 8080.0
0.9833 7032.0
1.1683 8960.0
0.8333 6528.0
1.0 7776.0
1.0 8560.0
0.9167 7304.0
1.0 7584.0
1.0 8560.0
1.0 7200.0
1.0017 7376.0
1.0 8640.0
1.1333 7688.0
0.9833 7984.0
0.9667 8160.0
0.9833 7744.0
1.0 7928.0
1.0 8560.0
1.0017 7616.0
1.0 7840.0
1.0 8000.0
0.95 7680.0
1.05 7648.0
1.0 8400.0
1.0 7592.0
1.0 7640.0
1.0017 8320.0
0.9833 6848.0
1.0 7608.0
1.0 8240.0
0.9667 8560.0
1.0333 7840.0
1.0 7864.0
1.0 7600.0
1.0017 7824.0
1.0 8560.0
1.0 6888.0
1.0 7648.0
1.1167 8480.0
0.8833 7488.0
1.0 7408.0
1.0 8560.0
1.0183 7360.0
1.0833 7552.0
0.95 8160.0
0.9333 7840.0
1.05 7968.0
1.0 8400.0
1.0 7872.0
1.0 7920.0
1.0017 8000.0
1.0 6840.0
1.0 7608.0
1.0 8320.0
1.0 8000.0
1.0 7632.0
1.0 8640.0
1.0 7920.0
1.0017 8240.0
1.0 7600.0
1.0 7568.0
1.05 7640.0
1.05 8240.0
0.9333 7704.0
1.0667 7920.0
0.9333 8560.0
0.935 7712.0
0.8167 7920.0
