0.3 4408.0
1.0 4216.0
1.0 4840.0
1.0 5152.0
1.0 4496.0
1.0 4992.0
1.0333 5288.0
1.0 4928.0
1.0 5288.0
1.0 5344.0
1.0333 5224.0
0.9667 5784.0
1.0333 5848.0
1.0 5256.0
1.0 6304.0
0.9667 5984.0
1.0333 5568.0
1.0 6336.0
1.0 6616.0
1.0 5960.0
1.0 6432.0
1.0 6720.0
1.0 6208.0
1.0 7056.0
1.0 6768.0
1.0 6544.0
1.0333 7264.0
1.0 7176.0
0.9667 6728.0
1.0 7704.0
1.0 7792.0
1.0333 7040.0
0.9667 7488.0
1.0 7624.0
1.0333 7184.0
1.0 7920.0
1.0 8080.0
1.0 7328.0
1.0 7920.0
0.9667 8000.0
1.0333 7440.0
1.0 7816.0
1.0 8160.0
1.0 7400.0
1.0333 7448.0
0.9333 5984.0
1.0333 5544.0
1.0 6368.0
1.0 6624.0
1.0 5792.0
1.0333 6416.0
0.9667 6488.0
1.0 6992.0
1.0 6952.0
1.0 6520.0
1.0333 7520.0
0.9667 6912.0
1.0 6792.0
1.0333 7608.0
1.0 7688.0
1.0 7816.0
0.9667 6944.0
1.0 7872.0
1.0 8080.0
1.0 6688.0
1.0 7920.0
1.0333 7968.0
1.0 8400.0
1.0 7728.0
1.0 7440.0
1.0 7936.0
1.0333 7768.0
0.9333 7424.0
1.0333 7704.0
1.0 7840.0
1.0 7736.0
1.0 8080.0
1.0333 8160.0
0.9667 7400.0
1.0 8080.0
1.0 8000.0
1.0 7320.0
1.0 7800.0
1.0 7840.0
1.0 7688.0
1.0 8080.0
1.0 8000.0
1.0333 7600.0
1.0 7888.0
1.0 7840.0
0.9667 7880.0
1.0 7920.0
1.0 7888.0
1.0333 7744.0
1.0 7840.0
1.0 8160.0
0.9667 7472.0
1.0333 7864.0
0.9667 7840.0
1.0333 7432.0
1.0 7920.0
0.9667 8160.0
1.0 7256.0
1.0333 8080.0
1.0 7920.0
1.0 7528.0
1.0 7920.0
1.0333 8000.0
0.9333 7656.0
1.0333 8000.0
1.0 7840.0
1.0 7424.0
1.0 7920.0
1.0 8000.0
1.0 7224.0
1.0333 7920.0
1.0 8000.0
0.9667 7728.0
1.0 8000.0
1.0 8400.0
1.0 7224.0
1.0 7776.0
1.0333 7920.0
1.0 7624.0
1.0 7896.0
0.9667 7544.0
1.0333 5352.0
1.0 6288.0
1.0 6408.0
0.9667 6272.0
1.0 6392.0
1.0333 6584.0
1.0 6296.0
1.0 6880.0
1.0 6864.0
0.9667 6680.0
1.0 7112.0
1.0333 7288.0
1.0 6600.0
1.0 7600.0
1.0 7824.0
1.0333 6936.0
0.9667 7840.0
1.0 7800.0
1.0 7528.0
1.0 7928.0
1.0 8080.0
1.0333 7768.0
0.9667 7736.0
1.0 7920.0
1.0333 7448.0
1.0 8080.0
1.0 7920.0
1.0 7624.0
0.9667 7824.0
1.0 7920.0
1.0 7632.0
1.0333 7840.0
1.0 7920.0
1.0 7736.0
0.9667 7920.0
1.0333 8000.0
1.0 7448.0
1.0 7840.0
1.0 8000.0
1.0 7656.0
0.9667 7840.0
1.0333 8000.0
1.0 7632.0
1.0 7840.0
1.0 8000.0
1.0333 7688.0
1.0 7840.0
1.0 7920.0
0.9667 7760.0
1.0 7920.0
1.0 7944.0
1.0 7720.0
2.0333 7840.0
1.0 7560.0
1.0 8000.0
0.9667 7952.0
1.0333 5304.0
0.9667 5424.0
1.0333 6440.0
1.0 5888.0
0.9667 6240.0
1.0333 6528.0
1.0 5896.0
1.0 6736.0
1.0 6848.0
1.0 6384.0
1.0 6888.0
1.0 7320.0
1.0 6880.0
1.0 7224.0
1.0 7496.0
1.0 6848.0
1.0 7704.0
1.0 7784.0
1.0 7304.0
1.0333 7888.0
0.9667 7920.0
1.0 7496.0
1.0 7920.0
1.0 7840.0
1.0 5696.0
1.0333 6448.0
1.0 5984.0
1.0 6104.0
0.9667 6632.0
1.0333 6424.0
0.9667 6072.0
1.0 6992.0
1.0333 7392.0
0.9667 6296.0
1.0 7336.0
1.0 7712.0
1.0333 6472.0
1.0 7200.0
1.0 7920.0
1.0 6688.0
1.0 7488.0
1.0 8000.0
1.0 7736.0
1.0 7512.0
1.0 8080.0
1.0 7616.0
1.0 8080.0
1.0333 8000.0
0.9667 7600.0
1.0 7616.0
1.0 7920.0
1.0 7592.0
1.0333 8000.0
0.9667 7920.0
1.0333 7352.0
0.9667 8080.0
1.0 7840.0
1.0 7544.0
1.0333 8000.0
1.0 7920.0
1.0 7456.0
1.0 7928.0
1.0 7920.0
1.0 7584.0
0.9667 7936.0
1.0 8160.0
1.0333 7376.0
2.0 8000.0
1.0 7616.0
0.9667 8080.0
1.0333 7976.0
1.0 7448.0
1.0 7688.0
1.0 8000.0
1.0 7576.0
1.0 7920.0
0.9667 7840.0
1.0333 7560.0
1.0 8000.0
1.0 7920.0
1.0 7656.0
1.0333 7920.0
1.0 8240.0
0.9667 7080.0
1.0 8160.0
1.0333 8080.0
0.9667 7344.0
1.0 7920.0
1.0333 8320.0
1.0 7216.0
0.9667 7840.0
1.0 8000.0
1.0333 7552.0
1.0 7840.0
1.0 7920.0
0.9667 7712.0
1.0333 7840.0
1.0 8000.0
0.9667 7536.0
1.0333 7912.0
1.0 8160.0
1.0 7320.0
1.0 8080.0
1.0 8000.0
1.0 7232.0
1.0 7920.0
1.0 8080.0
1.0 7616.0
1.0 7840.0
1.0333 8080.0
0.9667 7696.0
2.0 8000.0
1.0 6704.0
1.0 7952.0
1.0 7920.0
0.8 7536.0
