0.1667 7920.0
0.9167 7768.0
1.1667 7448.0
0.8333 7560.0
0.0833 7568.0
0.0833 7560.0
0.9167 8320.0
1.0 7400.0
1.0833 7464.0
1.0017 8080.0
1.0 7864.0
1.0 7840.0
1.0 8320.0
1.0 7640.0
1.0 7720.0
1.0 8000.0
1.0333 7672.0
1.0017 7264.0
1.0 8080.0
0.95 7920.0
1.0 7912.0
1.0167 7880.0
2.9667 8000.0
1.0017 6864.0
1.0 7736.0
1.0 9280.0
1.0 7176.0
1.0 8240.0
1.0 8080.0
1.0 7496.0
1.0 7768.0
1.0 7920.0
1.0017 7408.0
1.0 7240.0
1.0 8400.0
1.0 8480.0
1.0 6992.0
1.0 8400.0
1.0 7936.0
1.0167 7664.0
1.0517 8080.0
0.95 7648.0
1.0 7560.0
1.0 7856.0
1.0 7920.0
1.0 8080.0
1.0 8240.0
0.9833 6864.0
1.085 7360.0
1.0 8320.0
1.0 7616.0
1.0 7552.0
1.0 9840.0
1.0 5416.0
1.0 8320.0
1.0 7672.0
1.0017 7840.0
1.0 8080.0
1.0833 7032.0
1.0 7664.0
1.0 7696.0
1.0 8400.0
0.9167 8720.0
1.1 7568.0
0.9517 8480.0
0.9833 7672.0
1.0833 7088.0
0.9 8160.0
1.0 8320.0
1.0 7688.0
1.0 7840.0
1.0 7184.0
0.9517 6792.0
1.0 8080.0
1.0 8720.0
1.0 7832.0
1.0 8000.0
1.0 6736.0
1.0 7648.0
1.0 8560.0
1.0017 7872.0
1.0 7608.0
1.0 8320.0
1.0 7496.0
1.0 8080.0
1.0333 8160.0
1.0667 7776.0
0.9667 7208.0
0.985 8480.0
0.9667 7648.0
1.1 8080.0
0.9667 8240.0
0.9667 7520.0
0.95 7272.0
1.05 8480.0
1.0667 7800.0
0.9683 7976.0
1.0 8160.0
0.95 7152.0
0.9833 7416.0
1.1 8320.0
0.9167 7368.0
1.0333 7880.0
0.95 8080.0
1.085 7720.0
0.9167 7912.0
1.0333 7920.0
0.9667 7864.0
1.05 7608.0
1.0 8240.0
1.0 8000.0
1.0 7896.0
1.0017 8240.0
1.0 7096.0
1.0 7336.0
1.0 8560.0
1.0 8000.0
1.0 7648.0
1.0 8720.0
1.0 7064.0
1.0017 7752.0
1.0 8720.0
1.0 7192.0
1.0 7832.0
0.9667 8800.0
1.0167 7672.0
1.0 6872.0
1.0 8320.0
1.0017 7688.0
1.0 7640.0
1.0 8160.0
1.0 7840.0
1.0 7616.0
1.0833 8640.0
0.9833 7488.0
0.95 7864.0
1.0517 8400.0
0.9333 7992.0
1.0833 8560.0
0.9167 7488.0
1.0 6944.0
2.0833 8080.0
0.9167 7504.0
1.0017 6568.0
1.0833 9280.0
1.0 7096.0
1.0 7864.0
1.0 8720.0
1.0 8560.0
1.0 6376.0
1.0 9200.0
1.0017 8000.0
1.0 6240.0
1.0 8000.0
1.0 7536.0
1.0 7960.0
0.9667 8560.0
0.9667 7848.0
1.0 7896.0
1.1017 7920.0
0.9667 8080.0
0.9667 7216.0
0.9833 8480.0
1.0 7560.0
1.1167 7392.0
0.9833 8400.0
0.9667 7832.0
1.0183 7816.0
0.9833 8160.0
1.0 7680.0
0.9333 7560.0
1.15 8080.0
1.0 8160.0
0.9333 7144.0
0.9333 8720.0
1.1017 7216.0
1.0 7944.0
1.0 7960.0
0.9667 7472.0
1.0 7768.0
0.9333 7928.0
1.0 9120.0
1.0 7696.0
1.0017 7944.0
1.0 7248.0
1.0833 6736.0
0.9167 8960.0
1.0 8320.0
1.0 7608.0
1.0 8240.0
1.0 6728.0
1.135 8480.0
1.0 7920.0
0.9333 7888.0
0.9833 7032.0
1.0 8320.0
1.0 7464.0
1.0 8080.0
1.0 8000.0
1.0017 7992.0
1.0 8160.0
1.1 7960.0
0.8667 7560.0
1.0 8080.0
1.0 8320.0
1.0 6728.0
1.0 8720.0
1.1183 7104.0
0.9167 9120.0
0.9833 7920.0
1.0833 7728.0
0.9667 5936.0
1.0 7472.0
0.9667 8640.0
1.05 7944.0
0.935 7912.0
1.1333 9600.0
1.0 7312.0
0.9667 6600.0
0.9667 9280.0
0.95 8800.0
1.1 7672.0
0.9 7032.0
1.0683 6872.0
1.0 7696.0
1.0 8240.0
0.9333 8320.0
1.1333 7656.0
0.9333 8480.0
1.0667 7272.0
1.8667 7840.0
1.0017 7800.0
1.0333 7992.0
1.0 8320.0
1.0 7640.0
1.0 7656.0
1.0 8320.0
1.0 7688.0
0.9833 7712.0
0.985 8320.0
1.0833 8080.0
0.9833 7920.0
1.0 7840.0
1.0 6928.0
1.0 7312.0
1.0 8000.0
1.0 8160.0
1.0017 8000.0
1.0 8480.0
1.0 6552.0
1.0 7504.0
1.0 8000.0
1.0 7920.0
1.0 7872.0
1.0 8160.0
1.0017 7848.0
1.0 7976.0
1.0 8160.0
1.0 7200.0
1.0 7680.0
1.0 7920.0
1.0 7840.0
1.0 7976.0
1.035 8320.0
1.0 7352.0
1.0 7792.0
1.0 8480.0
1.0 7232.0
1.0 7896.0
1.0 8480.0
1.0 7288.0
1.0017 7888.0
1.0 8480.0
1.0 7200.0
1.0 7840.0
1.0 8800.0
0.9833 7248.0
0.9667 7592.0
1.0333 8720.0
0.9683 7000.0
1.0833 7896.0
0.9833 8960.0
0.9333 7552.0
1.1 7120.0
0.9167 8880.0
1.0833 6976.0
0.9333 7752.0
1.035 8320.0
0.9667 7304.0
0.9833 7880.0
1.1667 8800.0
0.8333 7600.0
1.0 7344.0
1.0 8640.0
1.1333 7184.0
0.9183 7376.0
0.95 8800.0
1.05 7504.0
0.4667 7488.0
