0.5333 5912.0
0.8517 6160.0
1.15 6576.0
0.8667 6392.0
1.0 7056.0
1.0 6856.0
1.0 6392.0
1.0167 6576.0
1.0167 7680.0
1.0517 6848.0
1.0167 5216.0
1.0333 5888.0
0.8667 5328.0
1.1167 5432.0
0.9833 5848.0
0.9833 5304.0
1.0333 5480.0
0.885 5864.0
1.0 5712.0
1.1333 5592.0
1.0 6464.0
0.95 5704.0
1.35 5776.0
0.6667 6848.0
1.3017 6112.0
0.6833 6448.0
0.9833 6608.0
1.3167 6344.0
0.6667 6520.0
0.9833 6664.0
1.2667 7016.0
1.15 7144.0
0.65 7280.0
1.0017 6032.0
1.1333 7840.0
1.0 5704.0
0.85 5824.0
0.95 7632.0
1.0 7064.0
1.0 7744.0
1.0 7272.0
1.035 7416.0
1.0 7816.0
1.3833 7576.0
0.6667 5824.0
0.9167 6280.0
1.0 6024.0
2.0167 6288.0
1.1183 6576.0
1.4 6024.0
0.6167 7096.0
1.25 6264.0
0.6833 5888.0
0.9667 6712.0
0.9833 6944.0
1.0833 7680.0
0.9517 6744.0
0.95 6528.0
1.1167 7336.0
1.0 7656.0
1.0 7016.0
1.0 7304.0
0.9167 7856.0
0.9833 7328.0
1.1017 7528.0
1.0 8320.0
1.3333 7776.0
0.6667 7624.0
0.95 8240.0
1.0 7536.0
1.0 7696.0
1.0 8160.0
1.0017 7584.0
1.0 7944.0
1.0 8400.0
1.0 7424.0
1.0 8160.0
1.0 7992.0
1.0167 7728.0
1.0 7920.0
1.0017 8080.0
0.9667 7664.0
1.0 7264.0
1.0 8800.0
1.0 7056.0
0.9833 7504.0
1.0 8880.0
1.1167 7464.0
0.9683 7680.0
0.9833 8400.0
0.95 7440.0
0.9833 7480.0
1.05 7920.0
1.0 7840.0
1.0 7320.0
1.0 8560.0
1.0017 7808.0
1.05 8240.0
1.0 8160.0
0.95 6976.0
0.9667 7760.0
1.0333 8400.0
1.0 8080.0
1.0 6200.0
1.0017 6256.0
1.0 5584.0
1.0 5888.0
1.0 6984.0
1.0 4976.0
1.0 3760.0
1.05 3680.0
0.95 3528.0
1.035 4032.0
0.9667 4136.0
0.9833 4000.0
0.9833 4104.0
1.0167 4456.0
1.0333 4200.0
0.9667 4120.0
1.0 4512.0
1.0017 4176.0
1.0 4512.0
1.1667 5848.0
0.8833 4320.0
1.0667 5112.0
0.9833 5296.0
0.9 4984.0
1.0 5440.0
1.0183 5336.0
0.9833 5152.0
1.1333 4512.0
0.9833 4256.0
0.95 4512.0
0.9667 4216.0
1.1333 4544.0
0.9 5008.0
1.0017 4440.0
1.0 5104.0
1.0 4416.0
1.3333 4808.0
0.6833 5432.0
1.0 4656.0
1.1667 6616.0
1.35 5208.0
0.4517 3928.0
1.1833 4264.0
0.8167 3576.0
1.1833 3336.0
0.8167 3680.0
1.3167 3896.0
0.7833 3656.0
1.25 3896.0
0.6667 3784.0
1.1683 3664.0
1.25 3600.0
0.6667 3520.0
1.3333 4376.0
0.6667 4248.0
0.9167 3472.0
1.1 4736.0
0.935 3992.0
1.0167 4152.0
1.1667 3120.0
0.85 3368.0
0.9333 4152.0
1.0 4144.0
1.0 3944.0
1.0 4352.0
1.0 4176.0
0.985 4552.0
1.0 4600.0
1.0833 3680.0
1.3333 4448.0
0.6667 4712.0
1.1667 5128.0
0.8333 4504.0
1.0017 5160.0
1.0 4608.0
1.0 5040.0
1.0 5216.0
1.0 5200.0
1.0 5720.0
1.0 5624.0
1.0 5776.0
1.0 5320.0
1.0017 5384.0
1.0 6048.0
1.0 6248.0
1.0 6152.0
1.0 6016.0
0.95 6464.0
1.1667 5112.0
1.335 4328.0
0.6667 4616.0
0.9667 5400.0
0.9333 4976.0
1.0 5016.0
1.0 5808.0
1.0 4992.0
1.0 4704.0
1.0 5784.0
1.0517 5208.0
1.1 5744.0
1.15 5592.0
0.8667 5552.0
0.8833 5760.0
0.95 6504.0
1.0 5800.0
1.0 5904.0
1.0017 6288.0
1.0 5704.0
1.0 5944.0
1.0 6680.0
0.9667 6184.0
0.9833 6192.0
1.1333 6944.0
1.0 6432.0
1.0183 6448.0
0.8667 7328.0
1.0333 6720.0
0.9667 6600.0
1.0 7088.0
1.0 6896.0
1.0 6632.0
1.0 7296.0
0.935 6768.0
1.1333 6872.0
1.1 7656.0
0.85 7456.0
1.1167 6568.0
0.9833 8160.0
1.0167 6864.0
1.0167 6976.0
1.0017 7984.0
1.0167 6632.0
0.9 5592.0
1.0833 6272.0
1.3667 6256.0
0.7 5504.0
1.1667 6744.0
0.6833 6208.0
1.2017 5688.0
0.75 6360.0
1.1833 5320.0
1.1667 6552.0
0.65 6648.0
1.0167 6736.0
1.0167 7048.0
1.0667 6944.0
0.9683 6696.0
1.0333 6672.0
0.9667 6920.0
0.9667 6776.0
0.9833 7168.0
1.0 7768.0
1.0 6656.0
1.0 7992.0
1.0017 7528.0
1.0833 7672.0
0.9167 7440.0
1.0667 7920.0
0.9833 8480.0
0.9833 7512.0
1.0 6984.0
1.0833 8080.0
0.985 7696.0
0.95 8720.0
1.0 7336.0
1.0333 6816.0
0.9667 9920.0
0.9833 7568.0
1.0167 7128.0
1.0333 8160.0
0.9683 7160.0
1.1833 7920.0
1.2333 7840.0
0.5833 8000.0
1.3333 7472.0
1.0833 7960.0
0.5833 7920.0
1.0 7816.0
1.0017 8320.0
1.0 8160.0
1.0 8000.0
1.0 7784.0
1.0 7088.0
1.0 7920.0
1.1 8320.0
0.9667 7192.0
1.9183 7840.0
1.0 7568.0
1.0 7144.0
1.0 10160.0
1.0333 7224.0
0.9833 7664.0
1.0 8000.0
1.1517 7360.0
0.75 7920.0
