0.0667 7320.0
1.0333 7152.0
1.0 7272.0
0.9667 7440.0
0.9667 7400.0
1.0667 6960.0
0.9667 7720.0
1.0333 8320.0
0.9667 7736.0
1.0333 7216.0
1.0 7408.0
1.0 7200.0
1.0 7400.0
1.0 6648.0
1.0 7568.0
1.0333 7648.0
1.0 7048.0
1.0 8640.0
0.9667 8400.0
1.0333 7200.0
1.0 7120.0
1.0 7816.0
1.0 7680.0
1.0 7648.0
0.9333 8000.0
1.0333 7488.0
1.0 7704.0
1.0 7840.0
1.0 7424.0
1.0333 7704.0
1.0 7840.0
1.0 7600.0
1.0 7592.0
1.0 7840.0
1.0 8240.0
1.0 8000.0
1.0 8560.0
1.0 6712.0
1.0 7280.0
1.0 8080.0
1.0 7592.0
1.0333 7544.0
1.0 8240.0
0.9667 7176.0
1.0333 7768.0
1.0 8160.0
0.9667 7512.0
1.0333 7336.0
0.9667 8080.0
1.0 7640.0
1.0 7440.0
1.0333 8160.0
0.9667 7464.0
1.0333 7288.0
1.0 8320.0
1.0 7456.0
1.0 7632.0
1.0 8080.0
1.0 7416.0
1.0 7624.0
1.0 8160.0
1.0 8800.0
1.0 7584.0
1.0 7648.0
1.0 7344.0
0.9667 7656.0
1.0 8240.0
1.0333 7232.0
1.0 7440.0
0.9667 9360.0
1.0 7352.0
1.0333 7768.0
1.0 7760.0
1.0 7176.0
1.0 7936.0
0.9667 7960.0
1.0333 7576.0
1.0333 7496.0
0.9667 7840.0
1.0333 7288.0
1.0 7408.0
2.0 7840.0
1.0 7696.0
1.0 8080.0
0.9667 7464.0
1.0333 7864.0
0.9667 8400.0
0.9667 7136.0
1.0333 7744.0
1.0 5048.0
1.0333 5680.0
1.0 5816.0
0.9667 7056.0
1.0333 5360.0
1.0 6480.0
1.0 7304.0
1.0 5552.0
1.0 6432.0
1.0 7344.0
1.0 6152.0
1.0 6712.0
1.0333 7816.0
0.9667 6152.0
1.0333 7008.0
0.9667 8000.0
1.0 6224.0
1.0 6992.0
1.0 8080.0
1.0 6704.0
1.0 7136.0
1.0333 8400.0
1.0 6928.0
1.0 7432.0
0.9667 8000.0
1.0 7024.0
1.0333 7584.0
1.0 8720.0
1.0 7480.0
1.0 7592.0
1.0 8560.0
0.9667 7096.0
1.0 7920.0
1.0 8240.0
1.0 7152.0
1.0333 7848.0
0.9667 8560.0
1.0333 7040.0
1.0 7768.0
0.9667 8480.0
1.0333 7224.0
0.9667 7288.0
1.0333 8320.0
1.0 6928.0
1.0 7848.0
1.0333 8080.0
0.9667 7016.0
1.0333 7632.0
1.0 8400.0
0.9667 7152.0
1.0 7208.0
1.0 8240.0
1.0333 7040.0
0.9667 7648.0
1.0 8160.0
1.0 6992.0
0.9667 7712.0
1.0667 8080.0
1.0 8400.0
1.0 7800.0
1.0 8400.0
1.0 6944.0
1.0 7088.0
0.9667 8480.0
1.0333 7120.0
1.0 7576.0
1.0 8080.0
1.0 7456.0
1.0 7480.0
1.0 8240.0
1.0333 7104.0
1.0 7784.0
0.9667 8000.0
1.0333 7504.0
0.9667 7264.0
1.0 8320.0
0.9667 7120.0
1.0 7840.0
1.0333 8800.0
1.0 7160.0
1.0 7592.0
1.0333 8400.0
1.0 6920.0
1.0 7912.0
1.0 8400.0
0.9667 7816.0
1.0333 7688.0
1.0 8240.0
1.0 7576.0
1.0 7328.0
0.9667 7920.0
1.0 7744.0
1.0 7400.0
1.0333 8240.0
1.0 7360.0
1.0 7656.0
1.0 8160.0
1.0 7168.0
1.0 7656.0
1.0 8000.0
1.0 7496.0
1.0 7664.0
1.0333 7840.0
1.0 7472.0
1.0 7792.0
1.0 8720.0
1.0 7680.0
1.0 7920.0
0.9667 8400.0
1.0 7648.0
1.0 7160.0
1.0 8400.0
1.0333 7192.0
1.0 7784.0
1.0 8640.0
1.0 6632.0
1.0 7840.0
0.9667 8000.0
1.0333 7768.0
1.0 7352.0
2.0 8080.0
1.0333 8320.0
0.9667 7944.0
1.0 7912.0
1.0 7320.0
0.9333 7360.0
1.0667 7304.0
0.9333 7888.0
1.0667 7920.0
1.0 7176.0
1.0 7224.0
1.0 7840.0
1.0 7064.0
1.0 7256.0
1.0 7696.0
1.0 7496.0
1.0 7584.0
1.0 7920.0
1.0333 7224.0
1.0 7464.0
1.0 7696.0
1.0 7504.0
1.0 7160.0
1.0 7712.0
1.0 8320.0
0.9333 8080.0
1.0 7680.0
1.0333 6992.0
1.0 7920.0
1.0333 7848.0
1.0 7472.0
1.0 7272.0
0.9667 7816.0
1.0333 7472.0
1.0 7976.0
1.0 7728.0
1.0 7224.0
1.0 7920.0
1.0 7744.0
1.0 7448.0
1.0 7312.0
1.0333 7960.0
0.9667 7800.0
1.0333 8560.0
0.9333 7672.0
1.0667 7152.0
1.0 7920.0
1.0 9040.0
0.9667 7128.0
1.0333 7992.0
1.0 7840.0
1.0 6504.0
0.9667 7840.0
1.0333 7264.0
1.0 7272.0
0.9667 6752.0
1.0333 7464.0
1.0 6744.0
1.0 8640.0
1.0 8080.0
1.9667 7232.0
1.0 7800.0
1.0 6936.0
1.0333 6904.0
1.0 7480.0
1.0 6928.0
1.0 6976.0
1.0 7496.0
0.9667 6952.0
1.0333 7368.0
1.0 7680.0
1.0333 6576.0
1.0 6952.0
1.0 7488.0
1.0 6776.0
1.0 6880.0
0.9667 7496.0
1.0 7264.0
1.0 6848.0
1.0 7360.0
1.0333 6848.0
1.0 6792.0
1.0 7536.0
0.9333 6888.0
1.0667 6872.0
0.9667 7624.0
1.0333 6760.0
1.0 7016.0
0.9667 7720.0
