0.4667 7336.0
1.0667 7408.0
0.9667 8160.0
1.0 7032.0
1.0 8240.0
1.0333 8960.0
0.9667 7544.0
1.0 7920.0
1.0 7840.0
1.0333 6776.0
1.0 7480.0
1.0 8320.0
1.0 7312.0
1.0 8400.0
1.0 8560.0
1.0 7504.0
1.0 7576.0
1.0333 8080.0
0.9667 7984.0
1.0 7680.0
1.0 8160.0
1.0 7088.0
1.0 7456.0
1.0 9600.0
1.0 7448.0
1.0 7848.0
1.0 7624.0
1.0 7056.0
1.0 7616.0
1.0 8320.0
1.0 7288.0
1.0 7904.0
1.0 8160.0
1.0 7168.0
1.0 7488.0
1.0333 8240.0
1.0 7912.0
1.0 8160.0
1.0 8080.0
1.0 6992.0
1.0 7576.0
1.0 8320.0
1.0 7032.0
1.0 7944.0
1.0 8240.0
1.0 7056.0
1.0 7840.0
0.9333 8160.0
1.0333 7208.0
1.0 7608.0
1.0 8240.0
1.0333 7136.0
1.0 7648.0
1.0 8400.0
1.0 7104.0
1.0 7648.0
1.0 8480.0
1.0 7080.0
1.0 7528.0
1.0 8800.0
1.0 7592.0
1.0333 7160.0
0.9667 8480.0
1.0333 7032.0
1.0 7752.0
1.0 8800.0
0.9667 7840.0
1.0333 7824.0
1.0 7808.0
0.9667 6568.0
1.0 9040.0
1.0333 7960.0
1.0 7040.0
1.0 7664.0
1.0 7920.0
1.0 7344.0
1.0 7656.0
0.9667 7840.0
1.0 8400.0
1.0 7736.0
1.0333 7880.0
0.9667 6984.0
1.0333 7760.0
1.0 8080.0
1.0 7336.0
1.0 7904.0
1.0 7920.0
1.0 7344.0
1.0 7392.0
1.0 8320.0
1.0 7168.0
1.0 7936.0
1.9667 8480.0
1.0333 6696.0
1.0 8160.0
0.9667 7072.0
1.0333 7736.0
1.0333 8000.0
1.0 7424.0
1.0 7480.0
0.9667 7952.0
1.0333 7328.0
1.0 7408.0
1.0 7920.0
0.9667 7464.0
1.0333 6968.0
0.9667 9920.0
1.0333 7168.0
1.0 7432.0
1.0 7856.0
1.0 7176.0
1.0 7608.0
1.0 8320.0
1.0 7192.0
1.0 7584.0
1.0333 8160.0
1.0 7360.0
1.0 8640.0
1.0 8320.0
1.0 7904.0
0.9667 7840.0
1.0 8000.0
1.0 7232.0
1.0 8000.0
1.0 7760.0
0.9667 7856.0
1.0667 7552.0
0.9667 7672.0
1.0 8720.0
1.0333 7400.0
0.9667 7680.0
1.0 7200.0
1.0 7744.0
1.0333 7840.0
1.0 7320.0
1.0 7600.0
1.0 7864.0
0.9667 7512.0
1.0333 7568.0
0.9667 7944.0
1.0 7432.0
1.0333 7424.0
1.0 9040.0
1.0 7664.0
1.0 7288.0
1.0 7416.0
1.0 7128.0
1.0 6920.0
1.0333 7872.0
0.9667 7376.0
1.0333 8960.0
1.0 8160.0
1.0 7040.0
0.9667 7912.0
1.0333 8160.0
1.0 7496.0
1.0 7880.0
1.0 8480.0
1.0 7152.0
0.9667 7160.0
0.9667 8320.0
1.0 7064.0
1.0333 7752.0
0.9667 9520.0
1.0333 7168.0
0.9667 7784.0
1.0 7808.0
1.0667 6976.0
0.9667 7616.0
1.0333 7920.0
0.9667 7544.0
1.0333 7944.0
1.0 7704.0
1.0 7856.0
0.9667 8560.0
1.0333 7840.0
1.0 7392.0
1.0 7256.0
1.0 8160.0
1.0 7224.0
1.0333 7528.0
0.9667 8160.0
1.0333 7736.0
0.9667 7720.0
0.9667 8800.0
1.0 7176.0
1.0 7112.0
1.0333 8000.0
1.0333 7512.0
1.0 8480.0
1.0 8160.0
1.0 7352.0
0.9667 7840.0
1.0333 8320.0
1.0 6920.0
1.0 7432.0
1.0 8400.0
1.0 7056.0
1.0 7376.0
0.9667 7920.0
1.0333 7336.0
1.0 7816.0
1.0 7920.0
0.9333 7072.0
1.0333 7696.0
1.0 7920.0
1.0 7376.0
1.0333 7328.0
1.0 8160.0
1.0 7152.0
1.0 7744.0
1.0 8000.0
1.0 7152.0
1.0 7888.0
1.0333 8400.0
1.0 7272.0
1.0 7872.0
1.0 9120.0
1.0 7904.0
1.0 7864.0
1.0333 8080.0
0.9667 7568.0
0.9667 7656.0
1.0 7920.0
1.0333 7992.0
0.9667 8000.0
1.0 7704.0
1.0333 6960.0
0.9667 7176.0
1.0333 8000.0
1.0333 8560.0
1.0 7640.0
0.9667 8560.0
1.0 7424.0
1.0 7320.0
1.0 8080.0
1.0 7280.0
1.0 7872.0
1.0333 8080.0
1.0 7528.0
0.9667 7792.0
1.0 8000.0
0.9667 7680.0
1.0 7888.0
1.0333 8160.0
1.0 7400.0
1.0 8480.0
1.0 8080.0
1.0 7176.0
1.0333 7600.0
0.9667 8080.0
1.0333 7400.0
1.0 7664.0
0.9667 8320.0
1.0 7304.0
1.0333 7696.0
1.0 8240.0
0.9667 7056.0
1.0333 7792.0
1.0 9760.0
1.0 6896.0
1.0 7704.0
0.9667 8480.0
1.0 7312.0
1.0333 7216.0
1.0 8160.0
1.0 7280.0
1.0 7840.0
1.0 8480.0
1.0 7112.0
1.0 7872.0
1.0 8800.0
1.0333 6936.0
0.9667 7864.0
1.0 8560.0
1.0 7184.0
1.0333 7872.0
1.0 8560.0
1.0 7704.0
0.9667 7824.0
0.9667 8480.0
1.0 7840.0
1.0333 7632.0
1.0 7920.0
1.0 7808.0
1.0333 7920.0
1.0 8000.0
1.0 8080.0
1.0 7272.0
1.0 8000.0
1.0 6920.0
1.0 7320.0
1.0 7688.0
1.0 7376.0
1.0 7240.0
1.0 7600.0
1.0 7496.0
1.0 7224.0
0.9333 7320.0
