0.4333 7488.0
1.0333 8560.0
1.0 7408.0
1.0 7840.0
1.0 8480.0
1.0017 7160.0
1.0 7880.0
1.0 8400.0
1.0 7392.0
1.0 7520.0
1.0 8160.0
1.0 7760.0
1.0 7728.0
2.0017 8240.0
1.0 7496.0
1.0 8160.0
1.0 6760.0
1.0 7624.0
1.0 9040.0
1.0 7920.0
1.0017 6800.0
1.0 9760.0
1.0 6912.0
1.0 7208.0
1.0 8400.0
1.0 6016.0
1.0 7480.0
1.0 9520.0
1.0017 7360.0
1.0833 6624.0
1.0 8640.0
1.0 7016.0
0.9167 8480.0
1.0833 8880.0
1.0167 6880.0
1.9183 7920.0
1.1333 7696.0
0.9833 7856.0
0.9833 8320.0
0.9667 7400.0
0.95 7848.0
1.0 8320.0
1.1167 7416.0
1.0017 7656.0
0.9 8080.0
0.9833 7696.0
1.0 7760.0
1.0 8240.0
2.0 7824.0
1.0 8160.0
1.0017 7664.0
1.0 7856.0
1.1 8160.0
0.9167 7552.0
1.0 7832.0
1.0 8320.0
1.0 7712.0
1.0 7616.0
1.0017 8400.0
1.0 7456.0
1.0 7712.0
1.0 8560.0
1.0167 7128.0
1.0167 7768.0
1.0 8000.0
1.0 8080.0
1.0017 8000.0
1.0 8080.0
1.0 7144.0
1.0 7832.0
1.0 7920.0
1.0833 7808.0
0.9833 8480.0
0.9333 8240.0
1.0017 7928.0
2.0667 7920.0
1.9167 7680.0
1.0333 6656.0
0.9667 7816.0
1.0167 8240.0
1.135 8080.0
0.9333 7656.0
0.9167 7560.0
1.1167 8560.0
0.9667 7936.0
0.9667 7864.0
0.9667 8080.0
0.9833 7616.0
1.0017 7832.0
1.0 8240.0
1.0 7304.0
1.1333 7632.0
1.0 8160.0
1.0 7336.0
0.8667 7592.0
1.0 8480.0
1.085 7272.0
1.0 7568.0
1.0 8800.0
1.0 7376.0
1.0 8560.0
1.0 7920.0
1.0 7768.0
1.0 7600.0
1.0017 8080.0
1.0 7776.0
1.0 7840.0
1.0 7880.0
1.0 7664.0
1.0 7784.0
1.0 7944.0
1.0 7696.0
1.0017 8000.0
1.0 8240.0
1.0 7704.0
1.0 7736.0
1.0 8160.0
1.0 7168.0
1.0 7544.0
1.0 8320.0
1.0017 7712.0
2.0 7920.0
1.0 7184.0
1.0 7840.0
1.0 8480.0
1.0 7128.0
1.0 8080.0
1.0017 7920.0
1.0833 7536.0
0.9 7688.0
1.1167 8400.0
0.9167 7536.0
0.9833 7728.0
0.9833 8240.0
1.0667 7872.0
0.9833 7680.0
1.0517 7840.0
0.95 7752.0
0.9333 7880.0
1.05 8560.0
1.0333 7936.0
2.0 7784.0
1.0 7792.0
1.0017 8000.0
1.0 8400.0
1.0 7552.0
1.0 7920.0
1.0 7840.0
1.0 6944.0
1.0 7512.0
1.0017 8480.0
1.0 7752.0
1.0 7976.0
1.0667 8640.0
1.0 7328.0
0.8833 7912.0
1.0 8160.0
1.0 7168.0
1.0 7840.0
1.0017 8720.0
1.0 7496.0
1.0 7448.0
1.0 8560.0
1.0 7064.0
1.0 7792.0
1.0 8640.0
1.0 7256.0
1.035 7696.0
1.0 8480.0
1.0 7296.0
1.0 7824.0
1.0 8320.0
1.0333 7152.0
1.0 7800.0
1.0333 8320.0
0.9683 7368.0
1.0 7920.0
1.0167 8480.0
0.95 7440.0
1.0 7872.0
1.0 8560.0
1.0 7104.0
1.0 7920.0
1.0017 8320.0
1.0 7416.0
1.0833 7608.0
0.9167 8240.0
1.0 7568.0
1.1167 7784.0
0.95 8160.0
0.95 7288.0
1.1183 7896.0
0.8667 9040.0
1.1 7824.0
0.9667 7264.0
1.0167 9120.0
1.0 7856.0
1.0 7784.0
1.0 8000.0
1.0017 7896.0
1.0 7536.0
1.0 8160.0
1.0 7256.0
1.0 7096.0
1.0 8320.0
1.0 7232.0
1.0 7880.0
1.0017 8400.0
1.0 7576.0
1.0 7920.0
1.0833 8480.0
1.0 7904.0
1.0 7656.0
0.9167 7872.0
1.0 7784.0
1.085 8000.0
1.0 7832.0
0.9667 7480.0
0.9667 7984.0
1.05 8720.0
0.9833 7824.0
1.0333 7264.0
0.9167 8080.0
1.1517 7464.0
0.9 7616.0
0.95 8400.0
1.0 7696.0
1.0 7936.0
1.0 8480.0
1.0 7624.0
1.0 7424.0
1.0017 8000.0
1.0 7672.0
1.0167 7824.0
1.0 8320.0
0.9667 8160.0
1.0333 7096.0
1.0 8080.0
1.0 7168.0
1.0017 9600.0
1.0 7032.0
1.0 7328.0
1.0 7944.0
1.0 8160.0
1.0 7688.0
0.9667 7992.0
1.1 8320.0
0.9517 6744.0
0.9667 7880.0
1.0 8160.0
1.0 7920.0
1.0 8240.0
0.9833 7888.0
0.9833 7224.0
1.0667 8000.0
1.0017 8240.0
1.0667 7336.0
0.9333 7104.0
1.0833 9200.0
0.9167 7840.0
0.9667 7848.0
1.0333 7736.0
1.05 7888.0
0.9017 7712.0
1.1 8320.0
1.95 7840.0
0.95 7928.0
1.0833 7088.0
1.0333 7448.0
0.9833 8160.0
0.985 7888.0
1.0 7848.0
1.0 8560.0
0.9833 7688.0
1.0 7992.0
1.0 7968.0
1.0 7784.0
0.9667 7840.0
0.985 8000.0
1.0833 7960.0
1.0 7872.0
0.9833 7704.0
1.0 7816.0
0.9667 7752.0
0.9667 8400.0
1.1167 7552.0
0.985 7928.0
0.95 8160.0
0.9667 7840.0
1.0 7744.0
1.1 7848.0
0.9333 7840.0
0.3167 7920.0
