0.3333 6320.0
0.985 6152.0
1.0 7096.0
1.0 6368.0
1.0 6552.0
1.0167 7448.0
1.0 6472.0
0.9833 7216.0
1.0167 7400.0
1.0017 6616.0
1.0 7648.0
1.0 7552.0
1.0 7112.0
1.0 7712.0
1.0 8320.0
1.0 7360.0
1.0 7624.0
1.0017 8000.0
1.0 7584.0
1.0 8160.0
1.0167 8560.0
1.0 7520.0
1.0 7128.0
1.0 8400.0
1.0 7480.0
1.0017 7688.0
1.0 8240.0
1.0 7752.0
1.0 7936.0
1.0 8000.0
1.0 7768.0
1.0 7840.0
1.0 8080.0
1.0017 6976.0
1.0 7664.0
1.0167 9120.0
1.45 7920.0
0.5667 6968.0
1.3333 8240.0
0.85 7208.0
0.8 7864.0
1.0017 8320.0
4.4333 7672.0
-2.4333 7840.0
1.0 8000.0
1.0 7984.0
1.0 7360.0
1.0 8720.0
1.0 7600.0
1.0517 7232.0
0.95 8480.0
1.0 7792.0
1.0667 6736.0
0.95 6136.0
1.0 5232.0
1.0 6456.0
1.0 6568.0
1.0017 6272.0
1.0 6200.0
0.9833 6960.0
1.025 5968.0
1.0 6568.0
1.0 7552.0
0.8083 5872.0
5.9017 8000.0
0.3333 5872.0
1.0 6112.0
1.4833 7840.0
0.4833 5144.0
1.0017 5128.0
1.0 6656.0
1.9167 5000.0
7.2683 8000.0
0.0833 7352.0
0.7667 5648.0
1.0 6768.0
2.1667 8400.0
2.3267 8000.0
0.5 6264.0
0.9833 7512.0
1.0 9040.0
1.0167 7808.0
1.0 6808.0
1.0 8160.0
1.0 7080.0
1.0017 8320.0
1.0 8240.0
1.0 7272.0
1.0 7736.0
1.0 8640.0
1.0 7632.0
1.0 7480.0
1.0 8160.0
1.0017 7720.0
1.0167 7768.0
1.3 6688.0
0.6833 6304.0
1.3333 7608.0
0.6833 7824.0
1.3167 7976.0
0.6833 5576.0
1.0017 6264.0
1.0 6472.0
1.3 6288.0
0.7 6352.0
0.9917 6608.0
1.0167 6224.0
0.9833 6488.0
1.0083 6792.0
1.0017 6872.0
1.0 7920.0
1.0 6840.0
1.0 6680.0
1.0 7040.0
1.0167 7544.0
2.65 6648.0
-0.6667 7920.0
1.0183 8400.0
1.0 7048.0
1.0 7736.0
1.0 8000.0
1.0 8240.0
1.2833 7192.0
0.7167 7880.0
1.0 7848.0
1.0017 7936.0
1.0 8000.0
1.0 7872.0
2.0 7920.0
1.0167 7672.0
0.9833 7968.0
1.0167 8240.0
1.0017 7640.0
1.0 7896.0
1.0 8080.0
1.0 7208.0
1.0 8160.0
1.0 7792.0
1.0 5936.0
1.0 6432.0
1.0017 6112.0
1.0 5944.0
1.0167 6408.0
1.0 6912.0
0.9833 6128.0
1.0167 6488.0
1.0 7064.0
1.0 6664.0
1.0 6808.0
1.0017 5368.0
1.0 5112.0
1.3833 4048.0
0.65 4472.0
0.9667 3560.0
1.4667 5096.0
0.5333 3744.0
1.0 3288.0
1.0017 3368.0
1.0167 3912.0
1.0 3440.0
0.9833 3608.0
1.4833 4280.0
1.6833 3952.0
1.0517 4672.0
1.25 3248.0
0.7667 3456.0
0.7833 3664.0
1.0 4296.0
1.0 3728.0
1.0 4064.0
1.0 3992.0
1.0167 4112.0
0.985 4432.0
1.0 4128.0
1.0 4784.0
1.0 4488.0
1.0333 5168.0
0.9667 4712.0
1.3417 4816.0
