0.8333 7832.0
0.9667 8240.0
1.0333 7736.0
1.0 7720.0
1.0 8400.0
1.0 7264.0
0.9667 7976.0
1.0 8160.0
1.0 7376.0
1.0 7960.0
1.0 8240.0
1.0 7408.0
1.0 7920.0
1.0 8320.0
1.0333 7464.0
1.0 7784.0
1.0 7920.0
0.9667 7824.0
1.0333 7840.0
1.0 7920.0
1.0 7696.0
1.0 7976.0
1.0 8480.0
1.0 7032.0
1.0 8000.0
1.0 7920.0
1.0 8240.0
1.0 8000.0
1.0 7832.0
1.0 7560.0
1.0 7960.0
1.0 7944.0
1.0 7680.0
1.0 7840.0
1.0 7896.0
1.0333 7472.0
0.9667 7944.0
1.0 8480.0
1.0333 7640.0
0.9667 8160.0
1.0 7992.0
1.0 7632.0
1.0 7824.0
1.0 8240.0
1.0333 7952.0
1.0 7600.0
1.0 8240.0
0.9667 7632.0
1.0333 7808.0
0.9667 7840.0
1.0333 7952.0
1.0 7408.0
1.0 8160.0
1.0 7728.0
1.0 7752.0
1.0 8800.0
1.0 7800.0
1.0 7256.0
1.0 8240.0
1.0333 7640.0
0.9667 7552.0
1.0 8400.0
1.0 7440.0
1.0 7864.0
1.0 8400.0
1.0 7416.0
1.0333 7912.0
0.9667 8240.0
0.9667 7696.0
1.0333 6416.0
1.0 7720.0
2.0 7512.0
1.0 8400.0
1.0333 8080.0
1.0 7776.0
1.0 8400.0
1.0 7296.0
1.0 7752.0
1.0 8000.0
1.0 7480.0
1.0 7840.0
1.0 8080.0
1.0 7584.0
1.0 7936.0
1.0 8400.0
1.0 7728.0
1.0 7456.0
1.0 8480.0
1.0 7648.0
1.0 8720.0
1.0 7616.0
1.0 7024.0
1.0 7632.0
1.0333 7944.0
1.0 8000.0
0.9667 7608.0
1.0 7968.0
1.0 8000.0
1.0333 7632.0
1.0 8400.0
0.9667 7264.0
1.0333 7920.0
0.9667 8160.0
1.0 7640.0
1.0333 6792.0
1.0 9040.0
1.0 7840.0
1.0 7392.0
1.0 8480.0
1.0 7352.0
1.0 7920.0
1.0 8160.0
1.0 7544.0
0.9667 7920.0
1.0333 8080.0
1.0 7936.0
1.0 7792.0
1.0 8000.0
1.0333 7832.0
0.9667 7616.0
1.0333 7920.0
0.9667 7704.0
1.0 7664.0
1.0 8480.0
1.0333 6952.0
1.0 8320.0
1.0 7840.0
1.0 7544.0
1.9667 8080.0
1.0333 7200.0
0.9667 8080.0
1.0333 7840.0
1.0 7456.0
0.9667 7720.0
1.0 8400.0
1.0 7616.0
1.0 7832.0
1.0 8320.0
1.0333 7096.0
1.0 7720.0
1.0 8800.0
1.0 7720.0
0.9667 7712.0
1.0333 8160.0
1.0 7688.0
1.0 7064.0
1.0333 8560.0
0.9667 8080.0
1.0 7984.0
1.0 7600.0
1.0 7640.0
1.0333 7560.0
0.9667 8080.0
1.0333 7680.0
1.0 7232.0
1.0 8880.0
0.9667 7696.0
1.0 7592.0
1.0 8480.0
1.0 6920.0
1.0 7136.0
1.0333 7616.0
0.9667 9040.0
1.0333 7736.0
1.0 8400.0
1.0 6992.0
1.0 8160.0
1.0 7896.0
1.0 7808.0
1.0 7920.0
1.0 8000.0
1.0 8160.0
1.0 7704.0
1.0 7680.0
1.0 8000.0
1.0 7480.0
1.0 8320.0
1.0 7360.0
1.0 7840.0
1.0 7920.0
1.0 7744.0
1.0 7840.0
1.0 7968.0
1.0 7576.0
1.0 7920.0
1.0 8160.0
1.0 7840.0
1.0 7488.0
1.0 7592.0
1.0 7272.0
1.0 7224.0
1.0333 9120.0
0.9667 7888.0
1.0333 7376.0
1.0 8720.0
1.0 7760.0
1.0 7952.0
0.9667 7840.0
1.0333 7912.0
1.0 7592.0
0.9667 8400.0
1.0333 7552.0
1.0 7368.0
1.0 7840.0
1.0 7664.0
1.0 7840.0
1.0 8080.0
1.0 7768.0
1.0 7560.0
1.0 7840.0
1.0 7784.0
1.0 7648.0
1.0 7640.0
1.0 7192.0
1.0 8480.0
1.0 7920.0
1.0 6856.0
0.9667 8080.0
1.0 8400.0
1.0333 6608.0
1.0 6952.0
1.0 7408.0
1.0 5664.0
1.0 5456.0
1.0 5792.0
1.0 6944.0
1.0 5944.0
1.0 6152.0
1.0333 6616.0
0.9667 7000.0
1.0333 6592.0
1.0 7064.0
1.0 6848.0
1.0 7592.0
1.0 6928.0
1.0 7336.0
1.0 7096.0
1.0 7824.0
1.0 7064.0
1.0 8320.0
1.0 7216.0
1.0 7712.0
1.0 8080.0
1.0 7480.0
1.0 7744.0
1.0 8160.0
1.0 7816.0
1.0 7920.0
1.0 8080.0
1.0 7464.0
1.0333 7520.0
0.9667 8640.0
1.0333 7752.0
0.9667 7456.0
1.0 8320.0
1.0 7408.0
1.0 7728.0
1.0 8720.0
1.0 7336.0
1.0333 7840.0
1.0 8240.0
0.9667 7400.0
1.0333 7576.0
0.9667 8640.0
1.0 6880.0
1.0333 7008.0
1.0 9120.0
0.9667 7920.0
1.0333 7584.0
1.0 7664.0
1.0 7320.0
1.0 6928.0
1.0 7544.0
1.0 8720.0
1.0 7840.0
0.9667 8400.0
1.0 7712.0
1.0 6944.0
1.0667 8400.0
1.0 7488.0
2.0 8160.0
1.0 7752.0
1.0 7200.0
1.0 8480.0
0.9667 7072.0
1.0 7192.0
1.0 7784.0
1.0 6840.0
1.0 8880.0
1.0333 7544.0
0.9667 7176.0
1.0 8800.0
1.0333 7920.0
0.9667 6824.0
1.0333 8720.0
0.9333 8480.0
1.0667 7128.0
0.3333 8160.0
