0.1667 7176.0
1.0 6728.0
1.0 7680.0
1.0 7832.0
1.0 7840.0
1.0333 7688.0
0.9667 7504.0
1.0333 7840.0
1.0 7864.0
1.0 8000.0
1.0 7840.0
1.0 6912.0
1.0 7872.0
0.9667 8160.0
1.0 7768.0
1.0 7960.0
1.0333 8640.0
1.0 7544.0
1.0 7488.0
1.0 8640.0
1.0 7840.0
1.0 7760.0
1.0 8080.0
1.0 7304.0
1.0 7728.0
1.0333 8400.0
1.0 7840.0
0.9667 7272.0
1.0 8000.0
1.0 7584.0
1.0 8000.0
1.0 7696.0
1.0 7408.0
1.0333 7928.0
1.0 8640.0
1.0 7408.0
1.0 7200.0
1.0 8640.0
1.0 7864.0
0.9667 7976.0
1.0333 8160.0
1.0 7216.0
0.9667 7760.0
1.0333 8000.0
1.0 7488.0
1.0 8080.0
1.0 7840.0
1.0 7576.0
1.0 8080.0
1.0 7704.0
1.0333 7856.0
0.9667 7880.0
1.0333 7920.0
0.9667 7792.0
1.0 7856.0
1.0 8080.0
1.0333 8000.0
0.9667 7448.0
1.0333 8320.0
1.0 7920.0
1.0 7664.0
1.0 8160.0
1.0 7496.0
1.0 7456.0
1.0 8640.0
1.0 7856.0
1.0 7696.0
1.0 8000.0
1.0 7392.0
1.0 7872.0
0.9667 7968.0
1.0333 8000.0
0.9667 7440.0
1.0 8400.0
1.0 7848.0
1.0333 7864.0
1.0 7840.0
1.0333 7520.0
0.9667 8000.0
1.0 8240.0
1.0 7824.0
1.0 7424.0
1.0 8080.0
1.0 6896.0
1.0 7984.0
1.0 8480.0
1.0 7640.0
1.0 8000.0
1.0 8320.0
1.0 7760.0
1.0333 7448.0
1.0 8080.0
1.0 7840.0
1.0 7608.0
0.9667 8000.0
1.0 7152.0
1.0333 8160.0
1.0 8000.0
0.9667 7656.0
1.0333 7592.0
1.0 8560.0
1.0 7920.0
1.0 7584.0
1.0 7936.0
1.0 7512.0
1.0 7832.0
1.0 8160.0
1.0 7920.0
0.9667 7912.0
1.0333 7856.0
0.9667 7344.0
1.0333 8080.0
1.0 7840.0
1.0 8000.0
1.0 7744.0
1.0 8000.0
1.0333 7392.0
0.9667 6864.0
1.0333 8720.0
0.9667 8000.0
1.0 7840.0
1.0333 8000.0
0.9667 7328.0
1.0 7872.0
1.0333 8400.0
1.0 6992.0
1.0 8000.0
0.9667 8080.0
1.0 7840.0
1.0 7472.0
1.0 8640.0
1.0 7448.0
1.0333 7784.0
1.0 7920.0
1.0 7672.0
0.9667 7688.0
1.0333 8320.0
1.0 7184.0
1.0 7496.0
1.0 8480.0
1.0 7896.0
1.0 8240.0
1.0 8320.0
1.0333 6656.0
0.9667 7504.0
1.0 8400.0
1.0333 7520.0
0.9667 8000.0
1.0 8240.0
1.0 8000.0
1.0 7968.0
1.0 7952.0
1.0333 7856.0
1.0 7704.0
1.0 8080.0
1.0 6840.0
1.0 7840.0
1.0 8240.0
0.9667 7984.0
1.0333 7360.0
1.0 8160.0
1.0 7520.0
1.0 7904.0
0.9667 8480.0
1.0 7008.0
1.0333 8080.0
0.9667 8320.0
1.0333 7408.0
1.0 7880.0
1.0 8480.0
1.0 7232.0
1.0 7840.0
1.0 8560.0
1.0 7592.0
1.0 8160.0
1.0 7920.0
1.0 7488.0
1.0 6952.0
1.0 8560.0
1.0 7840.0
1.0 7600.0
1.0 8080.0
1.0333 7376.0
1.0 7888.0
1.0 8240.0
0.9667 7840.0
1.0 7600.0
1.0 8320.0
1.0 7840.0
1.0 7552.0
1.0 8160.0
1.0 7616.0
1.0 8080.0
1.0 7840.0
1.0333 7304.0
1.0 7464.0
1.0 8320.0
1.0 7744.0
1.0 7512.0
1.0 8480.0
1.0 7736.0
0.9667 7920.0
1.0333 8240.0
1.0 7320.0
1.0 8160.0
1.0 7992.0
1.0 7768.0
1.0 7656.0
1.0333 8320.0
1.0 7480.0
0.9667 7896.0
1.0 8000.0
1.0 7288.0
1.0 7840.0
1.0 8400.0
1.0 6992.0
1.0333 7856.0
0.9667 8640.0
1.0 7944.0
1.0 7792.0
1.0 8000.0
1.0 7232.0
1.0 7328.0
1.0333 8160.0
1.0 7896.0
1.0 7496.0
1.0 8320.0
1.0 7232.0
1.0 7864.0
0.9667 8560.0
1.0333 7208.0
1.0 8080.0
1.0 8240.0
1.0 7976.0
1.0 7624.0
1.0 7768.0
1.0 7480.0
1.0 7976.0
1.0 7840.0
1.0 8000.0
1.0333 8080.0
0.9667 8160.0
1.0 7808.0
1.0 7584.0
1.0 8080.0
1.0 7944.0
1.0 7872.0
1.0333 7840.0
0.9667 7728.0
1.0 7416.0
1.0 8400.0
1.0 7808.0
3.0 7840.0
1.0 7648.0
1.0 8000.0
1.0 7640.0
1.0 7504.0
1.0333 8240.0
0.9667 7656.0
1.0333 7696.0
1.0 8000.0
1.0 7784.0
0.9667 7592.0
1.0333 8560.0
1.0 7472.0
1.0 7960.0
1.0 8160.0
1.0 7304.0
1.0 7960.0
1.0 8400.0
1.0 7520.0
1.0 7888.0
1.0 8080.0
1.0333 7048.0
1.0 7888.0
0.9667 8640.0
2.0 7912.0
1.0333 7840.0
1.0 7816.0
1.0 7704.0
0.9667 8080.0
1.0 7648.0
1.0 7912.0
1.0333 8080.0
1.0 7432.0
1.0 7840.0
1.0 8320.0
1.0 7208.0
1.0 7976.0
1.0 8320.0
1.0 7056.0
1.0 7616.0
1.0 8480.0
1.0 7616.0
1.0 7968.0
1.0 8000.0
1.0 7664.0
0.5667 7816.0
