1.0667 6872.0
0.9667 7088.0
1.0 7776.0
1.0 7696.0
1.0 7840.0
1.0 7888.0
1.0333 7432.0
1.0 7312.0
1.0 7912.0
1.0 7808.0
1.0 7880.0
1.0 7928.0
1.0 7328.0
1.0 7848.0
1.0 7664.0
1.0 6696.0
1.0333 7000.0
0.9667 7408.0
1.0 8480.0
0.9667 8160.0
1.0 7976.0
0.9667 7200.0
1.0667 7280.0
1.0 7840.0
1.0 6768.0
1.0 7168.0
1.0 7920.0
1.0 7376.0
1.0333 6856.0
1.0 8000.0
0.9333 6984.0
1.0333 7200.0
1.0333 8000.0
0.9667 7336.0
1.0 8880.0
1.0 5520.0
0.9667 7544.0
1.0333 8720.0
1.0 5824.0
1.0 7568.0
1.0333 8480.0
1.0 5912.0
0.9667 7480.0
1.0333 8640.0
1.0 6016.0
1.0 7608.0
0.9667 9520.0
1.0333 6528.0
0.9667 7536.0
1.0667 8720.0
0.9667 6208.0
1.0 7296.0
1.0 8640.0
0.9667 6176.0
1.0 7416.0
1.0333 8720.0
1.0 6488.0
1.0 7336.0
1.0333 8880.0
1.0 6192.0
1.0 7504.0
1.0 8400.0
0.9667 6544.0
1.0333 7624.0
1.0 8480.0
1.0 6400.0
1.0333 8000.0
0.9667 9360.0
1.0 7232.0
0.9667 6904.0
1.0 8880.0
1.0333 5912.0
1.0 7464.0
0.9667 8240.0
1.0333 6296.0
1.0333 7440.0
1.0 8480.0
1.0 8160.0
0.9667 7424.0
1.0 8480.0
1.0 6928.0
1.0 7088.0
1.0 8880.0
1.0 6704.0
1.0333 7664.0
1.0 8640.0
0.9333 6592.0
1.0333 7520.0
1.0 8560.0
1.0 6656.0
1.0333 7680.0
1.0 8720.0
1.0 6688.0
1.0 7424.0
1.0 8560.0
1.0 6632.0
1.0 7560.0
1.0 8800.0
1.0 6616.0
1.0 7400.0
1.0 8560.0
0.9667 6904.0
1.0333 8720.0
1.0 8240.0
1.0 6320.0
1.0 7784.0
1.0 8640.0
1.0 6928.0
1.0 7336.0
1.0 8400.0
1.0333 6600.0
1.0 7512.0
0.9667 8080.0
1.0 8480.0
1.0 6896.0
1.0 8560.0
1.0333 6520.0
1.0 7728.0
1.0 8640.0
1.0 6888.0
1.0 7600.0
1.0 8560.0
0.9667 6728.0
1.0 7552.0
0.9667 8480.0
1.0667 6792.0
1.0 7664.0
0.9667 9200.0
1.0333 7096.0
1.0 7584.0
1.0 8480.0
1.0 6784.0
1.0 7664.0
1.0 8800.0
1.0 6920.0
1.0 7528.0
1.0 8560.0
1.0333 6760.0
1.0 8400.0
0.9667 8800.0
1.0333 6864.0
0.9667 7512.0
1.0 8640.0
1.0 6520.0
1.0 7840.0
1.0333 8320.0
0.9667 6896.0
1.0333 7744.0
1.0 8320.0
1.0 7288.0
1.0 7592.0
1.0 8320.0
1.0 6960.0
1.0 7520.0
1.0 8400.0
0.9667 6984.0
1.0 7880.0
1.0 8880.0
1.0333 7352.0
2.0 8400.0
0.9667 7160.0
1.0333 6776.0
1.0 8560.0
0.9667 7072.0
1.0333 7616.0
1.0333 7920.0
0.9667 7328.0
1.0 7392.0
1.0 7840.0
1.0 7288.0
1.0333 7296.0
1.0 7920.0
0.9667 7176.0
1.0333 7616.0
1.0 8000.0
1.0 7112.0
0.9333 7472.0
1.0333 8080.0
1.0667 7280.0
0.9333 8560.0
1.0 8480.0
1.0333 6768.0
1.0 7376.0
1.0 7608.0
1.0 7376.0
1.0 7264.0
1.0 7608.0
1.0 7064.0
1.0 7480.0
1.0333 8640.0
1.0 7192.0
0.9667 7376.0
1.0 7896.0
1.0 7080.0
1.0333 7152.0
0.9667 7600.0
1.0 7104.0
1.0 7088.0
0.9667 7704.0
1.0333 7016.0
1.0 7120.0
1.0 7720.0
1.0333 7136.0
0.9667 7392.0
1.0 7408.0
1.0333 7584.0
1.0 6512.0
1.0 7832.0
1.0 7264.0
1.0 7744.0
1.0 8320.0
1.0 7920.0
1.0 7600.0
1.0 7432.0
1.0333 7280.0
0.9667 7024.0
1.0 7912.0
0.9667 7368.0
1.0 7160.0
1.0333 7352.0
1.0 7256.0
1.0 6848.0
1.0 7720.0
1.0333 7000.0
1.0 7600.0
1.0 8880.0
1.0 7856.0
1.0 7408.0
1.0 7432.0
1.0 7040.0
1.0 7232.0
1.0 7376.0
1.0 7312.0
1.0 6904.0
1.0 7536.0
1.0 7000.0
0.9667 7032.0
1.0333 7456.0
1.0 7112.0
1.0 6864.0
1.0 7840.0
1.0 6704.0
1.0 7760.0
1.0 8880.0
1.0 6336.0
1.0 7720.0
1.0 9600.0
1.0 7664.0
1.0333 7080.0
0.9667 7936.0
1.0 6912.0
1.0333 8480.0
1.0 8640.0
1.0 6536.0
1.0 7736.0
1.0 7952.0
1.0 7208.0
1.0 6976.0
1.0 7432.0
0.9667 7216.0
1.0333 7720.0
1.0 8000.0
1.0 7224.0
1.0 7360.0
1.0 8080.0
1.0 7152.0
1.0 7648.0
1.0 8160.0
1.0 7280.0
1.0 7344.0
1.0 8000.0
1.0 7288.0
1.0 7736.0
1.0333 9040.0
1.0 7744.0
1.0 7952.0
0.9667 8160.0
1.0 6976.0
1.0333 7296.0
0.9667 8080.0
1.0 7432.0
1.0 7840.0
1.0333 8080.0
1.0333 7536.0
0.9667 8640.0
1.0 8080.0
1.0 7656.0
1.0333 7600.0
0.9667 8720.0
1.0 7224.0
0.9667 7448.0
1.0333 7528.0
0.9667 7024.0
1.0333 7312.0
1.0 7640.0
1.0 7424.0
1.0 7440.0
1.0 7888.0
0.8 7184.0
