0.4667 7816.0
0.9667 8320.0
1.0 7872.0
1.0333 7992.0
1.0 7968.0
1.0 7856.0
1.0 7840.0
1.0 7944.0
1.0 7920.0
1.0 7496.0
1.0 8000.0
1.0 7336.0
0.9667 7856.0
1.0333 8640.0
1.0 7560.0
1.0 7600.0
1.0 8080.0
1.0 7240.0
1.0 8000.0
1.0 8560.0
1.0333 7672.0
0.9667 8080.0
2.0 7808.0
1.0 7352.0
1.0333 8160.0
0.9667 7048.0
1.0333 7848.0
1.0 8640.0
0.9667 7104.0
1.0333 7736.0
1.0 8720.0
0.9667 7120.0
1.0 7768.0
1.0 8800.0
1.0333 7088.0
1.0 7768.0
0.9667 9200.0
1.0 6616.0
1.0 7944.0
1.0333 8560.0
1.0 7928.0
1.0333 7984.0
0.9667 7848.0
1.0 7648.0
1.0333 7880.0
0.9333 8080.0
1.0333 7968.0
1.0 7792.0
1.0333 7944.0
1.0 7864.0
0.9667 7920.0
1.0333 7840.0
1.0 7552.0
0.9667 7384.0
0.9667 8560.0
1.0667 7952.0
1.0 7912.0
1.0 8160.0
1.0 6952.0
0.9667 7920.0
1.0 8080.0
1.0333 7664.0
1.0 7568.0
1.0 8800.0
1.0 6776.0
1.0 7736.0
1.0333 8400.0
0.9667 7328.0
1.0 7840.0
1.0333 8720.0
0.9667 7472.0
1.0 7648.0
1.0 7840.0
1.0 7920.0
1.0 8240.0
1.0 7840.0
1.0 7784.0
1.0333 7896.0
0.9667 7824.0
1.0 7272.0
1.0 7952.0
1.0333 8400.0
0.9667 7424.0
1.0 7760.0
1.0333 8480.0
1.0 7352.0
0.9667 7440.0
1.0333 8480.0
1.0 7920.0
0.9667 7872.0
1.0333 7936.0
1.0 7912.0
1.0 7920.0
1.0 7984.0
1.0 7816.0
1.0 7872.0
1.0 7920.0
1.0 7896.0
1.0 7944.0
1.0333 7840.0
0.9667 7824.0
2.0 7840.0
1.0 7584.0
1.0 7992.0
1.0 8160.0
1.0 7400.0
1.0 7464.0
1.0 8320.0
1.0 7624.0
1.0 7856.0
1.0 8480.0
1.0333 7128.0
1.0 7840.0
0.9667 8080.0
1.0 7880.0
1.0 7224.0
1.0333 7200.0
1.0 8080.0
1.9667 8160.0
1.0333 7520.0
0.9667 7840.0
1.0333 8160.0
1.0 7624.0
2.0 7840.0
1.0 7448.0
0.9667 7976.0
1.0 8640.0
1.0333 7136.0
1.0 8000.0
1.0 8480.0
1.0 7336.0
1.0333 7928.0
0.9667 8320.0
1.0 7600.0
1.0 7752.0
1.0 8320.0
1.0 7408.0
1.0 7712.0
1.0 7920.0
1.0 7288.0
1.0 7704.0
1.0 8880.0
1.0 7544.0
1.0 8000.0
1.0333 7496.0
1.0 7776.0
0.9667 7840.0
1.0333 8400.0
0.9667 7600.0
1.0333 7560.0
1.0 8240.0
1.0 8160.0
1.0 7504.0
0.9667 7920.0
1.0333 6856.0
1.0 7840.0
1.0 8240.0
1.0 7840.0
1.0 8000.0
1.0 8400.0
1.0 6960.0
1.0 7656.0
1.0 8560.0
1.0 7656.0
1.0 7360.0
1.0 8720.0
1.0 7568.0
1.0 7728.0
1.0 8000.0
1.0 7344.0
1.0 7952.0
1.0 8480.0
1.0333 7712.0
1.0 7784.0
0.9667 7984.0
1.0 7448.0
1.0333 7992.0
1.0 8240.0
1.0 7872.0
1.0 7488.0
1.0 8080.0
1.0 7808.0
0.9667 7792.0
1.0 8320.0
1.0 7560.0
1.0 7552.0
1.0 8160.0
1.0333 7632.0
0.9667 8000.0
1.0333 8240.0
0.9667 7280.0
1.0333 7936.0
1.0 8240.0
1.0 7416.0
1.0 7776.0
1.0 8000.0
1.0 6984.0
1.0 8560.0
1.0 8400.0
1.0333 7792.0
0.9667 7512.0
1.0 8800.0
1.0 7280.0
1.0 7952.0
1.0333 8160.0
0.9667 7616.0
1.0 7568.0
1.0 8320.0
1.0 7192.0
1.0 7840.0
1.0333 8000.0
0.9667 7304.0
1.0 7944.0
1.0 8400.0
1.0 7864.0
1.0 7600.0
1.0 8240.0
1.0 7544.0
1.0333 7776.0
1.0 8400.0
1.0333 7416.0
0.9333 7608.0
1.0333 8560.0
0.9667 7248.0
1.0 7752.0
1.0333 7840.0
0.9667 8000.0
1.0 7920.0
1.0333 8000.0
0.9667 7560.0
1.0333 7368.0
1.0 7776.0
1.0 5496.0
1.0 6680.0
1.0 7120.0
1.0 5680.0
1.0333 6464.0
0.9667 6752.0
1.0333 6208.0
1.0 6600.0
1.0 6816.0
0.9667 6448.0
1.0 7016.0
1.0 7816.0
1.0 6928.0
1.0 7320.0
1.0 7472.0
1.0 7160.0
1.0333 6936.0
1.0 8160.0
1.0 7544.0
1.0 7816.0
0.9667 7616.0
1.0333 7592.0
1.0 8080.0
1.0 8480.0
1.0 7776.0
1.0 7840.0
1.0 7920.0
1.0 7352.0
1.0 8000.0
1.0 8080.0
1.0333 7728.0
1.0 7864.0
0.9667 8080.0
1.0 7424.0
1.0 7688.0
1.0 8160.0
1.0 7328.0
1.0 7840.0
1.0 8000.0
1.0 8160.0
1.0 7472.0
1.0333 8080.0
1.0 7800.0
1.0 7848.0
1.0 8720.0
1.0 7352.0
1.0 7400.0
1.0 8640.0
1.0 7160.0
1.0 7648.0
1.0 8080.0
1.0 7464.0
1.0 7920.0
1.0 8560.0
1.0 7840.0
1.0 7248.0
0.9667 8320.0
1.0333 7936.0
1.0 7648.0
1.0 8000.0
1.0 7592.0
1.0 7568.0
1.0 8560.0
1.0 6992.0
0.2333 7832.0
