0.3333 6248.0
1.0667 7408.0
1.0 8720.0
1.0 6064.0
1.0 7480.0
1.0 8720.0
1.0 6264.0
0.9667 7496.0
1.0667 8560.0
1.0 5968.0
1.0 7392.0
1.0 9280.0
1.0 6872.0
0.9667 7072.0
1.0333 7320.0
1.0 8160.0
0.9333 7640.0
1.0667 6968.0
1.0 9440.0
1.0 7920.0
1.0 8240.0
1.0 7616.0
1.0333 7136.0
0.9667 8960.0
1.0333 6872.0
1.0 7552.0
1.0 9360.0
1.0 7904.0
0.9667 6952.0
1.0333 8560.0
0.9667 7408.0
1.0 7632.0
1.0 8320.0
1.0 6304.0
1.0333 7456.0
1.0 8800.0
1.0 7752.0
1.0 7728.0
0.9667 8480.0
1.0333 6312.0
0.9667 7920.0
1.0 9280.0
0.9667 7072.0
1.0333 7056.0
1.0333 9120.0
0.9667 6256.0
1.0 7720.0
1.0667 6864.0
1.0 8240.0
1.0 9040.0
1.0 8320.0
0.9667 7184.0
1.0 7456.0
1.0333 9120.0
0.9667 7368.0
1.0 7968.0
1.0 8320.0
1.0333 5744.0
1.0 7896.0
1.0 6736.0
1.0 9920.0
0.9667 7240.0
1.0333 7176.0
0.9667 7680.0
0.9667 7760.0
1.0333 9440.0
1.0 5872.0
1.0333 7832.0
0.9667 8960.0
1.0 6048.0
1.0 7632.0
1.0333 7320.0
1.0 8080.0
1.0333 7592.0
1.0 9680.0
0.9667 7152.0
1.0 7864.0
1.0 8320.0
1.0 7632.0
1.0333 7464.0
1.0 8240.0
1.0 7368.0
1.0 7952.0
0.9667 8240.0
1.0 7216.0
1.0 7848.0
1.0 8800.0
1.0 6920.0
1.0 7288.0
1.0 9360.0
1.0 6632.0
1.0 7344.0
1.0333 9040.0
1.0 7824.0
1.0 7592.0
1.0 8320.0
1.0 7232.0
0.9667 7224.0
1.0333 6904.0
1.0 7840.0
1.0 7624.0
1.0 7160.0
1.0 7840.0
1.0 7888.0
1.0 6904.0
0.9667 8000.0
1.0333 7648.0
1.0 9200.0
1.0 7528.0
1.0 7968.0
1.0 8160.0
1.0 7104.0
1.0 7744.0
1.0 8800.0
1.0 6144.0
1.0 7432.0
1.0 8880.0
1.0 6184.0
1.0 7928.0
1.0333 9040.0
0.9667 6840.0
1.0333 7440.0
1.0 9360.0
0.9667 7208.0
1.0333 7376.0
1.0 6904.0
0.9667 8640.0
1.0 7520.0
1.0333 7144.0
0.9667 8240.0
1.0333 7872.0
1.0 7176.0
1.0 8160.0
1.0 7792.0
1.0 7296.0
1.0 8240.0
1.0 7368.0
1.0 7512.0
1.0 8240.0
1.0 7744.0
1.0333 7168.0
1.0 8160.0
1.0333 8800.0
0.9333 8560.0
1.0 7128.0
1.0333 7488.0
0.9333 8880.0
1.0333 7376.0
1.0 7000.0
1.0 9280.0
1.0 6424.0
1.0 7672.0
1.0333 9120.0
1.0 6024.0
0.9667 7960.0
1.0333 7176.0
1.0 8240.0
0.9667 7920.0
1.0333 9200.0
1.0 6344.0
0.9667 7672.0
1.0333 9120.0
1.0 6376.0
1.0333 7440.0
1.0 9360.0
1.0 7496.0
0.9667 7776.0
1.0333 8480.0
0.9667 7592.0
1.0 7672.0
1.0333 8320.0
0.9667 7840.0
1.0333 7096.0
1.0 8400.0
1.0 7536.0
0.9333 7640.0
1.0333 8400.0
1.0 6216.0
1.0 7632.0
1.0333 8880.0
0.9667 6360.0
1.0333 7208.0
0.9667 8240.0
1.0333 6264.0
1.0 8880.0
1.0 8480.0
1.0 7632.0
1.0 7664.0
1.0 8000.0
1.0 7464.0
1.0333 7792.0
1.0 8320.0
0.9667 7776.0
1.0 7456.0
1.0 8240.0
1.0 7336.0
1.0 7952.0
1.0 8480.0
1.0333 7576.0
2.0 7840.0
1.0 7704.0
1.0 7376.0
1.0 8480.0
1.0 7872.0
1.0 7776.0
0.9667 8480.0
1.0333 7280.0
0.9667 7352.0
1.0 8480.0
1.0333 6896.0
0.9667 7840.0
1.0 8800.0
1.0 6368.0
1.0 7720.0
1.0 8800.0
1.0 6328.0
1.0333 8000.0
1.0 8720.0
1.0 6560.0
1.0 7832.0
1.0 8400.0
0.9667 6504.0
1.0667 5976.0
0.9667 9520.0
1.0 4800.0
1.0 5848.0
1.0 6984.0
1.0 5024.0
0.9667 6624.0
1.0 7320.0
1.0333 5704.0
1.0 6376.0
1.0333 7840.0
0.9667 6544.0
1.0 6472.0
1.0333 7720.0
0.9667 7024.0
1.0 6304.0
1.0 8160.0
1.0 6304.0
1.0333 7144.0
0.9667 8560.0
1.0 6472.0
1.0 7168.0
1.0 8160.0
1.0333 6800.0
0.9667 7392.0
1.0 8080.0
1.0 6584.0
1.0 7576.0
1.0 8080.0
1.0 6800.0
1.0333 7168.0
1.0 8240.0
1.0 6992.0
1.0 7664.0
1.0 8800.0
1.0 7760.0
1.0 7480.0
1.0 8800.0
1.0 6680.0
0.9667 7840.0
1.0333 8960.0
1.0 7368.0
1.0 7232.0
1.0 8400.0
1.0333 6888.0
1.0 7712.0
1.0 9520.0
1.0 7464.0
1.0 7648.0
1.0 8640.0
1.0 7576.0
0.9667 7264.0
1.0 8080.0
1.0 7048.0
1.0 7504.0
1.0333 8560.0
1.0 7136.0
1.0333 8560.0
0.9667 8400.0
1.0 7224.0
1.0 7856.0
1.0 8400.0
1.0 7744.0
0.9667 7760.0
1.0333 8400.0
1.0 6816.0
1.0 7456.0
1.0 8080.0
1.0 7840.0
1.0 8000.0
1.0 8080.0
0.9667 6816.0
1.0333 7768.0
1.0 8160.0
1.0 6944.0
1.0 7528.0
1.0 8000.0
0.5333 7336.0
