0.55 6040.0
1.0 6344.0
1.0 5912.0
1.0017 6296.0
1.0 6536.0
1.0 6144.0
1.0 7840.0
1.0 6800.0
1.0 6024.0
1.0167 6072.0
0.9833 7832.0
1.1183 6840.0
0.9667 7288.0
0.95 8000.0
0.9833 7384.0
1.1 7456.0
1.0333 7512.0
0.9167 7288.0
1.0333 7344.0
0.935 7704.0
0.9833 6736.0
1.1 5648.0
0.9 6368.0
1.0833 6336.0
1.0 6448.0
0.9167 6712.0
1.0667 5696.0
1.0183 6104.0
0.9833 7440.0
1.0 6872.0
0.9667 6784.0
0.9833 6952.0
1.0 6352.0
1.1333 6800.0
0.8667 7704.0
1.0517 7256.0
1.0 7104.0
1.0667 7664.0
0.9833 6944.0
1.0 7360.0
1.0167 8080.0
0.9333 7576.0
1.0 7992.0
0.985 8240.0
1.0667 6896.0
0.9667 7352.0
0.9667 7888.0
0.9833 7688.0
1.1 7824.0
0.95 8400.0
1.0 7560.0
1.0017 7840.0
0.95 8320.0
1.0333 7800.0
1.0 7368.0
1.0 8160.0
1.0 7704.0
1.0 7768.0
1.0 7920.0
1.0017 7912.0
1.25 7696.0
0.75 8240.0
1.25 7720.0
0.75 5696.0
1.4833 6456.0
0.5 5600.0
1.3 6504.0
0.8017 6824.0
0.9333 6096.0
1.0 6952.0
1.0 6856.0
1.0 6032.0
1.0 7112.0
1.0167 7840.0
1.0 6176.0
1.0017 6728.0
1.0 7776.0
1.3333 7128.0
0.7 7520.0
1.3167 7808.0
0.8167 7576.0
0.8 7616.0
1.0 8080.0
1.1 7304.0
0.9183 7592.0
1.0 8560.0
1.0333 7912.0
1.0833 7528.0
0.9667 8240.0
1.0333 7592.0
1.0 7640.0
1.0 6184.0
1.0017 6224.0
1.0 6176.0
1.0 6880.0
1.0 5672.0
1.0 6064.0
0.9667 6848.0
0.9667 6800.0
1.1167 6952.0
0.985 7136.0
0.9833 6696.0
0.9833 6952.0
1.0 7224.0
1.9667 7208.0
0.9833 7632.0
1.0333 7592.0
0.985 7824.0
1.0 7920.0
1.0 7592.0
1.0 7936.0
1.0 8320.0
1.0 7624.0
1.0 7920.0
1.1 7272.0
0.885 8000.0
1.0 7968.0
1.0 7680.0
2.0 7920.0
1.0 7840.0
1.0667 7928.0
1.0 7504.0
1.0017 7672.0
1.0333 8000.0
1.0 7688.0
0.9667 8480.0
1.0 7232.0
1.0 8000.0
1.0 8080.0
1.0 7984.0
1.0517 7328.0
0.9 8240.0
1.0 7840.0
1.15 7392.0
0.85 8880.0
0.9833 7704.0
1.1167 8560.0
0.9833 7152.0
1.0517 7520.0
0.8667 6864.0
1.05 8960.0
1.0 7192.0
1.35 7920.0
0.65 7840.0
0.9667 7848.0
1.25 8720.0
0.785 7432.0
1.0333 7584.0
1.0 7992.0
1.0333 8400.0
0.9 7192.0
1.0 7920.0
1.0 7824.0
1.0 7576.0
1.0017 7840.0
1.0 7536.0
1.0 8000.0
1.0667 8240.0
0.9833 8560.0
1.0333 7368.0
1.0333 7488.0
0.9833 8000.0
1.0183 7312.0
1.2333 7936.0
0.6333 7840.0
1.25 7920.0
1.3833 7872.0
0.75 7544.0
0.6667 8320.0
1.3833 7584.0
0.835 8480.0
0.85 7352.0
0.9833 8000.0
0.9833 7872.0
1.0167 7640.0
0.9833 7912.0
1.0 8080.0
1.05 7880.0
0.9017 7832.0
1.0 7840.0
1.0 7624.0
1.0 7920.0
1.0 8080.0
1.0833 7952.0
0.9833 7664.0
1.0167 8240.0
1.0183 7464.0
0.9333 7544.0
1.0333 8080.0
0.95 7936.0
1.0 7952.0
1.0 7840.0
0.9667 7624.0
1.1167 7752.0
0.9517 8640.0
1.0167 7288.0
1.05 7312.0
1.0167 8160.0
0.9667 9040.0
0.9 7360.0
1.1333 7840.0
1.0 7768.0
0.985 7712.0
1.1833 8400.0
1.1667 5608.0
0.6667 6784.0
1.0 7928.0
1.0167 8400.0
0.9667 7432.0
0.9667 7568.0
1.2517 8240.0
1.25 7512.0
0.7167 7680.0
1.1333 8320.0
0.6333 7728.0
1.2833 7512.0
0.7833 8240.0
0.9667 7808.0
1.0017 7952.0
0.9667 7840.0
1.0167 7696.0
1.0333 8160.0
0.9167 8000.0
1.0 7552.0
1.0 8560.0
1.0167 8000.0
1.0017 7920.0
0.9833 7352.0
0.9833 7880.0
1.0 7464.0
1.0 8560.0
1.0833 8240.0
1.0 6568.0
1.0 7448.0
1.0017 8400.0
1.0 7744.0
1.0 7880.0
1.0 7992.0
1.0 7328.0
1.0 7936.0
1.0 8560.0
1.0 7192.0
1.0017 7912.0
1.0 9280.0
0.95 7152.0
1.0833 7376.0
0.9167 8480.0
1.0 7792.0
1.0 7384.0
1.0 8320.0
1.0017 6968.0
1.1333 7832.0
0.9 8880.0
1.0333 7536.0
0.9833 7696.0
0.9667 8240.0
1.05 7808.0
1.0167 7648.0
0.9517 8160.0
0.9667 7512.0
1.1167 8240.0
1.0 8160.0
0.95 7432.0
0.95 7760.0
1.0 8720.0
1.0 7024.0
1.0017 7784.0
1.1167 8160.0
0.9667 7656.0
0.9667 7840.0
0.95 7920.0
1.0333 7472.0
0.9667 7312.0
1.05 8480.0
0.9667 7256.0
1.035 8240.0
1.0 8400.0
1.1 7416.0
0.8667 7848.0
1.0 8240.0
1.0167 7832.0
0.9833 7520.0
1.0333 8400.0
1.0017 7344.0
1.0 7992.0
1.0167 8240.0
1.4833 7544.0
0.6333 7848.0
0.9167 8160.0
0.9167 7664.0
1.0833 7776.0
1.0017 8080.0
1.0 7880.0
1.0833 5984.0
0.9667 6584.0
1.0167 5800.0
0.8667 5776.0
1.0 7104.0
0.65 6320.0
