0.5667 7056.0
0.9667 6728.0
1.0333 9760.0
1.0 6520.0
1.0 7616.0
1.0 9040.0
1.0333 6568.0
0.9667 7784.0
1.0333 9520.0
1.0 6464.0
0.9667 7552.0
1.0333 7560.0
1.0 8240.0
1.0333 7768.0
0.9667 9120.0
1.0 7496.0
0.9667 7576.0
1.0667 9120.0
1.0 6984.0
0.9 7888.0
1.0333 8480.0
1.0333 7408.0
0.9333 7048.0
1.1 9280.0
0.9667 6792.0
0.9667 7872.0
1.0667 8880.0
1.0 7104.0
0.9333 7000.0
1.0667 9120.0
0.9667 7104.0
1.0333 7472.0
1.0 9280.0
1.0 7024.0
0.9667 7440.0
1.0 9280.0
1.0 6800.0
0.9667 7408.0
1.0667 9200.0
1.0 6864.0
0.9667 7464.0
1.0333 9440.0
0.9667 7880.0
1.0333 7032.0
1.0 8960.0
1.0 6424.0
1.0 7640.0
1.0333 9040.0
0.9667 7208.0
1.0333 7184.0
1.0 9280.0
0.9667 7224.0
0.9333 7136.0
1.0667 8960.0
1.0 6928.0
1.0333 7864.0
1.0 9360.0
1.0 6960.0
1.0 7232.0
1.0 9280.0
1.0 6672.0
1.0 7312.0
1.0 9280.0
1.0 6752.0
1.0 7736.0
1.0 9760.0
1.0 7472.0
1.0 7264.0
1.0 8320.0
1.0 6888.0
0.9667 7448.0
1.0333 9200.0
1.0 6960.0
1.0 7368.0
1.0 9360.0
1.0333 7560.0
0.9667 7840.0
1.0 8480.0
0.9667 7000.0
1.0333 7664.0
1.0333 8800.0
1.0 7248.0
1.0 7608.0
1.0 8800.0
1.0 7400.0
1.0 7672.0
1.0 8240.0
0.9667 7800.0
1.0333 7336.0
1.0 8720.0
1.0 7424.0
1.0 7936.0
1.0 8320.0
1.0333 7280.0
0.9667 7952.0
1.0333 7920.0
0.9667 7728.0
1.0 7848.0
1.0 8400.0
1.0 7224.0
1.0333 8000.0
0.9667 8160.0
1.0 7312.0
1.0 7936.0
1.0 8240.0
1.0 7888.0
1.0 7448.0
1.0 8720.0
1.0 7184.0
1.0333 7224.0
1.0 8720.0
1.0 7480.0
1.0 8000.0
0.9667 7784.0
1.0333 7920.0
1.0 7384.0
1.0 8400.0
1.0 7192.0
1.0 7920.0
1.0 8400.0
1.0 7088.0
0.9667 8000.0
1.0 8560.0
1.0333 7032.0
1.0 7256.0
1.0 9040.0
1.0 7088.0
1.0 7928.0
1.0 8320.0
1.0 7712.0
1.0 7920.0
1.0 8400.0
1.0 7016.0
1.0 7920.0
1.0 8320.0
1.0 7344.0
1.0 7744.0
1.0 8400.0
1.0 7928.0
1.0 7856.0
1.0333 8240.0
1.0 7632.0
1.0 7472.0
0.9667 8400.0
1.0333 7024.0
0.9667 8160.0
1.0333 8240.0
0.9667 7920.0
1.0333 7160.0
1.0 8560.0
1.0 7016.0
0.9667 7992.0
2.0333 7920.0
1.0 7544.0
0.9667 8640.0
1.0333 7640.0
1.0 7696.0
1.0 8400.0
0.9667 7144.0
1.0333 7808.0
1.0 8320.0
1.0 7064.0
1.0333 7920.0
0.9667 8560.0
1.0 7920.0
1.0 7392.0
1.0 8240.0
1.0 6832.0
1.0 7984.0
1.0 8080.0
1.0 7920.0
1.0 7592.0
1.0 8640.0
1.0 7064.0
1.0 7840.0
1.0 8320.0
1.0 7184.0
1.0 8320.0
1.0 8000.0
1.0333 7776.0
1.0 7640.0
0.9667 8560.0
1.0333 6992.0
1.0 8240.0
1.0 8160.0
1.0 7312.0
2.0 7920.0
1.0 7856.0
0.9667 7264.0
1.0 8640.0
1.0333 7216.0
1.0 7704.0
1.0 8560.0
0.9667 7176.0
1.0 7888.0
1.0333 8720.0
1.0 6952.0
1.0 8240.0
1.0 7960.0
1.0 7840.0
1.0 7536.0
1.0 8240.0
1.0 7336.0
1.0 7920.0
1.0333 8080.0
0.9333 7832.0
1.0333 7704.0
1.0 8720.0
1.0 7304.0
1.0 7608.0
1.0 8480.0
1.0 6968.0
1.0 8080.0
1.0 7920.0
1.0 7744.0
1.0333 7712.0
1.0 8320.0
0.9667 7936.0
1.0 7136.0
1.0333 8720.0
1.0 7224.0
1.0 7728.0
1.0 8480.0
0.9667 7648.0
1.0 7704.0
1.0333 8320.0
1.0 7432.0
1.0 7704.0
1.0 9120.0
1.0 7336.0
1.0 7392.0
1.0333 7920.0
0.9667 7592.0
1.0 7968.0
1.0333 8560.0
0.9667 6864.0
1.0 7856.0
1.0 8320.0
1.0333 7224.0
1.0 7888.0
0.9333 8720.0
1.0 7312.0
1.0667 7856.0
1.0 8960.0
1.0 7376.0
1.0 7464.0
0.9667 8400.0
1.0 7000.0
1.0 8320.0
1.0 7904.0
1.0333 7960.0
1.0 7328.0
1.0 8480.0
1.0 7632.0
1.0 7672.0
0.9667 8400.0
1.0 7032.0
1.0333 7504.0
1.0 8880.0
1.0 7120.0
1.0 7920.0
1.0 8480.0
1.0 7304.0
1.0 7264.0
1.0333 8720.0
1.0 7304.0
0.9333 7352.0
1.0667 8720.0
0.9667 8320.0
1.0 7344.0
1.0 8240.0
0.9667 7016.0
1.0333 7304.0
1.0333 8560.0
1.0 7128.0
1.0 7800.0
1.0 9040.0
1.0 8880.0
0.9667 6856.0
1.0333 7952.0
1.0 7488.0
1.0333 7848.0
1.9667 8480.0
0.9667 6784.0
1.0333 8160.0
0.9667 6832.0
1.0333 7536.0
1.0 8720.0
1.0 7808.0
1.0 8160.0
1.0 8000.0
1.0 7744.0
1.0333 7624.0
0.9667 8720.0
1.0333 7432.0
0.9667 7528.0
1.0 8400.0
1.0 7336.0
1.0 7952.0
1.0 7920.0
1.0333 7728.0
0.7 7816.0
